2025-03-27 15:45:47,986 INFO models.serialization :: Extracting Dashboard 1 xBLdW9FsgRuB2HGhWiBa_
2025-03-27 15:45:48,298 INFO models.serialization :: Extracting Dashboard 11 DlK2jXoIHPXyVkEuo6Uy6
2025-03-27 15:45:48,604 INFO models.serialization :: Extracting Dashboard 12 eOytkPrbKeJQ4P5zN8dW4
2025-03-27 15:45:48,780 INFO models.serialization :: Extracting Card 1 _GiVL6zYmsnBb1oqLCp4u
2025-03-27 15:45:48,806 INFO models.serialization :: Extracting Card 2 jjO5LcBp8qNILJFiYZoVt
2025-03-27 15:45:48,816 INFO models.serialization :: Extracting Card 3 OJ-I03ZsQ7IBrzr29B_8o
2025-03-27 15:45:48,824 INFO models.serialization :: Extracting Card 4 WMub5k6vo0zGP24qXQFNu
2025-03-27 15:45:48,828 INFO models.serialization :: Extracting Card 5 Jxa0svP68DfXubV_wD3os
2025-03-27 15:45:48,856 INFO models.serialization :: Extracting Card 6 UUZZsw19IuPTqdhho99oc
2025-03-27 15:45:48,869 INFO models.serialization :: Extracting Card 7 RpKYsFwHfjcckbgj4oBKK
2025-03-27 15:45:48,874 INFO models.serialization :: Extracting Card 8 X8HNuB_i3j2uNFnsx3vQ0
2025-03-27 15:45:48,899 INFO models.serialization :: Extracting Card 9 skXR69-dlhJST5C7Rd9nR
2025-03-27 15:45:48,902 INFO models.serialization :: Extracting Card 10 km2d9-ZqHrlAM79yPh13G
2025-03-27 15:45:48,935 INFO models.serialization :: Extracting Card 11 9VE9Z6tAkyzO3GeQVXtin
2025-03-27 15:45:48,942 INFO models.serialization :: Extracting Card 12 VFCGVYPVtLzCtt4teeoW4
2025-03-27 15:45:48,949 INFO models.serialization :: Extracting Card 13 -6yAP_G1UZ7xZc4E65Tvy
2025-03-27 15:45:48,955 INFO models.serialization :: Extracting Card 14 C8V7Dszig-vuqn9TP0igc
2025-03-27 15:45:48,962 INFO models.serialization :: Extracting Card 15 D4o8cCTOY-SnxoYDRVWcO
2025-03-27 15:45:48,969 INFO models.serialization :: Extracting Card 16 qQ3JGGOxVC8mrOLwxpcR6
2025-03-27 15:45:48,978 INFO models.serialization :: Extracting Card 17 Ey2qt4I-wcg1E0846iUQS
2025-03-27 15:45:48,982 INFO models.serialization :: Extracting Card 18 byM0vLfOiM1zBI_t1MUcO
2025-03-27 15:45:49,006 INFO models.serialization :: Extracting Card 19 8EdazRgPwfxdiltp7NCjS
2025-03-27 15:45:49,010 INFO models.serialization :: Extracting Card 20 ShsD1PjGTlFIvzm5FM9qC
2025-03-27 15:45:49,042 INFO models.serialization :: Extracting Card 21 S-hEu1jZ2-822qvBQ1EiT
2025-03-27 15:45:49,046 INFO models.serialization :: Extracting Card 22 fKu0z-vEC1WwVv1Lu95jD
2025-03-27 15:45:49,052 INFO models.serialization :: Extracting Card 23 AXDOILGSNqoWoxV1NuvTt
2025-03-27 15:45:49,076 INFO models.serialization :: Extracting Card 24 kgAiQ87dLKJmTnOaTeVsc
2025-03-27 15:45:49,081 INFO models.serialization :: Extracting Card 25 ucI5e9_FdTQF-1i7RdtIX
2025-03-27 15:45:49,087 INFO models.serialization :: Extracting Card 26 fdkSuB8zWEbjEq_vWMaI-
2025-03-27 15:45:49,091 INFO models.serialization :: Extracting Card 27 A5pNCrrWtf2bVka2vXVLx
2025-03-27 15:45:49,095 INFO models.serialization :: Extracting Card 28 g7G9X1p0na--gwNCUL75j
2025-03-27 15:45:49,100 INFO models.serialization :: Extracting Card 29 HSVx57QxslVTGbo1_XS4G
2025-03-27 15:45:49,106 INFO models.serialization :: Extracting Card 30 leO-OHTwIMltfpcLLOJxj
2025-03-27 15:45:49,111 INFO models.serialization :: Extracting Card 31 dzFHc6awtpZCSn9-wscNQ
2025-03-27 15:45:49,115 INFO models.serialization :: Extracting Card 32 c5m4bxKyi7GEa1sML-wpu
2025-03-27 15:45:49,133 INFO models.serialization :: Extracting Card 33 T9OjH7_py-tNsyPb4O8yC
2025-03-27 15:45:49,136 INFO models.serialization :: Extracting Card 34 IEp2LZKY_aJMpchBacdjP
2025-03-27 15:45:49,140 INFO models.serialization :: Extracting Card 35 8MovkFBA00WFOq2v5BzfB
2025-03-27 15:45:49,144 INFO models.serialization :: Extracting Card 36 yBoV-iHmFUrY9xqB0v9Pg
2025-03-27 15:45:49,148 INFO models.serialization :: Extracting Card 37 BQAQ6YNiUIMfmAPLpSKQW
2025-03-27 15:45:49,152 INFO models.serialization :: Extracting Card 156 lY4hbjNofxepxQGRhJa0s
2025-03-27 15:45:49,157 INFO models.serialization :: Extracting Card 161 oShRjudlgUvJRezvGTQTD
2025-03-27 15:45:49,161 INFO models.serialization :: Extracting Card 162 hjNoawcRfsDrC32g7LSOE
2025-03-27 15:45:49,165 INFO models.serialization :: Extracting Card 163 rqxxsDv8zhSBXgJmVjyWa
2025-03-27 15:45:49,176 INFO models.serialization :: Extracting Card 164 qj0jT7SXwEUezz1wSjtaZ
2025-03-27 15:45:49,185 INFO models.serialization :: Extracting Card 165 nhFZBIIZA_KnK6RuLp36z
2025-03-27 15:45:49,188 INFO models.serialization :: Extracting Card 166 1aVGgD6-onGIPUeWCLiMA
2025-03-27 15:45:49,202 INFO models.serialization :: Extracting Card 167 f9RqS8HspKvcsGEH24_Af
2025-03-27 15:45:49,207 INFO models.serialization :: Extracting Card 168 BP4o72CSvPOTLe5Nk6twf
2025-03-27 15:45:49,210 INFO models.serialization :: Extracting Card 169 hBnes5i3LGSYZeoGIYwvm
2025-03-27 15:45:49,215 INFO models.serialization :: Extracting Card 170 t1rQijQdCIZoQI6bhwBEG
2025-03-27 15:45:49,220 INFO models.serialization :: Extracting Card 171 avC199ZiYvp1aIWdejfFf
2025-03-27 15:45:49,224 INFO models.serialization :: Extracting Card 172 evd6f3MoDUtTNsoXHwu0T
2025-03-27 15:45:49,228 INFO models.serialization :: Extracting Card 173 Bkb4GEr5dH2_LbDOKhObR
2025-03-27 15:45:49,233 INFO models.serialization :: Extracting Card 174 NdqehUq98ebQ4H_-1d9v3
2025-03-27 15:45:49,237 INFO models.serialization :: Extracting Card 175 d3KPtMfbe0IIK0MDrHTNn
2025-03-27 15:45:49,241 INFO models.serialization :: Extracting Card 176 -mfPjg0QOoIKbqJS0SYne
2025-03-27 15:45:49,246 INFO models.serialization :: Extracting Card 177 P-shWkp5lozD2nuo5xusW
2025-03-27 15:45:49,250 INFO models.serialization :: Extracting Card 178 wd1PEi_Z217Gr-ceeZSNj
2025-03-27 15:45:49,254 INFO models.serialization :: Extracting Card 179 cO53DQ6k0DueW5Aglwp7Y
2025-03-27 15:45:49,258 INFO models.serialization :: Extracting Card 180 OouzOUPGIjf6zXJsSDe0f
2025-03-27 15:45:49,263 INFO models.serialization :: Extracting Card 181 DDT6zuq6O7bsnw1UEWtQQ
2025-03-27 15:45:49,267 INFO models.serialization :: Extracting Card 182 -BcEE22ptXyDOgUNRqyct
2025-03-27 15:45:49,271 INFO models.serialization :: Extracting Card 183 dsZMohGmK4P7eQRBdLFmb
2025-03-27 15:45:49,274 INFO models.serialization :: Extracting Card 184 fPYpb3KcV2TJZLRw-L841
2025-03-27 15:45:49,278 INFO models.serialization :: Extracting Card 185 KMq74J_Gh78vIimczx0LH
2025-03-27 15:45:49,282 INFO models.serialization :: Extracting Card 157 QEYx_MJGL2QfUVw4FHKom
2025-03-27 15:45:49,290 INFO models.serialization :: Extracting Card 158 1oOS0j-YDFAKdKpAI54U1
2025-03-27 15:45:49,296 INFO models.serialization :: Extracting Card 159 zdqbhcaieh1vn77knB85X
2025-03-27 15:45:49,299 INFO models.serialization :: Extracting Card 160 qYZmcKKFIOgWIC5ZBSdPV
2025-03-27 15:45:49,313 INFO models.serialization :: Extracting Card 186 7AF9sAISQbcm6zGpI7715
2025-03-27 15:45:49,323 INFO models.serialization :: Extracting Card 187 3DBFwapkntRZUyxxG_Gda
2025-03-27 15:45:49,328 INFO models.serialization :: Extracting Card 188 YYBS29loMwQwt7rSfbhtD
2025-03-27 15:45:49,333 INFO models.serialization :: Extracting Card 189 j-GruBVLLifkj3CTTjc24
2025-03-27 15:45:49,337 INFO models.serialization :: Extracting Card 190 cYjeBKceYu-GatKtQoLjw
2025-03-27 15:45:49,343 INFO models.serialization :: Extracting Card 191 eRcERn2tkbvTQDGvQbah2
2025-03-27 15:45:49,347 INFO models.serialization :: Extracting Card 192 8KojkFekI7MgGUoC_YVNT
2025-03-27 15:45:49,352 INFO models.serialization :: Extracting Card 193 I1vnPW8qcap-kt0MS9BRI
2025-03-27 15:45:49,356 INFO models.serialization :: Extracting Card 194 MZnrZb2Awy_NZ-cfdl4KI
2025-03-27 15:45:49,362 INFO models.serialization :: Extracting Card 195 pAbQlxzrz81lWMZhTI2yx
2025-03-27 15:45:49,370 INFO models.serialization :: Extracting Card 196 YsSba5spLpNinWBO8FU4v
2025-03-27 15:45:49,375 INFO models.serialization :: Extracting Card 197 jwY5i2xgVWtIfVwMmryJB
2025-03-27 15:45:49,384 INFO models.serialization :: Extracting NativeQuerySnippet 2 5w5_JWozQqewpqsyWL-H1
2025-03-27 15:45:49,388 INFO models.serialization :: Extracting Collection 2 HyB3nRtqb7pBPhFG26evI
2025-03-27 15:45:49,389 INFO models.serialization :: Extracting Collection 3 54O0IbgCzm290Nnxf1wRH
2025-03-27 15:45:49,389 INFO models.serialization :: Extracting Collection 7 rQ-sPivED6cgIo8oB6YRq
2025-03-27 15:45:49,389 INFO models.serialization :: Extracting Collection 8 uw5zZx8BdSWhEqw2SaaSP
2025-03-27 15:45:49,391 INFO models.serialization :: Extracting Collection 9 eUVIXSp_J3PFL5-hY4FrX
2025-03-27 15:45:49,392 INFO models.serialization :: Extracting Collection 17 53YGAg4EE6MC76nxx-f5f
2025-03-27 15:45:49,392 INFO models.serialization :: Extracting Collection 18 GLRl7Ny7CKz1Ic-HGaBMT
2025-03-27 15:45:49,392 INFO models.serialization :: Extracting Collection 19 L93SUJ6YnPirW1irQLPTE
2025-03-27 15:45:49,393 INFO v2.storage :: Storing Dashboard xBLdW9FsgRuB2HGhWiBa_
2025-03-27 15:45:49,403 INFO v2.storage :: Storing Dashboard DlK2jXoIHPXyVkEuo6Uy6
2025-03-27 15:45:49,417 INFO v2.storage :: Storing Dashboard eOytkPrbKeJQ4P5zN8dW4
2025-03-27 15:45:49,424 INFO v2.storage :: Storing Card _GiVL6zYmsnBb1oqLCp4u
2025-03-27 15:45:49,426 INFO v2.storage :: Storing Card jjO5LcBp8qNILJFiYZoVt
2025-03-27 15:45:49,428 INFO v2.storage :: Storing Card OJ-I03ZsQ7IBrzr29B_8o
2025-03-27 15:45:49,430 INFO v2.storage :: Storing Card WMub5k6vo0zGP24qXQFNu
2025-03-27 15:45:49,431 INFO v2.storage :: Storing Card Jxa0svP68DfXubV_wD3os
2025-03-27 15:45:49,433 INFO v2.storage :: Storing Card UUZZsw19IuPTqdhho99oc
2025-03-27 15:45:49,434 INFO v2.storage :: Storing Card RpKYsFwHfjcckbgj4oBKK
2025-03-27 15:45:49,436 INFO v2.storage :: Storing Card X8HNuB_i3j2uNFnsx3vQ0
2025-03-27 15:45:49,439 INFO v2.storage :: Storing Card skXR69-dlhJST5C7Rd9nR
2025-03-27 15:45:49,440 INFO v2.storage :: Storing Card km2d9-ZqHrlAM79yPh13G
2025-03-27 15:45:49,441 INFO v2.storage :: Storing Card 9VE9Z6tAkyzO3GeQVXtin
2025-03-27 15:45:49,442 INFO v2.storage :: Storing Card VFCGVYPVtLzCtt4teeoW4
2025-03-27 15:45:49,444 INFO v2.storage :: Storing Card -6yAP_G1UZ7xZc4E65Tvy
2025-03-27 15:45:49,445 INFO v2.storage :: Storing Card C8V7Dszig-vuqn9TP0igc
2025-03-27 15:45:49,446 INFO v2.storage :: Storing Card D4o8cCTOY-SnxoYDRVWcO
2025-03-27 15:45:49,447 INFO v2.storage :: Storing Card qQ3JGGOxVC8mrOLwxpcR6
2025-03-27 15:45:49,449 INFO v2.storage :: Storing Card Ey2qt4I-wcg1E0846iUQS
2025-03-27 15:45:49,449 INFO v2.storage :: Storing Card byM0vLfOiM1zBI_t1MUcO
2025-03-27 15:45:49,450 INFO v2.storage :: Storing Card 8EdazRgPwfxdiltp7NCjS
2025-03-27 15:45:49,451 INFO v2.storage :: Storing Card ShsD1PjGTlFIvzm5FM9qC
2025-03-27 15:45:49,452 INFO v2.storage :: Storing Card S-hEu1jZ2-822qvBQ1EiT
2025-03-27 15:45:49,454 INFO v2.storage :: Storing Card fKu0z-vEC1WwVv1Lu95jD
2025-03-27 15:45:49,455 INFO v2.storage :: Storing Card AXDOILGSNqoWoxV1NuvTt
2025-03-27 15:45:49,457 INFO v2.storage :: Storing Card kgAiQ87dLKJmTnOaTeVsc
2025-03-27 15:45:49,458 INFO v2.storage :: Storing Card ucI5e9_FdTQF-1i7RdtIX
2025-03-27 15:45:49,460 INFO v2.storage :: Storing Card fdkSuB8zWEbjEq_vWMaI-
2025-03-27 15:45:49,461 INFO v2.storage :: Storing Card A5pNCrrWtf2bVka2vXVLx
2025-03-27 15:45:49,462 INFO v2.storage :: Storing Card g7G9X1p0na--gwNCUL75j
2025-03-27 15:45:49,463 INFO v2.storage :: Storing Card HSVx57QxslVTGbo1_XS4G
2025-03-27 15:45:49,464 INFO v2.storage :: Storing Card leO-OHTwIMltfpcLLOJxj
2025-03-27 15:45:49,465 INFO v2.storage :: Storing Card dzFHc6awtpZCSn9-wscNQ
2025-03-27 15:45:49,466 INFO v2.storage :: Storing Card c5m4bxKyi7GEa1sML-wpu
2025-03-27 15:45:49,468 INFO v2.storage :: Storing Card T9OjH7_py-tNsyPb4O8yC
2025-03-27 15:45:49,469 INFO v2.storage :: Storing Card IEp2LZKY_aJMpchBacdjP
2025-03-27 15:45:49,470 INFO v2.storage :: Storing Card 8MovkFBA00WFOq2v5BzfB
2025-03-27 15:45:49,471 INFO v2.storage :: Storing Card yBoV-iHmFUrY9xqB0v9Pg
2025-03-27 15:45:49,472 INFO v2.storage :: Storing Card BQAQ6YNiUIMfmAPLpSKQW
2025-03-27 15:45:49,473 INFO v2.storage :: Storing Card lY4hbjNofxepxQGRhJa0s
2025-03-27 15:45:49,475 INFO v2.storage :: Storing Card oShRjudlgUvJRezvGTQTD
2025-03-27 15:45:49,476 INFO v2.storage :: Storing Card hjNoawcRfsDrC32g7LSOE
2025-03-27 15:45:49,478 INFO v2.storage :: Storing Card rqxxsDv8zhSBXgJmVjyWa
2025-03-27 15:45:49,479 INFO v2.storage :: Storing Card qj0jT7SXwEUezz1wSjtaZ
2025-03-27 15:45:49,480 INFO v2.storage :: Storing Card nhFZBIIZA_KnK6RuLp36z
2025-03-27 15:45:49,481 INFO v2.storage :: Storing Card 1aVGgD6-onGIPUeWCLiMA
2025-03-27 15:45:49,482 INFO v2.storage :: Storing Card f9RqS8HspKvcsGEH24_Af
2025-03-27 15:45:49,483 INFO v2.storage :: Storing Card BP4o72CSvPOTLe5Nk6twf
2025-03-27 15:45:49,484 INFO v2.storage :: Storing Card hBnes5i3LGSYZeoGIYwvm
2025-03-27 15:45:49,485 INFO v2.storage :: Storing Card t1rQijQdCIZoQI6bhwBEG
2025-03-27 15:45:49,486 INFO v2.storage :: Storing Card avC199ZiYvp1aIWdejfFf
2025-03-27 15:45:49,488 INFO v2.storage :: Storing Card evd6f3MoDUtTNsoXHwu0T
2025-03-27 15:45:49,489 INFO v2.storage :: Storing Card Bkb4GEr5dH2_LbDOKhObR
2025-03-27 15:45:49,490 INFO v2.storage :: Storing Card NdqehUq98ebQ4H_-1d9v3
2025-03-27 15:45:49,491 INFO v2.storage :: Storing Card d3KPtMfbe0IIK0MDrHTNn
2025-03-27 15:45:49,492 INFO v2.storage :: Storing Card -mfPjg0QOoIKbqJS0SYne
2025-03-27 15:45:49,493 INFO v2.storage :: Storing Card P-shWkp5lozD2nuo5xusW
2025-03-27 15:45:49,494 INFO v2.storage :: Storing Card wd1PEi_Z217Gr-ceeZSNj
2025-03-27 15:45:49,495 INFO v2.storage :: Storing Card cO53DQ6k0DueW5Aglwp7Y
2025-03-27 15:45:49,497 INFO v2.storage :: Storing Card OouzOUPGIjf6zXJsSDe0f
2025-03-27 15:45:49,498 INFO v2.storage :: Storing Card DDT6zuq6O7bsnw1UEWtQQ
2025-03-27 15:45:49,499 INFO v2.storage :: Storing Card -BcEE22ptXyDOgUNRqyct
2025-03-27 15:45:49,499 INFO v2.storage :: Storing Card dsZMohGmK4P7eQRBdLFmb
2025-03-27 15:45:49,501 INFO v2.storage :: Storing Card fPYpb3KcV2TJZLRw-L841
2025-03-27 15:45:49,502 INFO v2.storage :: Storing Card KMq74J_Gh78vIimczx0LH
2025-03-27 15:45:49,502 INFO v2.storage :: Storing Card QEYx_MJGL2QfUVw4FHKom
2025-03-27 15:45:49,503 INFO v2.storage :: Storing Card 1oOS0j-YDFAKdKpAI54U1
2025-03-27 15:45:49,504 INFO v2.storage :: Storing Card zdqbhcaieh1vn77knB85X
2025-03-27 15:45:49,505 INFO v2.storage :: Storing Card qYZmcKKFIOgWIC5ZBSdPV
2025-03-27 15:45:49,506 INFO v2.storage :: Storing Card 7AF9sAISQbcm6zGpI7715
2025-03-27 15:45:49,508 INFO v2.storage :: Storing Card 3DBFwapkntRZUyxxG_Gda
2025-03-27 15:45:49,510 INFO v2.storage :: Storing Card YYBS29loMwQwt7rSfbhtD
2025-03-27 15:45:49,513 INFO v2.storage :: Storing Card j-GruBVLLifkj3CTTjc24
2025-03-27 15:45:49,514 INFO v2.storage :: Storing Card cYjeBKceYu-GatKtQoLjw
2025-03-27 15:45:49,516 INFO v2.storage :: Storing Card eRcERn2tkbvTQDGvQbah2
2025-03-27 15:45:49,518 INFO v2.storage :: Storing Card 8KojkFekI7MgGUoC_YVNT
2025-03-27 15:45:49,520 INFO v2.storage :: Storing Card I1vnPW8qcap-kt0MS9BRI
2025-03-27 15:45:49,521 INFO v2.storage :: Storing Card MZnrZb2Awy_NZ-cfdl4KI
2025-03-27 15:45:49,523 INFO v2.storage :: Storing Card pAbQlxzrz81lWMZhTI2yx
2025-03-27 15:45:49,525 INFO v2.storage :: Storing Card YsSba5spLpNinWBO8FU4v
2025-03-27 15:45:49,526 INFO v2.storage :: Storing Card jwY5i2xgVWtIfVwMmryJB
2025-03-27 15:45:49,528 INFO v2.storage :: Storing NativeQuerySnippet 5w5_JWozQqewpqsyWL-H1
2025-03-27 15:45:49,529 INFO v2.storage :: Storing Collection HyB3nRtqb7pBPhFG26evI
2025-03-27 15:45:49,530 INFO v2.storage :: Storing Collection 54O0IbgCzm290Nnxf1wRH
2025-03-27 15:45:49,530 INFO v2.storage :: Storing Collection rQ-sPivED6cgIo8oB6YRq
2025-03-27 15:45:49,531 INFO v2.storage :: Storing Collection uw5zZx8BdSWhEqw2SaaSP
2025-03-27 15:45:49,531 INFO v2.storage :: Storing Collection eUVIXSp_J3PFL5-hY4FrX
2025-03-27 15:45:49,532 INFO v2.storage :: Storing Collection 53YGAg4EE6MC76nxx-f5f
2025-03-27 15:45:49,532 INFO v2.storage :: Storing Collection GLRl7Ny7CKz1Ic-HGaBMT
2025-03-27 15:45:49,533 INFO v2.storage :: Storing Collection L93SUJ6YnPirW1irQLPTE
