2025-03-27 13:43:10,414 INFO models.serialization :: Extracting Dashboard 1 xBLdW9FsgRuB2HGhWiBa_
2025-03-27 13:43:10,715 INFO models.serialization :: Extracting Dashboard 11 DlK2jXoIHPXyVkEuo6Uy6
2025-03-27 13:43:11,102 INFO models.serialization :: Extracting Dashboard 12 eOytkPrbKeJQ4P5zN8dW4
2025-03-27 13:43:11,348 INFO models.serialization :: Extracting Card 1 _GiVL6zYmsnBb1oqLCp4u
2025-03-27 13:43:11,383 INFO models.serialization :: Extracting Card 2 jjO5LcBp8qNILJFiYZoVt
2025-03-27 13:43:11,395 INFO models.serialization :: Extracting Card 3 OJ-I03ZsQ7IBrzr29B_8o
2025-03-27 13:43:11,404 INFO models.serialization :: Extracting Card 4 WMub5k6vo0zGP24qXQFNu
2025-03-27 13:43:11,409 INFO models.serialization :: Extracting Card 5 Jxa0svP68DfXubV_wD3os
2025-03-27 13:43:11,434 INFO models.serialization :: Extracting Card 6 UUZZsw19IuPTqdhho99oc
2025-03-27 13:43:11,445 INFO models.serialization :: Extracting Card 7 RpKYsFwHfjcckbgj4oBKK
2025-03-27 13:43:11,450 INFO models.serialization :: Extracting Card 8 X8HNuB_i3j2uNFnsx3vQ0
2025-03-27 13:43:11,473 INFO models.serialization :: Extracting Card 9 skXR69-dlhJST5C7Rd9nR
2025-03-27 13:43:11,478 INFO models.serialization :: Extracting Card 10 km2d9-ZqHrlAM79yPh13G
2025-03-27 13:43:11,500 INFO models.serialization :: Extracting Card 11 9VE9Z6tAkyzO3GeQVXtin
2025-03-27 13:43:11,507 INFO models.serialization :: Extracting Card 12 VFCGVYPVtLzCtt4teeoW4
2025-03-27 13:43:11,513 INFO models.serialization :: Extracting Card 13 -6yAP_G1UZ7xZc4E65Tvy
2025-03-27 13:43:11,518 INFO models.serialization :: Extracting Card 14 C8V7Dszig-vuqn9TP0igc
2025-03-27 13:43:11,525 INFO models.serialization :: Extracting Card 15 D4o8cCTOY-SnxoYDRVWcO
2025-03-27 13:43:11,530 INFO models.serialization :: Extracting Card 16 qQ3JGGOxVC8mrOLwxpcR6
2025-03-27 13:43:11,537 INFO models.serialization :: Extracting Card 17 Ey2qt4I-wcg1E0846iUQS
2025-03-27 13:43:11,542 INFO models.serialization :: Extracting Card 18 byM0vLfOiM1zBI_t1MUcO
2025-03-27 13:43:11,561 INFO models.serialization :: Extracting Card 19 8EdazRgPwfxdiltp7NCjS
2025-03-27 13:43:11,565 INFO models.serialization :: Extracting Card 20 ShsD1PjGTlFIvzm5FM9qC
2025-03-27 13:43:11,590 INFO models.serialization :: Extracting Card 21 S-hEu1jZ2-822qvBQ1EiT
2025-03-27 13:43:11,594 INFO models.serialization :: Extracting Card 22 fKu0z-vEC1WwVv1Lu95jD
2025-03-27 13:43:11,598 INFO models.serialization :: Extracting Card 23 AXDOILGSNqoWoxV1NuvTt
2025-03-27 13:43:11,616 INFO models.serialization :: Extracting Card 24 kgAiQ87dLKJmTnOaTeVsc
2025-03-27 13:43:11,621 INFO models.serialization :: Extracting Card 25 ucI5e9_FdTQF-1i7RdtIX
2025-03-27 13:43:11,626 INFO models.serialization :: Extracting Card 26 fdkSuB8zWEbjEq_vWMaI-
2025-03-27 13:43:11,632 INFO models.serialization :: Extracting Card 27 A5pNCrrWtf2bVka2vXVLx
2025-03-27 13:43:11,636 INFO models.serialization :: Extracting Card 28 g7G9X1p0na--gwNCUL75j
2025-03-27 13:43:11,640 INFO models.serialization :: Extracting Card 29 HSVx57QxslVTGbo1_XS4G
2025-03-27 13:43:11,644 INFO models.serialization :: Extracting Card 30 leO-OHTwIMltfpcLLOJxj
2025-03-27 13:43:11,648 INFO models.serialization :: Extracting Card 31 dzFHc6awtpZCSn9-wscNQ
2025-03-27 13:43:11,652 INFO models.serialization :: Extracting Card 32 c5m4bxKyi7GEa1sML-wpu
2025-03-27 13:43:11,675 INFO models.serialization :: Extracting Card 33 T9OjH7_py-tNsyPb4O8yC
2025-03-27 13:43:11,680 INFO models.serialization :: Extracting Card 34 IEp2LZKY_aJMpchBacdjP
2025-03-27 13:43:11,684 INFO models.serialization :: Extracting Card 35 8MovkFBA00WFOq2v5BzfB
2025-03-27 13:43:11,688 INFO models.serialization :: Extracting Card 36 yBoV-iHmFUrY9xqB0v9Pg
2025-03-27 13:43:11,692 INFO models.serialization :: Extracting Card 37 BQAQ6YNiUIMfmAPLpSKQW
2025-03-27 13:43:11,696 INFO models.serialization :: Extracting Card 156 lY4hbjNofxepxQGRhJa0s
2025-03-27 13:43:11,702 INFO models.serialization :: Extracting Card 161 oShRjudlgUvJRezvGTQTD
2025-03-27 13:43:11,706 INFO models.serialization :: Extracting Card 162 hjNoawcRfsDrC32g7LSOE
2025-03-27 13:43:11,710 INFO models.serialization :: Extracting Card 163 rqxxsDv8zhSBXgJmVjyWa
2025-03-27 13:43:11,720 INFO models.serialization :: Extracting Card 164 qj0jT7SXwEUezz1wSjtaZ
2025-03-27 13:43:11,729 INFO models.serialization :: Extracting Card 165 nhFZBIIZA_KnK6RuLp36z
2025-03-27 13:43:11,733 INFO models.serialization :: Extracting Card 166 1aVGgD6-onGIPUeWCLiMA
2025-03-27 13:43:11,737 INFO models.serialization :: Extracting Card 167 f9RqS8HspKvcsGEH24_Af
2025-03-27 13:43:11,741 INFO models.serialization :: Extracting Card 168 BP4o72CSvPOTLe5Nk6twf
2025-03-27 13:43:11,745 INFO models.serialization :: Extracting Card 169 hBnes5i3LGSYZeoGIYwvm
2025-03-27 13:43:11,749 INFO models.serialization :: Extracting Card 170 t1rQijQdCIZoQI6bhwBEG
2025-03-27 13:43:11,754 INFO models.serialization :: Extracting Card 171 avC199ZiYvp1aIWdejfFf
2025-03-27 13:43:11,759 INFO models.serialization :: Extracting Card 172 evd6f3MoDUtTNsoXHwu0T
2025-03-27 13:43:11,762 INFO models.serialization :: Extracting Card 173 Bkb4GEr5dH2_LbDOKhObR
2025-03-27 13:43:11,766 INFO models.serialization :: Extracting Card 174 NdqehUq98ebQ4H_-1d9v3
2025-03-27 13:43:11,770 INFO models.serialization :: Extracting Card 175 d3KPtMfbe0IIK0MDrHTNn
2025-03-27 13:43:11,774 INFO models.serialization :: Extracting Card 176 -mfPjg0QOoIKbqJS0SYne
2025-03-27 13:43:11,779 INFO models.serialization :: Extracting Card 177 P-shWkp5lozD2nuo5xusW
2025-03-27 13:43:11,783 INFO models.serialization :: Extracting Card 178 wd1PEi_Z217Gr-ceeZSNj
2025-03-27 13:43:11,788 INFO models.serialization :: Extracting Card 179 cO53DQ6k0DueW5Aglwp7Y
2025-03-27 13:43:11,792 INFO models.serialization :: Extracting Card 180 OouzOUPGIjf6zXJsSDe0f
2025-03-27 13:43:11,796 INFO models.serialization :: Extracting Card 181 DDT6zuq6O7bsnw1UEWtQQ
2025-03-27 13:43:11,800 INFO models.serialization :: Extracting Card 182 -BcEE22ptXyDOgUNRqyct
2025-03-27 13:43:11,804 INFO models.serialization :: Extracting Card 183 dsZMohGmK4P7eQRBdLFmb
2025-03-27 13:43:11,808 INFO models.serialization :: Extracting Card 184 fPYpb3KcV2TJZLRw-L841
2025-03-27 13:43:11,812 INFO models.serialization :: Extracting Card 185 KMq74J_Gh78vIimczx0LH
2025-03-27 13:43:11,821 INFO models.serialization :: Extracting Card 157 QEYx_MJGL2QfUVw4FHKom
2025-03-27 13:43:11,828 INFO models.serialization :: Extracting Card 158 1oOS0j-YDFAKdKpAI54U1
2025-03-27 13:43:11,832 INFO models.serialization :: Extracting Card 159 zdqbhcaieh1vn77knB85X
2025-03-27 13:43:11,835 INFO models.serialization :: Extracting Card 160 qYZmcKKFIOgWIC5ZBSdPV
2025-03-27 13:43:11,850 INFO models.serialization :: Extracting Card 186 7AF9sAISQbcm6zGpI7715
2025-03-27 13:43:11,859 INFO models.serialization :: Extracting Card 187 3DBFwapkntRZUyxxG_Gda
2025-03-27 13:43:11,864 INFO models.serialization :: Extracting Card 188 YYBS29loMwQwt7rSfbhtD
2025-03-27 13:43:11,868 INFO models.serialization :: Extracting Card 189 j-GruBVLLifkj3CTTjc24
2025-03-27 13:43:11,872 INFO models.serialization :: Extracting Card 190 cYjeBKceYu-GatKtQoLjw
2025-03-27 13:43:11,878 INFO models.serialization :: Extracting Card 191 eRcERn2tkbvTQDGvQbah2
2025-03-27 13:43:11,883 INFO models.serialization :: Extracting Card 192 8KojkFekI7MgGUoC_YVNT
2025-03-27 13:43:11,887 INFO models.serialization :: Extracting Card 193 I1vnPW8qcap-kt0MS9BRI
2025-03-27 13:43:11,892 INFO models.serialization :: Extracting Card 194 MZnrZb2Awy_NZ-cfdl4KI
2025-03-27 13:43:11,899 INFO models.serialization :: Extracting Card 195 pAbQlxzrz81lWMZhTI2yx
2025-03-27 13:43:11,907 INFO models.serialization :: Extracting Card 196 YsSba5spLpNinWBO8FU4v
2025-03-27 13:43:11,913 INFO models.serialization :: Extracting Card 197 jwY5i2xgVWtIfVwMmryJB
2025-03-27 13:43:11,922 INFO models.serialization :: Extracting NativeQuerySnippet 2 5w5_JWozQqewpqsyWL-H1
2025-03-27 13:43:11,926 INFO models.serialization :: Extracting Collection 2 HyB3nRtqb7pBPhFG26evI
2025-03-27 13:43:11,927 INFO models.serialization :: Extracting Collection 3 54O0IbgCzm290Nnxf1wRH
2025-03-27 13:43:11,927 INFO models.serialization :: Extracting Collection 7 rQ-sPivED6cgIo8oB6YRq
2025-03-27 13:43:11,927 INFO models.serialization :: Extracting Collection 8 uw5zZx8BdSWhEqw2SaaSP
2025-03-27 13:43:11,930 INFO models.serialization :: Extracting Collection 9 eUVIXSp_J3PFL5-hY4FrX
2025-03-27 13:43:11,930 INFO models.serialization :: Extracting Collection 17 53YGAg4EE6MC76nxx-f5f
2025-03-27 13:43:11,930 INFO models.serialization :: Extracting Collection 18 GLRl7Ny7CKz1Ic-HGaBMT
2025-03-27 13:43:11,930 INFO models.serialization :: Extracting Collection 19 L93SUJ6YnPirW1irQLPTE
2025-03-27 13:43:11,931 INFO v2.storage :: Storing Dashboard xBLdW9FsgRuB2HGhWiBa_
2025-03-27 13:43:11,942 INFO v2.storage :: Storing Dashboard DlK2jXoIHPXyVkEuo6Uy6
2025-03-27 13:43:11,957 INFO v2.storage :: Storing Dashboard eOytkPrbKeJQ4P5zN8dW4
2025-03-27 13:43:11,964 INFO v2.storage :: Storing Card _GiVL6zYmsnBb1oqLCp4u
2025-03-27 13:43:11,966 INFO v2.storage :: Storing Card jjO5LcBp8qNILJFiYZoVt
2025-03-27 13:43:11,968 INFO v2.storage :: Storing Card OJ-I03ZsQ7IBrzr29B_8o
2025-03-27 13:43:11,969 INFO v2.storage :: Storing Card WMub5k6vo0zGP24qXQFNu
2025-03-27 13:43:11,971 INFO v2.storage :: Storing Card Jxa0svP68DfXubV_wD3os
2025-03-27 13:43:11,973 INFO v2.storage :: Storing Card UUZZsw19IuPTqdhho99oc
2025-03-27 13:43:11,974 INFO v2.storage :: Storing Card RpKYsFwHfjcckbgj4oBKK
2025-03-27 13:43:11,976 INFO v2.storage :: Storing Card X8HNuB_i3j2uNFnsx3vQ0
2025-03-27 13:43:11,977 INFO v2.storage :: Storing Card skXR69-dlhJST5C7Rd9nR
2025-03-27 13:43:11,979 INFO v2.storage :: Storing Card km2d9-ZqHrlAM79yPh13G
2025-03-27 13:43:11,980 INFO v2.storage :: Storing Card 9VE9Z6tAkyzO3GeQVXtin
2025-03-27 13:43:11,981 INFO v2.storage :: Storing Card VFCGVYPVtLzCtt4teeoW4
2025-03-27 13:43:11,982 INFO v2.storage :: Storing Card -6yAP_G1UZ7xZc4E65Tvy
2025-03-27 13:43:11,984 INFO v2.storage :: Storing Card C8V7Dszig-vuqn9TP0igc
2025-03-27 13:43:11,985 INFO v2.storage :: Storing Card D4o8cCTOY-SnxoYDRVWcO
2025-03-27 13:43:11,986 INFO v2.storage :: Storing Card qQ3JGGOxVC8mrOLwxpcR6
2025-03-27 13:43:11,988 INFO v2.storage :: Storing Card Ey2qt4I-wcg1E0846iUQS
2025-03-27 13:43:11,988 INFO v2.storage :: Storing Card byM0vLfOiM1zBI_t1MUcO
2025-03-27 13:43:11,989 INFO v2.storage :: Storing Card 8EdazRgPwfxdiltp7NCjS
2025-03-27 13:43:11,990 INFO v2.storage :: Storing Card ShsD1PjGTlFIvzm5FM9qC
2025-03-27 13:43:11,992 INFO v2.storage :: Storing Card S-hEu1jZ2-822qvBQ1EiT
2025-03-27 13:43:11,993 INFO v2.storage :: Storing Card fKu0z-vEC1WwVv1Lu95jD
2025-03-27 13:43:11,994 INFO v2.storage :: Storing Card AXDOILGSNqoWoxV1NuvTt
2025-03-27 13:43:11,996 INFO v2.storage :: Storing Card kgAiQ87dLKJmTnOaTeVsc
2025-03-27 13:43:11,997 INFO v2.storage :: Storing Card ucI5e9_FdTQF-1i7RdtIX
2025-03-27 13:43:12,000 INFO v2.storage :: Storing Card fdkSuB8zWEbjEq_vWMaI-
2025-03-27 13:43:12,001 INFO v2.storage :: Storing Card A5pNCrrWtf2bVka2vXVLx
2025-03-27 13:43:12,002 INFO v2.storage :: Storing Card g7G9X1p0na--gwNCUL75j
2025-03-27 13:43:12,003 INFO v2.storage :: Storing Card HSVx57QxslVTGbo1_XS4G
2025-03-27 13:43:12,004 INFO v2.storage :: Storing Card leO-OHTwIMltfpcLLOJxj
2025-03-27 13:43:12,005 INFO v2.storage :: Storing Card dzFHc6awtpZCSn9-wscNQ
2025-03-27 13:43:12,006 INFO v2.storage :: Storing Card c5m4bxKyi7GEa1sML-wpu
2025-03-27 13:43:12,008 INFO v2.storage :: Storing Card T9OjH7_py-tNsyPb4O8yC
2025-03-27 13:43:12,009 INFO v2.storage :: Storing Card IEp2LZKY_aJMpchBacdjP
2025-03-27 13:43:12,010 INFO v2.storage :: Storing Card 8MovkFBA00WFOq2v5BzfB
2025-03-27 13:43:12,012 INFO v2.storage :: Storing Card yBoV-iHmFUrY9xqB0v9Pg
2025-03-27 13:43:12,013 INFO v2.storage :: Storing Card BQAQ6YNiUIMfmAPLpSKQW
2025-03-27 13:43:12,014 INFO v2.storage :: Storing Card lY4hbjNofxepxQGRhJa0s
2025-03-27 13:43:12,017 INFO v2.storage :: Storing Card oShRjudlgUvJRezvGTQTD
2025-03-27 13:43:12,018 INFO v2.storage :: Storing Card hjNoawcRfsDrC32g7LSOE
2025-03-27 13:43:12,020 INFO v2.storage :: Storing Card rqxxsDv8zhSBXgJmVjyWa
2025-03-27 13:43:12,021 INFO v2.storage :: Storing Card qj0jT7SXwEUezz1wSjtaZ
2025-03-27 13:43:12,022 INFO v2.storage :: Storing Card nhFZBIIZA_KnK6RuLp36z
2025-03-27 13:43:12,023 INFO v2.storage :: Storing Card 1aVGgD6-onGIPUeWCLiMA
2025-03-27 13:43:12,025 INFO v2.storage :: Storing Card f9RqS8HspKvcsGEH24_Af
2025-03-27 13:43:12,026 INFO v2.storage :: Storing Card BP4o72CSvPOTLe5Nk6twf
2025-03-27 13:43:12,027 INFO v2.storage :: Storing Card hBnes5i3LGSYZeoGIYwvm
2025-03-27 13:43:12,029 INFO v2.storage :: Storing Card t1rQijQdCIZoQI6bhwBEG
2025-03-27 13:43:12,030 INFO v2.storage :: Storing Card avC199ZiYvp1aIWdejfFf
2025-03-27 13:43:12,032 INFO v2.storage :: Storing Card evd6f3MoDUtTNsoXHwu0T
2025-03-27 13:43:12,033 INFO v2.storage :: Storing Card Bkb4GEr5dH2_LbDOKhObR
2025-03-27 13:43:12,034 INFO v2.storage :: Storing Card NdqehUq98ebQ4H_-1d9v3
2025-03-27 13:43:12,036 INFO v2.storage :: Storing Card d3KPtMfbe0IIK0MDrHTNn
2025-03-27 13:43:12,037 INFO v2.storage :: Storing Card -mfPjg0QOoIKbqJS0SYne
2025-03-27 13:43:12,038 INFO v2.storage :: Storing Card P-shWkp5lozD2nuo5xusW
2025-03-27 13:43:12,039 INFO v2.storage :: Storing Card wd1PEi_Z217Gr-ceeZSNj
2025-03-27 13:43:12,040 INFO v2.storage :: Storing Card cO53DQ6k0DueW5Aglwp7Y
2025-03-27 13:43:12,042 INFO v2.storage :: Storing Card OouzOUPGIjf6zXJsSDe0f
2025-03-27 13:43:12,043 INFO v2.storage :: Storing Card DDT6zuq6O7bsnw1UEWtQQ
2025-03-27 13:43:12,044 INFO v2.storage :: Storing Card -BcEE22ptXyDOgUNRqyct
2025-03-27 13:43:12,045 INFO v2.storage :: Storing Card dsZMohGmK4P7eQRBdLFmb
2025-03-27 13:43:12,046 INFO v2.storage :: Storing Card fPYpb3KcV2TJZLRw-L841
2025-03-27 13:43:12,048 INFO v2.storage :: Storing Card KMq74J_Gh78vIimczx0LH
2025-03-27 13:43:12,049 INFO v2.storage :: Storing Card QEYx_MJGL2QfUVw4FHKom
2025-03-27 13:43:12,050 INFO v2.storage :: Storing Card 1oOS0j-YDFAKdKpAI54U1
2025-03-27 13:43:12,050 INFO v2.storage :: Storing Card zdqbhcaieh1vn77knB85X
2025-03-27 13:43:12,052 INFO v2.storage :: Storing Card qYZmcKKFIOgWIC5ZBSdPV
2025-03-27 13:43:12,055 INFO v2.storage :: Storing Card 7AF9sAISQbcm6zGpI7715
2025-03-27 13:43:12,058 INFO v2.storage :: Storing Card 3DBFwapkntRZUyxxG_Gda
2025-03-27 13:43:12,062 INFO v2.storage :: Storing Card YYBS29loMwQwt7rSfbhtD
2025-03-27 13:43:12,065 INFO v2.storage :: Storing Card j-GruBVLLifkj3CTTjc24
2025-03-27 13:43:12,069 INFO v2.storage :: Storing Card cYjeBKceYu-GatKtQoLjw
2025-03-27 13:43:12,072 INFO v2.storage :: Storing Card eRcERn2tkbvTQDGvQbah2
2025-03-27 13:43:12,075 INFO v2.storage :: Storing Card 8KojkFekI7MgGUoC_YVNT
2025-03-27 13:43:12,078 INFO v2.storage :: Storing Card I1vnPW8qcap-kt0MS9BRI
2025-03-27 13:43:12,082 INFO v2.storage :: Storing Card MZnrZb2Awy_NZ-cfdl4KI
2025-03-27 13:43:12,086 INFO v2.storage :: Storing Card pAbQlxzrz81lWMZhTI2yx
2025-03-27 13:43:12,088 INFO v2.storage :: Storing Card YsSba5spLpNinWBO8FU4v
2025-03-27 13:43:12,090 INFO v2.storage :: Storing Card jwY5i2xgVWtIfVwMmryJB
2025-03-27 13:43:12,093 INFO v2.storage :: Storing NativeQuerySnippet 5w5_JWozQqewpqsyWL-H1
2025-03-27 13:43:12,094 INFO v2.storage :: Storing Collection HyB3nRtqb7pBPhFG26evI
2025-03-27 13:43:12,095 INFO v2.storage :: Storing Collection 54O0IbgCzm290Nnxf1wRH
2025-03-27 13:43:12,095 INFO v2.storage :: Storing Collection rQ-sPivED6cgIo8oB6YRq
2025-03-27 13:43:12,096 INFO v2.storage :: Storing Collection uw5zZx8BdSWhEqw2SaaSP
2025-03-27 13:43:12,097 INFO v2.storage :: Storing Collection eUVIXSp_J3PFL5-hY4FrX
2025-03-27 13:43:12,098 INFO v2.storage :: Storing Collection 53YGAg4EE6MC76nxx-f5f
2025-03-27 13:43:12,098 INFO v2.storage :: Storing Collection GLRl7Ny7CKz1Ic-HGaBMT
2025-03-27 13:43:12,098 INFO v2.storage :: Storing Collection L93SUJ6YnPirW1irQLPTE
