2025-03-26 20:53:36,253 INFO models.serialization :: Extracting Dashboard 1 xBLdW9FsgRuB2HGhWiBa_
2025-03-26 20:53:36,552 INFO models.serialization :: Extracting Dashboard 11 DlK2jXoIHPXyVkEuo6Uy6
2025-03-26 20:53:36,868 INFO models.serialization :: Extracting Dashboard 12 eOytkPrbKeJQ4P5zN8dW4
2025-03-26 20:53:37,040 INFO models.serialization :: Extracting Card 1 _GiVL6zYmsnBb1oqLCp4u
2025-03-26 20:53:37,076 INFO models.serialization :: Extracting Card 2 jjO5LcBp8qNILJFiYZoVt
2025-03-26 20:53:37,091 INFO models.serialization :: Extracting Card 3 OJ-I03ZsQ7IBrzr29B_8o
2025-03-26 20:53:37,102 INFO models.serialization :: Extracting Card 4 WMub5k6vo0zGP24qXQFNu
2025-03-26 20:53:37,107 INFO models.serialization :: Extracting Card 5 Jxa0svP68DfXubV_wD3os
2025-03-26 20:53:37,131 INFO models.serialization :: Extracting Card 6 UUZZsw19IuPTqdhho99oc
2025-03-26 20:53:37,141 INFO models.serialization :: Extracting Card 7 RpKYsFwHfjcckbgj4oBKK
2025-03-26 20:53:37,145 INFO models.serialization :: Extracting Card 8 X8HNuB_i3j2uNFnsx3vQ0
2025-03-26 20:53:37,161 INFO models.serialization :: Extracting Card 9 skXR69-dlhJST5C7Rd9nR
2025-03-26 20:53:37,165 INFO models.serialization :: Extracting Card 10 km2d9-ZqHrlAM79yPh13G
2025-03-26 20:53:37,185 INFO models.serialization :: Extracting Card 11 9VE9Z6tAkyzO3GeQVXtin
2025-03-26 20:53:37,192 INFO models.serialization :: Extracting Card 12 VFCGVYPVtLzCtt4teeoW4
2025-03-26 20:53:37,197 INFO models.serialization :: Extracting Card 13 -6yAP_G1UZ7xZc4E65Tvy
2025-03-26 20:53:37,201 INFO models.serialization :: Extracting Card 14 C8V7Dszig-vuqn9TP0igc
2025-03-26 20:53:37,206 INFO models.serialization :: Extracting Card 15 D4o8cCTOY-SnxoYDRVWcO
2025-03-26 20:53:37,210 INFO models.serialization :: Extracting Card 16 qQ3JGGOxVC8mrOLwxpcR6
2025-03-26 20:53:37,216 INFO models.serialization :: Extracting Card 17 Ey2qt4I-wcg1E0846iUQS
2025-03-26 20:53:37,220 INFO models.serialization :: Extracting Card 18 byM0vLfOiM1zBI_t1MUcO
2025-03-26 20:53:37,237 INFO models.serialization :: Extracting Card 19 8EdazRgPwfxdiltp7NCjS
2025-03-26 20:53:37,242 INFO models.serialization :: Extracting Card 20 ShsD1PjGTlFIvzm5FM9qC
2025-03-26 20:53:37,268 INFO models.serialization :: Extracting Card 21 S-hEu1jZ2-822qvBQ1EiT
2025-03-26 20:53:37,273 INFO models.serialization :: Extracting Card 22 fKu0z-vEC1WwVv1Lu95jD
2025-03-26 20:53:37,278 INFO models.serialization :: Extracting Card 23 AXDOILGSNqoWoxV1NuvTt
2025-03-26 20:53:37,300 INFO models.serialization :: Extracting Card 24 kgAiQ87dLKJmTnOaTeVsc
2025-03-26 20:53:37,305 INFO models.serialization :: Extracting Card 25 ucI5e9_FdTQF-1i7RdtIX
2025-03-26 20:53:37,311 INFO models.serialization :: Extracting Card 26 fdkSuB8zWEbjEq_vWMaI-
2025-03-26 20:53:37,315 INFO models.serialization :: Extracting Card 27 A5pNCrrWtf2bVka2vXVLx
2025-03-26 20:53:37,320 INFO models.serialization :: Extracting Card 28 g7G9X1p0na--gwNCUL75j
2025-03-26 20:53:37,324 INFO models.serialization :: Extracting Card 29 HSVx57QxslVTGbo1_XS4G
2025-03-26 20:53:37,328 INFO models.serialization :: Extracting Card 30 leO-OHTwIMltfpcLLOJxj
2025-03-26 20:53:37,331 INFO models.serialization :: Extracting Card 31 dzFHc6awtpZCSn9-wscNQ
2025-03-26 20:53:37,335 INFO models.serialization :: Extracting Card 32 c5m4bxKyi7GEa1sML-wpu
2025-03-26 20:53:37,353 INFO models.serialization :: Extracting Card 33 T9OjH7_py-tNsyPb4O8yC
2025-03-26 20:53:37,357 INFO models.serialization :: Extracting Card 34 IEp2LZKY_aJMpchBacdjP
2025-03-26 20:53:37,360 INFO models.serialization :: Extracting Card 35 8MovkFBA00WFOq2v5BzfB
2025-03-26 20:53:37,364 INFO models.serialization :: Extracting Card 36 yBoV-iHmFUrY9xqB0v9Pg
2025-03-26 20:53:37,368 INFO models.serialization :: Extracting Card 37 BQAQ6YNiUIMfmAPLpSKQW
2025-03-26 20:53:37,371 INFO models.serialization :: Extracting Card 156 lY4hbjNofxepxQGRhJa0s
2025-03-26 20:53:37,377 INFO models.serialization :: Extracting Card 161 oShRjudlgUvJRezvGTQTD
2025-03-26 20:53:37,381 INFO models.serialization :: Extracting Card 162 hjNoawcRfsDrC32g7LSOE
2025-03-26 20:53:37,384 INFO models.serialization :: Extracting Card 163 rqxxsDv8zhSBXgJmVjyWa
2025-03-26 20:53:37,395 INFO models.serialization :: Extracting Card 164 qj0jT7SXwEUezz1wSjtaZ
2025-03-26 20:53:37,405 INFO models.serialization :: Extracting Card 165 nhFZBIIZA_KnK6RuLp36z
2025-03-26 20:53:37,410 INFO models.serialization :: Extracting Card 166 1aVGgD6-onGIPUeWCLiMA
2025-03-26 20:53:37,415 INFO models.serialization :: Extracting Card 167 f9RqS8HspKvcsGEH24_Af
2025-03-26 20:53:37,420 INFO models.serialization :: Extracting Card 168 BP4o72CSvPOTLe5Nk6twf
2025-03-26 20:53:37,425 INFO models.serialization :: Extracting Card 169 hBnes5i3LGSYZeoGIYwvm
2025-03-26 20:53:37,429 INFO models.serialization :: Extracting Card 170 t1rQijQdCIZoQI6bhwBEG
2025-03-26 20:53:37,433 INFO models.serialization :: Extracting Card 171 avC199ZiYvp1aIWdejfFf
2025-03-26 20:53:37,437 INFO models.serialization :: Extracting Card 172 evd6f3MoDUtTNsoXHwu0T
2025-03-26 20:53:37,440 INFO models.serialization :: Extracting Card 173 Bkb4GEr5dH2_LbDOKhObR
2025-03-26 20:53:37,444 INFO models.serialization :: Extracting Card 174 NdqehUq98ebQ4H_-1d9v3
2025-03-26 20:53:37,448 INFO models.serialization :: Extracting Card 175 d3KPtMfbe0IIK0MDrHTNn
2025-03-26 20:53:37,451 INFO models.serialization :: Extracting Card 176 -mfPjg0QOoIKbqJS0SYne
2025-03-26 20:53:37,455 INFO models.serialization :: Extracting Card 177 P-shWkp5lozD2nuo5xusW
2025-03-26 20:53:37,460 INFO models.serialization :: Extracting Card 178 wd1PEi_Z217Gr-ceeZSNj
2025-03-26 20:53:37,463 INFO models.serialization :: Extracting Card 179 cO53DQ6k0DueW5Aglwp7Y
2025-03-26 20:53:37,467 INFO models.serialization :: Extracting Card 180 OouzOUPGIjf6zXJsSDe0f
2025-03-26 20:53:37,472 INFO models.serialization :: Extracting Card 181 DDT6zuq6O7bsnw1UEWtQQ
2025-03-26 20:53:37,477 INFO models.serialization :: Extracting Card 182 -BcEE22ptXyDOgUNRqyct
2025-03-26 20:53:37,481 INFO models.serialization :: Extracting Card 183 dsZMohGmK4P7eQRBdLFmb
2025-03-26 20:53:37,486 INFO models.serialization :: Extracting Card 184 fPYpb3KcV2TJZLRw-L841
2025-03-26 20:53:37,490 INFO models.serialization :: Extracting Card 185 KMq74J_Gh78vIimczx0LH
2025-03-26 20:53:37,494 INFO models.serialization :: Extracting Card 157 QEYx_MJGL2QfUVw4FHKom
2025-03-26 20:53:37,501 INFO models.serialization :: Extracting Card 158 1oOS0j-YDFAKdKpAI54U1
2025-03-26 20:53:37,503 INFO models.serialization :: Extracting Card 159 zdqbhcaieh1vn77knB85X
2025-03-26 20:53:37,508 INFO models.serialization :: Extracting Card 160 qYZmcKKFIOgWIC5ZBSdPV
2025-03-26 20:53:37,526 INFO models.serialization :: Extracting Card 186 7AF9sAISQbcm6zGpI7715
2025-03-26 20:53:37,536 INFO models.serialization :: Extracting Card 187 3DBFwapkntRZUyxxG_Gda
2025-03-26 20:53:37,540 INFO models.serialization :: Extracting Card 188 YYBS29loMwQwt7rSfbhtD
2025-03-26 20:53:37,545 INFO models.serialization :: Extracting Card 189 j-GruBVLLifkj3CTTjc24
2025-03-26 20:53:37,550 INFO models.serialization :: Extracting Card 190 cYjeBKceYu-GatKtQoLjw
2025-03-26 20:53:37,555 INFO models.serialization :: Extracting Card 191 eRcERn2tkbvTQDGvQbah2
2025-03-26 20:53:37,559 INFO models.serialization :: Extracting Card 192 8KojkFekI7MgGUoC_YVNT
2025-03-26 20:53:37,564 INFO models.serialization :: Extracting Card 193 I1vnPW8qcap-kt0MS9BRI
2025-03-26 20:53:37,568 INFO models.serialization :: Extracting Card 194 MZnrZb2Awy_NZ-cfdl4KI
2025-03-26 20:53:37,578 INFO models.serialization :: Extracting Card 195 pAbQlxzrz81lWMZhTI2yx
2025-03-26 20:53:37,586 INFO models.serialization :: Extracting Card 196 YsSba5spLpNinWBO8FU4v
2025-03-26 20:53:37,594 INFO models.serialization :: Extracting Card 197 jwY5i2xgVWtIfVwMmryJB
2025-03-26 20:53:37,602 INFO models.serialization :: Extracting NativeQuerySnippet 2 5w5_JWozQqewpqsyWL-H1
2025-03-26 20:53:37,607 INFO models.serialization :: Extracting Collection 2 HyB3nRtqb7pBPhFG26evI
2025-03-26 20:53:37,608 INFO models.serialization :: Extracting Collection 3 54O0IbgCzm290Nnxf1wRH
2025-03-26 20:53:37,608 INFO models.serialization :: Extracting Collection 7 rQ-sPivED6cgIo8oB6YRq
2025-03-26 20:53:37,608 INFO models.serialization :: Extracting Collection 8 uw5zZx8BdSWhEqw2SaaSP
2025-03-26 20:53:37,611 INFO models.serialization :: Extracting Collection 9 eUVIXSp_J3PFL5-hY4FrX
2025-03-26 20:53:37,611 INFO models.serialization :: Extracting Collection 17 53YGAg4EE6MC76nxx-f5f
2025-03-26 20:53:37,611 INFO models.serialization :: Extracting Collection 18 GLRl7Ny7CKz1Ic-HGaBMT
2025-03-26 20:53:37,612 INFO models.serialization :: Extracting Collection 19 L93SUJ6YnPirW1irQLPTE
2025-03-26 20:53:37,612 INFO v2.storage :: Storing Dashboard xBLdW9FsgRuB2HGhWiBa_
2025-03-26 20:53:37,642 INFO v2.storage :: Storing Dashboard DlK2jXoIHPXyVkEuo6Uy6
2025-03-26 20:53:37,666 INFO v2.storage :: Storing Dashboard eOytkPrbKeJQ4P5zN8dW4
2025-03-26 20:53:37,676 INFO v2.storage :: Storing Card _GiVL6zYmsnBb1oqLCp4u
2025-03-26 20:53:37,680 INFO v2.storage :: Storing Card jjO5LcBp8qNILJFiYZoVt
2025-03-26 20:53:37,681 INFO v2.storage :: Storing Card OJ-I03ZsQ7IBrzr29B_8o
2025-03-26 20:53:37,682 INFO v2.storage :: Storing Card WMub5k6vo0zGP24qXQFNu
2025-03-26 20:53:37,684 INFO v2.storage :: Storing Card Jxa0svP68DfXubV_wD3os
2025-03-26 20:53:37,686 INFO v2.storage :: Storing Card UUZZsw19IuPTqdhho99oc
2025-03-26 20:53:37,688 INFO v2.storage :: Storing Card RpKYsFwHfjcckbgj4oBKK
2025-03-26 20:53:37,689 INFO v2.storage :: Storing Card X8HNuB_i3j2uNFnsx3vQ0
2025-03-26 20:53:37,692 INFO v2.storage :: Storing Card skXR69-dlhJST5C7Rd9nR
2025-03-26 20:53:37,693 INFO v2.storage :: Storing Card km2d9-ZqHrlAM79yPh13G
2025-03-26 20:53:37,695 INFO v2.storage :: Storing Card 9VE9Z6tAkyzO3GeQVXtin
2025-03-26 20:53:37,697 INFO v2.storage :: Storing Card VFCGVYPVtLzCtt4teeoW4
2025-03-26 20:53:37,699 INFO v2.storage :: Storing Card -6yAP_G1UZ7xZc4E65Tvy
2025-03-26 20:53:37,701 INFO v2.storage :: Storing Card C8V7Dszig-vuqn9TP0igc
2025-03-26 20:53:37,702 INFO v2.storage :: Storing Card D4o8cCTOY-SnxoYDRVWcO
2025-03-26 20:53:37,703 INFO v2.storage :: Storing Card qQ3JGGOxVC8mrOLwxpcR6
2025-03-26 20:53:37,705 INFO v2.storage :: Storing Card Ey2qt4I-wcg1E0846iUQS
2025-03-26 20:53:37,706 INFO v2.storage :: Storing Card byM0vLfOiM1zBI_t1MUcO
2025-03-26 20:53:37,708 INFO v2.storage :: Storing Card 8EdazRgPwfxdiltp7NCjS
2025-03-26 20:53:37,709 INFO v2.storage :: Storing Card ShsD1PjGTlFIvzm5FM9qC
2025-03-26 20:53:37,710 INFO v2.storage :: Storing Card S-hEu1jZ2-822qvBQ1EiT
2025-03-26 20:53:37,712 INFO v2.storage :: Storing Card fKu0z-vEC1WwVv1Lu95jD
2025-03-26 20:53:37,713 INFO v2.storage :: Storing Card AXDOILGSNqoWoxV1NuvTt
2025-03-26 20:53:37,716 INFO v2.storage :: Storing Card kgAiQ87dLKJmTnOaTeVsc
2025-03-26 20:53:37,718 INFO v2.storage :: Storing Card ucI5e9_FdTQF-1i7RdtIX
2025-03-26 20:53:37,721 INFO v2.storage :: Storing Card fdkSuB8zWEbjEq_vWMaI-
2025-03-26 20:53:37,722 INFO v2.storage :: Storing Card A5pNCrrWtf2bVka2vXVLx
2025-03-26 20:53:37,724 INFO v2.storage :: Storing Card g7G9X1p0na--gwNCUL75j
2025-03-26 20:53:37,725 INFO v2.storage :: Storing Card HSVx57QxslVTGbo1_XS4G
2025-03-26 20:53:37,726 INFO v2.storage :: Storing Card leO-OHTwIMltfpcLLOJxj
2025-03-26 20:53:37,728 INFO v2.storage :: Storing Card dzFHc6awtpZCSn9-wscNQ
2025-03-26 20:53:37,730 INFO v2.storage :: Storing Card c5m4bxKyi7GEa1sML-wpu
2025-03-26 20:53:37,732 INFO v2.storage :: Storing Card T9OjH7_py-tNsyPb4O8yC
2025-03-26 20:53:37,733 INFO v2.storage :: Storing Card IEp2LZKY_aJMpchBacdjP
2025-03-26 20:53:37,735 INFO v2.storage :: Storing Card 8MovkFBA00WFOq2v5BzfB
2025-03-26 20:53:37,736 INFO v2.storage :: Storing Card yBoV-iHmFUrY9xqB0v9Pg
2025-03-26 20:53:37,738 INFO v2.storage :: Storing Card BQAQ6YNiUIMfmAPLpSKQW
2025-03-26 20:53:37,739 INFO v2.storage :: Storing Card lY4hbjNofxepxQGRhJa0s
2025-03-26 20:53:37,742 INFO v2.storage :: Storing Card oShRjudlgUvJRezvGTQTD
2025-03-26 20:53:37,744 INFO v2.storage :: Storing Card hjNoawcRfsDrC32g7LSOE
2025-03-26 20:53:37,746 INFO v2.storage :: Storing Card rqxxsDv8zhSBXgJmVjyWa
2025-03-26 20:53:37,748 INFO v2.storage :: Storing Card qj0jT7SXwEUezz1wSjtaZ
2025-03-26 20:53:37,749 INFO v2.storage :: Storing Card nhFZBIIZA_KnK6RuLp36z
2025-03-26 20:53:37,750 INFO v2.storage :: Storing Card 1aVGgD6-onGIPUeWCLiMA
2025-03-26 20:53:37,751 INFO v2.storage :: Storing Card f9RqS8HspKvcsGEH24_Af
2025-03-26 20:53:37,752 INFO v2.storage :: Storing Card BP4o72CSvPOTLe5Nk6twf
2025-03-26 20:53:37,754 INFO v2.storage :: Storing Card hBnes5i3LGSYZeoGIYwvm
2025-03-26 20:53:37,755 INFO v2.storage :: Storing Card t1rQijQdCIZoQI6bhwBEG
2025-03-26 20:53:37,757 INFO v2.storage :: Storing Card avC199ZiYvp1aIWdejfFf
2025-03-26 20:53:37,760 INFO v2.storage :: Storing Card evd6f3MoDUtTNsoXHwu0T
2025-03-26 20:53:37,762 INFO v2.storage :: Storing Card Bkb4GEr5dH2_LbDOKhObR
2025-03-26 20:53:37,763 INFO v2.storage :: Storing Card NdqehUq98ebQ4H_-1d9v3
2025-03-26 20:53:37,764 INFO v2.storage :: Storing Card d3KPtMfbe0IIK0MDrHTNn
2025-03-26 20:53:37,766 INFO v2.storage :: Storing Card -mfPjg0QOoIKbqJS0SYne
2025-03-26 20:53:37,767 INFO v2.storage :: Storing Card P-shWkp5lozD2nuo5xusW
2025-03-26 20:53:37,769 INFO v2.storage :: Storing Card wd1PEi_Z217Gr-ceeZSNj
2025-03-26 20:53:37,770 INFO v2.storage :: Storing Card cO53DQ6k0DueW5Aglwp7Y
2025-03-26 20:53:37,772 INFO v2.storage :: Storing Card OouzOUPGIjf6zXJsSDe0f
2025-03-26 20:53:37,773 INFO v2.storage :: Storing Card DDT6zuq6O7bsnw1UEWtQQ
2025-03-26 20:53:37,775 INFO v2.storage :: Storing Card -BcEE22ptXyDOgUNRqyct
2025-03-26 20:53:37,777 INFO v2.storage :: Storing Card dsZMohGmK4P7eQRBdLFmb
2025-03-26 20:53:37,779 INFO v2.storage :: Storing Card fPYpb3KcV2TJZLRw-L841
2025-03-26 20:53:37,780 INFO v2.storage :: Storing Card KMq74J_Gh78vIimczx0LH
2025-03-26 20:53:37,782 INFO v2.storage :: Storing Card QEYx_MJGL2QfUVw4FHKom
2025-03-26 20:53:37,783 INFO v2.storage :: Storing Card 1oOS0j-YDFAKdKpAI54U1
2025-03-26 20:53:37,785 INFO v2.storage :: Storing Card zdqbhcaieh1vn77knB85X
2025-03-26 20:53:37,786 INFO v2.storage :: Storing Card qYZmcKKFIOgWIC5ZBSdPV
2025-03-26 20:53:37,788 INFO v2.storage :: Storing Card 7AF9sAISQbcm6zGpI7715
2025-03-26 20:53:37,791 INFO v2.storage :: Storing Card 3DBFwapkntRZUyxxG_Gda
2025-03-26 20:53:37,794 INFO v2.storage :: Storing Card YYBS29loMwQwt7rSfbhtD
2025-03-26 20:53:37,797 INFO v2.storage :: Storing Card j-GruBVLLifkj3CTTjc24
2025-03-26 20:53:37,799 INFO v2.storage :: Storing Card cYjeBKceYu-GatKtQoLjw
2025-03-26 20:53:37,802 INFO v2.storage :: Storing Card eRcERn2tkbvTQDGvQbah2
2025-03-26 20:53:37,805 INFO v2.storage :: Storing Card 8KojkFekI7MgGUoC_YVNT
2025-03-26 20:53:37,808 INFO v2.storage :: Storing Card I1vnPW8qcap-kt0MS9BRI
2025-03-26 20:53:37,810 INFO v2.storage :: Storing Card MZnrZb2Awy_NZ-cfdl4KI
2025-03-26 20:53:37,813 INFO v2.storage :: Storing Card pAbQlxzrz81lWMZhTI2yx
2025-03-26 20:53:37,815 INFO v2.storage :: Storing Card YsSba5spLpNinWBO8FU4v
2025-03-26 20:53:37,818 INFO v2.storage :: Storing Card jwY5i2xgVWtIfVwMmryJB
2025-03-26 20:53:37,821 INFO v2.storage :: Storing NativeQuerySnippet 5w5_JWozQqewpqsyWL-H1
2025-03-26 20:53:37,822 INFO v2.storage :: Storing Collection HyB3nRtqb7pBPhFG26evI
2025-03-26 20:53:37,822 INFO v2.storage :: Storing Collection 54O0IbgCzm290Nnxf1wRH
2025-03-26 20:53:37,823 INFO v2.storage :: Storing Collection rQ-sPivED6cgIo8oB6YRq
2025-03-26 20:53:37,824 INFO v2.storage :: Storing Collection uw5zZx8BdSWhEqw2SaaSP
2025-03-26 20:53:37,824 INFO v2.storage :: Storing Collection eUVIXSp_J3PFL5-hY4FrX
2025-03-26 20:53:37,825 INFO v2.storage :: Storing Collection 53YGAg4EE6MC76nxx-f5f
2025-03-26 20:53:37,825 INFO v2.storage :: Storing Collection GLRl7Ny7CKz1Ic-HGaBMT
2025-03-26 20:53:37,826 INFO v2.storage :: Storing Collection L93SUJ6YnPirW1irQLPTE
