2025-03-26 20:17:04,635 INFO models.serialization :: Extracting Dashboard 1 xBLdW9FsgRuB2HGhWiBa_
2025-03-26 20:17:04,963 INFO models.serialization :: Extracting Dashboard 11 DlK2jXoIHPXyVkEuo6Uy6
2025-03-26 20:17:05,290 INFO models.serialization :: Extracting Dashboard 12 eOytkPrbKeJQ4P5zN8dW4
2025-03-26 20:17:05,570 INFO models.serialization :: Extracting Card 1 _GiVL6zYmsnBb1oqLCp4u
2025-03-26 20:17:05,603 INFO models.serialization :: Extracting Card 2 jjO5LcBp8qNILJFiYZoVt
2025-03-26 20:17:05,617 INFO models.serialization :: Extracting Card 3 OJ-I03ZsQ7IBrzr29B_8o
2025-03-26 20:17:05,626 INFO models.serialization :: Extracting Card 4 WMub5k6vo0zGP24qXQFNu
2025-03-26 20:17:05,631 INFO models.serialization :: Extracting Card 5 Jxa0svP68DfXubV_wD3os
2025-03-26 20:17:05,656 INFO models.serialization :: Extracting Card 6 UUZZsw19IuPTqdhho99oc
2025-03-26 20:17:05,669 INFO models.serialization :: Extracting Card 7 RpKYsFwHfjcckbgj4oBKK
2025-03-26 20:17:05,674 INFO models.serialization :: Extracting Card 8 X8HNuB_i3j2uNFnsx3vQ0
2025-03-26 20:17:05,697 INFO models.serialization :: Extracting Card 9 skXR69-dlhJST5C7Rd9nR
2025-03-26 20:17:05,702 INFO models.serialization :: Extracting Card 10 km2d9-ZqHrlAM79yPh13G
2025-03-26 20:17:05,725 INFO models.serialization :: Extracting Card 11 9VE9Z6tAkyzO3GeQVXtin
2025-03-26 20:17:05,733 INFO models.serialization :: Extracting Card 12 VFCGVYPVtLzCtt4teeoW4
2025-03-26 20:17:05,739 INFO models.serialization :: Extracting Card 13 -6yAP_G1UZ7xZc4E65Tvy
2025-03-26 20:17:05,744 INFO models.serialization :: Extracting Card 14 C8V7Dszig-vuqn9TP0igc
2025-03-26 20:17:05,751 INFO models.serialization :: Extracting Card 15 D4o8cCTOY-SnxoYDRVWcO
2025-03-26 20:17:05,756 INFO models.serialization :: Extracting Card 16 qQ3JGGOxVC8mrOLwxpcR6
2025-03-26 20:17:05,763 INFO models.serialization :: Extracting Card 17 Ey2qt4I-wcg1E0846iUQS
2025-03-26 20:17:05,768 INFO models.serialization :: Extracting Card 18 byM0vLfOiM1zBI_t1MUcO
2025-03-26 20:17:05,789 INFO models.serialization :: Extracting Card 19 8EdazRgPwfxdiltp7NCjS
2025-03-26 20:17:05,794 INFO models.serialization :: Extracting Card 20 ShsD1PjGTlFIvzm5FM9qC
2025-03-26 20:17:05,820 INFO models.serialization :: Extracting Card 21 S-hEu1jZ2-822qvBQ1EiT
2025-03-26 20:17:05,825 INFO models.serialization :: Extracting Card 22 fKu0z-vEC1WwVv1Lu95jD
2025-03-26 20:17:05,831 INFO models.serialization :: Extracting Card 23 AXDOILGSNqoWoxV1NuvTt
2025-03-26 20:17:05,854 INFO models.serialization :: Extracting Card 24 kgAiQ87dLKJmTnOaTeVsc
2025-03-26 20:17:05,860 INFO models.serialization :: Extracting Card 25 ucI5e9_FdTQF-1i7RdtIX
2025-03-26 20:17:05,868 INFO models.serialization :: Extracting Card 26 fdkSuB8zWEbjEq_vWMaI-
2025-03-26 20:17:05,873 INFO models.serialization :: Extracting Card 27 A5pNCrrWtf2bVka2vXVLx
2025-03-26 20:17:05,878 INFO models.serialization :: Extracting Card 28 g7G9X1p0na--gwNCUL75j
2025-03-26 20:17:05,883 INFO models.serialization :: Extracting Card 29 HSVx57QxslVTGbo1_XS4G
2025-03-26 20:17:05,888 INFO models.serialization :: Extracting Card 30 leO-OHTwIMltfpcLLOJxj
2025-03-26 20:17:05,893 INFO models.serialization :: Extracting Card 31 dzFHc6awtpZCSn9-wscNQ
2025-03-26 20:17:05,898 INFO models.serialization :: Extracting Card 32 c5m4bxKyi7GEa1sML-wpu
2025-03-26 20:17:05,957 INFO models.serialization :: Extracting Card 33 T9OjH7_py-tNsyPb4O8yC
2025-03-26 20:17:05,963 INFO models.serialization :: Extracting Card 34 IEp2LZKY_aJMpchBacdjP
2025-03-26 20:17:05,968 INFO models.serialization :: Extracting Card 35 8MovkFBA00WFOq2v5BzfB
2025-03-26 20:17:05,973 INFO models.serialization :: Extracting Card 36 yBoV-iHmFUrY9xqB0v9Pg
2025-03-26 20:17:05,978 INFO models.serialization :: Extracting Card 37 BQAQ6YNiUIMfmAPLpSKQW
2025-03-26 20:17:05,983 INFO models.serialization :: Extracting Card 156 lY4hbjNofxepxQGRhJa0s
2025-03-26 20:17:05,991 INFO models.serialization :: Extracting Card 161 oShRjudlgUvJRezvGTQTD
2025-03-26 20:17:05,996 INFO models.serialization :: Extracting Card 162 hjNoawcRfsDrC32g7LSOE
2025-03-26 20:17:06,002 INFO models.serialization :: Extracting Card 163 rqxxsDv8zhSBXgJmVjyWa
2025-03-26 20:17:06,015 INFO models.serialization :: Extracting Card 164 qj0jT7SXwEUezz1wSjtaZ
2025-03-26 20:17:06,027 INFO models.serialization :: Extracting Card 165 nhFZBIIZA_KnK6RuLp36z
2025-03-26 20:17:06,035 INFO models.serialization :: Extracting Card 166 1aVGgD6-onGIPUeWCLiMA
2025-03-26 20:17:06,042 INFO models.serialization :: Extracting Card 167 f9RqS8HspKvcsGEH24_Af
2025-03-26 20:17:06,047 INFO models.serialization :: Extracting Card 168 BP4o72CSvPOTLe5Nk6twf
2025-03-26 20:17:06,053 INFO models.serialization :: Extracting Card 169 hBnes5i3LGSYZeoGIYwvm
2025-03-26 20:17:06,057 INFO models.serialization :: Extracting Card 170 t1rQijQdCIZoQI6bhwBEG
2025-03-26 20:17:06,063 INFO models.serialization :: Extracting Card 171 avC199ZiYvp1aIWdejfFf
2025-03-26 20:17:06,069 INFO models.serialization :: Extracting Card 172 evd6f3MoDUtTNsoXHwu0T
2025-03-26 20:17:06,073 INFO models.serialization :: Extracting Card 173 Bkb4GEr5dH2_LbDOKhObR
2025-03-26 20:17:06,078 INFO models.serialization :: Extracting Card 174 NdqehUq98ebQ4H_-1d9v3
2025-03-26 20:17:06,085 INFO models.serialization :: Extracting Card 175 d3KPtMfbe0IIK0MDrHTNn
2025-03-26 20:17:06,090 INFO models.serialization :: Extracting Card 176 -mfPjg0QOoIKbqJS0SYne
2025-03-26 20:17:06,096 INFO models.serialization :: Extracting Card 177 P-shWkp5lozD2nuo5xusW
2025-03-26 20:17:06,101 INFO models.serialization :: Extracting Card 178 wd1PEi_Z217Gr-ceeZSNj
2025-03-26 20:17:06,106 INFO models.serialization :: Extracting Card 179 cO53DQ6k0DueW5Aglwp7Y
2025-03-26 20:17:06,112 INFO models.serialization :: Extracting Card 180 OouzOUPGIjf6zXJsSDe0f
2025-03-26 20:17:06,117 INFO models.serialization :: Extracting Card 181 DDT6zuq6O7bsnw1UEWtQQ
2025-03-26 20:17:06,121 INFO models.serialization :: Extracting Card 182 -BcEE22ptXyDOgUNRqyct
2025-03-26 20:17:06,126 INFO models.serialization :: Extracting Card 183 dsZMohGmK4P7eQRBdLFmb
2025-03-26 20:17:06,132 INFO models.serialization :: Extracting Card 184 fPYpb3KcV2TJZLRw-L841
2025-03-26 20:17:06,137 INFO models.serialization :: Extracting Card 185 KMq74J_Gh78vIimczx0LH
2025-03-26 20:17:06,141 INFO models.serialization :: Extracting Card 157 QEYx_MJGL2QfUVw4FHKom
2025-03-26 20:17:06,153 INFO models.serialization :: Extracting Card 158 1oOS0j-YDFAKdKpAI54U1
2025-03-26 20:17:06,157 INFO models.serialization :: Extracting Card 159 zdqbhcaieh1vn77knB85X
2025-03-26 20:17:06,162 INFO models.serialization :: Extracting Card 160 qYZmcKKFIOgWIC5ZBSdPV
2025-03-26 20:17:06,183 INFO models.serialization :: Extracting Card 186 7AF9sAISQbcm6zGpI7715
2025-03-26 20:17:06,192 INFO models.serialization :: Extracting Card 187 3DBFwapkntRZUyxxG_Gda
2025-03-26 20:17:06,199 INFO models.serialization :: Extracting Card 188 YYBS29loMwQwt7rSfbhtD
2025-03-26 20:17:06,204 INFO models.serialization :: Extracting Card 189 j-GruBVLLifkj3CTTjc24
2025-03-26 20:17:06,209 INFO models.serialization :: Extracting Card 190 cYjeBKceYu-GatKtQoLjw
2025-03-26 20:17:06,221 INFO models.serialization :: Extracting Card 191 eRcERn2tkbvTQDGvQbah2
2025-03-26 20:17:06,226 INFO models.serialization :: Extracting Card 192 8KojkFekI7MgGUoC_YVNT
2025-03-26 20:17:06,234 INFO models.serialization :: Extracting Card 193 I1vnPW8qcap-kt0MS9BRI
2025-03-26 20:17:06,241 INFO models.serialization :: Extracting Card 194 MZnrZb2Awy_NZ-cfdl4KI
2025-03-26 20:17:06,247 INFO models.serialization :: Extracting Card 195 pAbQlxzrz81lWMZhTI2yx
2025-03-26 20:17:06,257 INFO models.serialization :: Extracting Card 196 YsSba5spLpNinWBO8FU4v
2025-03-26 20:17:06,264 INFO models.serialization :: Extracting Card 197 jwY5i2xgVWtIfVwMmryJB
2025-03-26 20:17:06,277 INFO models.serialization :: Extracting NativeQuerySnippet 2 5w5_JWozQqewpqsyWL-H1
2025-03-26 20:17:06,282 INFO models.serialization :: Extracting Collection 2 HyB3nRtqb7pBPhFG26evI
2025-03-26 20:17:06,283 INFO models.serialization :: Extracting Collection 3 54O0IbgCzm290Nnxf1wRH
2025-03-26 20:17:06,283 INFO models.serialization :: Extracting Collection 7 rQ-sPivED6cgIo8oB6YRq
2025-03-26 20:17:06,283 INFO models.serialization :: Extracting Collection 8 uw5zZx8BdSWhEqw2SaaSP
2025-03-26 20:17:06,286 INFO models.serialization :: Extracting Collection 9 eUVIXSp_J3PFL5-hY4FrX
2025-03-26 20:17:06,286 INFO models.serialization :: Extracting Collection 17 53YGAg4EE6MC76nxx-f5f
2025-03-26 20:17:06,286 INFO models.serialization :: Extracting Collection 18 GLRl7Ny7CKz1Ic-HGaBMT
2025-03-26 20:17:06,287 INFO models.serialization :: Extracting Collection 19 L93SUJ6YnPirW1irQLPTE
2025-03-26 20:17:06,287 INFO v2.storage :: Storing Dashboard xBLdW9FsgRuB2HGhWiBa_
2025-03-26 20:17:06,301 INFO v2.storage :: Storing Dashboard DlK2jXoIHPXyVkEuo6Uy6
2025-03-26 20:17:06,315 INFO v2.storage :: Storing Dashboard eOytkPrbKeJQ4P5zN8dW4
2025-03-26 20:17:06,322 INFO v2.storage :: Storing Card _GiVL6zYmsnBb1oqLCp4u
2025-03-26 20:17:06,325 INFO v2.storage :: Storing Card jjO5LcBp8qNILJFiYZoVt
2025-03-26 20:17:06,326 INFO v2.storage :: Storing Card OJ-I03ZsQ7IBrzr29B_8o
2025-03-26 20:17:06,328 INFO v2.storage :: Storing Card WMub5k6vo0zGP24qXQFNu
2025-03-26 20:17:06,329 INFO v2.storage :: Storing Card Jxa0svP68DfXubV_wD3os
2025-03-26 20:17:06,331 INFO v2.storage :: Storing Card UUZZsw19IuPTqdhho99oc
2025-03-26 20:17:06,333 INFO v2.storage :: Storing Card RpKYsFwHfjcckbgj4oBKK
2025-03-26 20:17:06,334 INFO v2.storage :: Storing Card X8HNuB_i3j2uNFnsx3vQ0
2025-03-26 20:17:06,336 INFO v2.storage :: Storing Card skXR69-dlhJST5C7Rd9nR
2025-03-26 20:17:06,337 INFO v2.storage :: Storing Card km2d9-ZqHrlAM79yPh13G
2025-03-26 20:17:06,338 INFO v2.storage :: Storing Card 9VE9Z6tAkyzO3GeQVXtin
2025-03-26 20:17:06,340 INFO v2.storage :: Storing Card VFCGVYPVtLzCtt4teeoW4
2025-03-26 20:17:06,341 INFO v2.storage :: Storing Card -6yAP_G1UZ7xZc4E65Tvy
2025-03-26 20:17:06,343 INFO v2.storage :: Storing Card C8V7Dszig-vuqn9TP0igc
2025-03-26 20:17:06,344 INFO v2.storage :: Storing Card D4o8cCTOY-SnxoYDRVWcO
2025-03-26 20:17:06,345 INFO v2.storage :: Storing Card qQ3JGGOxVC8mrOLwxpcR6
2025-03-26 20:17:06,346 INFO v2.storage :: Storing Card Ey2qt4I-wcg1E0846iUQS
2025-03-26 20:17:06,347 INFO v2.storage :: Storing Card byM0vLfOiM1zBI_t1MUcO
2025-03-26 20:17:06,348 INFO v2.storage :: Storing Card 8EdazRgPwfxdiltp7NCjS
2025-03-26 20:17:06,349 INFO v2.storage :: Storing Card ShsD1PjGTlFIvzm5FM9qC
2025-03-26 20:17:06,350 INFO v2.storage :: Storing Card S-hEu1jZ2-822qvBQ1EiT
2025-03-26 20:17:06,352 INFO v2.storage :: Storing Card fKu0z-vEC1WwVv1Lu95jD
2025-03-26 20:17:06,353 INFO v2.storage :: Storing Card AXDOILGSNqoWoxV1NuvTt
2025-03-26 20:17:06,355 INFO v2.storage :: Storing Card kgAiQ87dLKJmTnOaTeVsc
2025-03-26 20:17:06,356 INFO v2.storage :: Storing Card ucI5e9_FdTQF-1i7RdtIX
2025-03-26 20:17:06,358 INFO v2.storage :: Storing Card fdkSuB8zWEbjEq_vWMaI-
2025-03-26 20:17:06,359 INFO v2.storage :: Storing Card A5pNCrrWtf2bVka2vXVLx
2025-03-26 20:17:06,360 INFO v2.storage :: Storing Card g7G9X1p0na--gwNCUL75j
2025-03-26 20:17:06,361 INFO v2.storage :: Storing Card HSVx57QxslVTGbo1_XS4G
2025-03-26 20:17:06,362 INFO v2.storage :: Storing Card leO-OHTwIMltfpcLLOJxj
2025-03-26 20:17:06,363 INFO v2.storage :: Storing Card dzFHc6awtpZCSn9-wscNQ
2025-03-26 20:17:06,364 INFO v2.storage :: Storing Card c5m4bxKyi7GEa1sML-wpu
2025-03-26 20:17:06,366 INFO v2.storage :: Storing Card T9OjH7_py-tNsyPb4O8yC
2025-03-26 20:17:06,367 INFO v2.storage :: Storing Card IEp2LZKY_aJMpchBacdjP
2025-03-26 20:17:06,368 INFO v2.storage :: Storing Card 8MovkFBA00WFOq2v5BzfB
2025-03-26 20:17:06,369 INFO v2.storage :: Storing Card yBoV-iHmFUrY9xqB0v9Pg
2025-03-26 20:17:06,370 INFO v2.storage :: Storing Card BQAQ6YNiUIMfmAPLpSKQW
2025-03-26 20:17:06,371 INFO v2.storage :: Storing Card lY4hbjNofxepxQGRhJa0s
2025-03-26 20:17:06,373 INFO v2.storage :: Storing Card oShRjudlgUvJRezvGTQTD
2025-03-26 20:17:06,375 INFO v2.storage :: Storing Card hjNoawcRfsDrC32g7LSOE
2025-03-26 20:17:06,376 INFO v2.storage :: Storing Card rqxxsDv8zhSBXgJmVjyWa
2025-03-26 20:17:06,377 INFO v2.storage :: Storing Card qj0jT7SXwEUezz1wSjtaZ
2025-03-26 20:17:06,378 INFO v2.storage :: Storing Card nhFZBIIZA_KnK6RuLp36z
2025-03-26 20:17:06,379 INFO v2.storage :: Storing Card 1aVGgD6-onGIPUeWCLiMA
2025-03-26 20:17:06,381 INFO v2.storage :: Storing Card f9RqS8HspKvcsGEH24_Af
2025-03-26 20:17:06,382 INFO v2.storage :: Storing Card BP4o72CSvPOTLe5Nk6twf
2025-03-26 20:17:06,383 INFO v2.storage :: Storing Card hBnes5i3LGSYZeoGIYwvm
2025-03-26 20:17:06,384 INFO v2.storage :: Storing Card t1rQijQdCIZoQI6bhwBEG
2025-03-26 20:17:06,385 INFO v2.storage :: Storing Card avC199ZiYvp1aIWdejfFf
2025-03-26 20:17:06,386 INFO v2.storage :: Storing Card evd6f3MoDUtTNsoXHwu0T
2025-03-26 20:17:06,388 INFO v2.storage :: Storing Card Bkb4GEr5dH2_LbDOKhObR
2025-03-26 20:17:06,388 INFO v2.storage :: Storing Card NdqehUq98ebQ4H_-1d9v3
2025-03-26 20:17:06,390 INFO v2.storage :: Storing Card d3KPtMfbe0IIK0MDrHTNn
2025-03-26 20:17:06,391 INFO v2.storage :: Storing Card -mfPjg0QOoIKbqJS0SYne
2025-03-26 20:17:06,392 INFO v2.storage :: Storing Card P-shWkp5lozD2nuo5xusW
2025-03-26 20:17:06,393 INFO v2.storage :: Storing Card wd1PEi_Z217Gr-ceeZSNj
2025-03-26 20:17:06,396 INFO v2.storage :: Storing Card cO53DQ6k0DueW5Aglwp7Y
2025-03-26 20:17:06,400 INFO v2.storage :: Storing Card OouzOUPGIjf6zXJsSDe0f
2025-03-26 20:17:06,402 INFO v2.storage :: Storing Card DDT6zuq6O7bsnw1UEWtQQ
2025-03-26 20:17:06,404 INFO v2.storage :: Storing Card -BcEE22ptXyDOgUNRqyct
2025-03-26 20:17:06,408 INFO v2.storage :: Storing Card dsZMohGmK4P7eQRBdLFmb
2025-03-26 20:17:06,409 INFO v2.storage :: Storing Card fPYpb3KcV2TJZLRw-L841
2025-03-26 20:17:06,410 INFO v2.storage :: Storing Card KMq74J_Gh78vIimczx0LH
2025-03-26 20:17:06,411 INFO v2.storage :: Storing Card QEYx_MJGL2QfUVw4FHKom
2025-03-26 20:17:06,412 INFO v2.storage :: Storing Card 1oOS0j-YDFAKdKpAI54U1
2025-03-26 20:17:06,413 INFO v2.storage :: Storing Card zdqbhcaieh1vn77knB85X
2025-03-26 20:17:06,414 INFO v2.storage :: Storing Card qYZmcKKFIOgWIC5ZBSdPV
2025-03-26 20:17:06,416 INFO v2.storage :: Storing Card 7AF9sAISQbcm6zGpI7715
2025-03-26 20:17:06,418 INFO v2.storage :: Storing Card 3DBFwapkntRZUyxxG_Gda
2025-03-26 20:17:06,422 INFO v2.storage :: Storing Card YYBS29loMwQwt7rSfbhtD
2025-03-26 20:17:06,424 INFO v2.storage :: Storing Card j-GruBVLLifkj3CTTjc24
2025-03-26 20:17:06,426 INFO v2.storage :: Storing Card cYjeBKceYu-GatKtQoLjw
2025-03-26 20:17:06,429 INFO v2.storage :: Storing Card eRcERn2tkbvTQDGvQbah2
2025-03-26 20:17:06,431 INFO v2.storage :: Storing Card 8KojkFekI7MgGUoC_YVNT
2025-03-26 20:17:06,434 INFO v2.storage :: Storing Card I1vnPW8qcap-kt0MS9BRI
2025-03-26 20:17:06,436 INFO v2.storage :: Storing Card MZnrZb2Awy_NZ-cfdl4KI
2025-03-26 20:17:06,438 INFO v2.storage :: Storing Card pAbQlxzrz81lWMZhTI2yx
2025-03-26 20:17:06,439 INFO v2.storage :: Storing Card YsSba5spLpNinWBO8FU4v
2025-03-26 20:17:06,441 INFO v2.storage :: Storing Card jwY5i2xgVWtIfVwMmryJB
2025-03-26 20:17:06,443 INFO v2.storage :: Storing NativeQuerySnippet 5w5_JWozQqewpqsyWL-H1
2025-03-26 20:17:06,444 INFO v2.storage :: Storing Collection HyB3nRtqb7pBPhFG26evI
2025-03-26 20:17:06,444 INFO v2.storage :: Storing Collection 54O0IbgCzm290Nnxf1wRH
2025-03-26 20:17:06,445 INFO v2.storage :: Storing Collection rQ-sPivED6cgIo8oB6YRq
2025-03-26 20:17:06,445 INFO v2.storage :: Storing Collection uw5zZx8BdSWhEqw2SaaSP
2025-03-26 20:17:06,445 INFO v2.storage :: Storing Collection eUVIXSp_J3PFL5-hY4FrX
2025-03-26 20:17:06,446 INFO v2.storage :: Storing Collection 53YGAg4EE6MC76nxx-f5f
2025-03-26 20:17:06,446 INFO v2.storage :: Storing Collection GLRl7Ny7CKz1Ic-HGaBMT
2025-03-26 20:17:06,447 INFO v2.storage :: Storing Collection L93SUJ6YnPirW1irQLPTE
