2025-03-27 14:41:55,828 INFO models.serialization :: Extracting Dashboard 1 xBLdW9FsgRuB2HGhWiBa_
2025-03-27 14:41:56,175 INFO models.serialization :: Extracting Dashboard 11 DlK2jXoIHPXyVkEuo6Uy6
2025-03-27 14:41:56,535 INFO models.serialization :: Extracting Dashboard 12 eOytkPrbKeJQ4P5zN8dW4
2025-03-27 14:41:56,757 INFO models.serialization :: Extracting Card 1 _GiVL6zYmsnBb1oqLCp4u
2025-03-27 14:41:56,786 INFO models.serialization :: Extracting Card 2 jjO5LcBp8qNILJFiYZoVt
2025-03-27 14:41:56,796 INFO models.serialization :: Extracting Card 3 OJ-I03ZsQ7IBrzr29B_8o
2025-03-27 14:41:56,804 INFO models.serialization :: Extracting Card 4 WMub5k6vo0zGP24qXQFNu
2025-03-27 14:41:56,809 INFO models.serialization :: Extracting Card 5 Jxa0svP68DfXubV_wD3os
2025-03-27 14:41:56,835 INFO models.serialization :: Extracting Card 6 UUZZsw19IuPTqdhho99oc
2025-03-27 14:41:56,847 INFO models.serialization :: Extracting Card 7 RpKYsFwHfjcckbgj4oBKK
2025-03-27 14:41:56,852 INFO models.serialization :: Extracting Card 8 X8HNuB_i3j2uNFnsx3vQ0
2025-03-27 14:41:56,874 INFO models.serialization :: Extracting Card 9 skXR69-dlhJST5C7Rd9nR
2025-03-27 14:41:56,879 INFO models.serialization :: Extracting Card 10 km2d9-ZqHrlAM79yPh13G
2025-03-27 14:41:56,907 INFO models.serialization :: Extracting Card 11 9VE9Z6tAkyzO3GeQVXtin
2025-03-27 14:41:56,914 INFO models.serialization :: Extracting Card 12 VFCGVYPVtLzCtt4teeoW4
2025-03-27 14:41:56,920 INFO models.serialization :: Extracting Card 13 -6yAP_G1UZ7xZc4E65Tvy
2025-03-27 14:41:56,924 INFO models.serialization :: Extracting Card 14 C8V7Dszig-vuqn9TP0igc
2025-03-27 14:41:56,930 INFO models.serialization :: Extracting Card 15 D4o8cCTOY-SnxoYDRVWcO
2025-03-27 14:41:56,934 INFO models.serialization :: Extracting Card 16 qQ3JGGOxVC8mrOLwxpcR6
2025-03-27 14:41:56,941 INFO models.serialization :: Extracting Card 17 Ey2qt4I-wcg1E0846iUQS
2025-03-27 14:41:56,945 INFO models.serialization :: Extracting Card 18 byM0vLfOiM1zBI_t1MUcO
2025-03-27 14:41:56,963 INFO models.serialization :: Extracting Card 19 8EdazRgPwfxdiltp7NCjS
2025-03-27 14:41:56,967 INFO models.serialization :: Extracting Card 20 ShsD1PjGTlFIvzm5FM9qC
2025-03-27 14:41:56,987 INFO models.serialization :: Extracting Card 21 S-hEu1jZ2-822qvBQ1EiT
2025-03-27 14:41:56,991 INFO models.serialization :: Extracting Card 22 fKu0z-vEC1WwVv1Lu95jD
2025-03-27 14:41:56,995 INFO models.serialization :: Extracting Card 23 AXDOILGSNqoWoxV1NuvTt
2025-03-27 14:41:57,020 INFO models.serialization :: Extracting Card 24 kgAiQ87dLKJmTnOaTeVsc
2025-03-27 14:41:57,025 INFO models.serialization :: Extracting Card 25 ucI5e9_FdTQF-1i7RdtIX
2025-03-27 14:41:57,030 INFO models.serialization :: Extracting Card 26 fdkSuB8zWEbjEq_vWMaI-
2025-03-27 14:41:57,034 INFO models.serialization :: Extracting Card 27 A5pNCrrWtf2bVka2vXVLx
2025-03-27 14:41:57,038 INFO models.serialization :: Extracting Card 28 g7G9X1p0na--gwNCUL75j
2025-03-27 14:41:57,042 INFO models.serialization :: Extracting Card 29 HSVx57QxslVTGbo1_XS4G
2025-03-27 14:41:57,047 INFO models.serialization :: Extracting Card 30 leO-OHTwIMltfpcLLOJxj
2025-03-27 14:41:57,052 INFO models.serialization :: Extracting Card 31 dzFHc6awtpZCSn9-wscNQ
2025-03-27 14:41:57,057 INFO models.serialization :: Extracting Card 32 c5m4bxKyi7GEa1sML-wpu
2025-03-27 14:41:57,084 INFO models.serialization :: Extracting Card 33 T9OjH7_py-tNsyPb4O8yC
2025-03-27 14:41:57,089 INFO models.serialization :: Extracting Card 34 IEp2LZKY_aJMpchBacdjP
2025-03-27 14:41:57,095 INFO models.serialization :: Extracting Card 35 8MovkFBA00WFOq2v5BzfB
2025-03-27 14:41:57,101 INFO models.serialization :: Extracting Card 36 yBoV-iHmFUrY9xqB0v9Pg
2025-03-27 14:41:57,106 INFO models.serialization :: Extracting Card 37 BQAQ6YNiUIMfmAPLpSKQW
2025-03-27 14:41:57,110 INFO models.serialization :: Extracting Card 156 lY4hbjNofxepxQGRhJa0s
2025-03-27 14:41:57,116 INFO models.serialization :: Extracting Card 161 oShRjudlgUvJRezvGTQTD
2025-03-27 14:41:57,121 INFO models.serialization :: Extracting Card 162 hjNoawcRfsDrC32g7LSOE
2025-03-27 14:41:57,124 INFO models.serialization :: Extracting Card 163 rqxxsDv8zhSBXgJmVjyWa
2025-03-27 14:41:57,134 INFO models.serialization :: Extracting Card 164 qj0jT7SXwEUezz1wSjtaZ
2025-03-27 14:41:57,143 INFO models.serialization :: Extracting Card 165 nhFZBIIZA_KnK6RuLp36z
2025-03-27 14:41:57,147 INFO models.serialization :: Extracting Card 166 1aVGgD6-onGIPUeWCLiMA
2025-03-27 14:41:57,151 INFO models.serialization :: Extracting Card 167 f9RqS8HspKvcsGEH24_Af
2025-03-27 14:41:57,156 INFO models.serialization :: Extracting Card 168 BP4o72CSvPOTLe5Nk6twf
2025-03-27 14:41:57,160 INFO models.serialization :: Extracting Card 169 hBnes5i3LGSYZeoGIYwvm
2025-03-27 14:41:57,164 INFO models.serialization :: Extracting Card 170 t1rQijQdCIZoQI6bhwBEG
2025-03-27 14:41:57,168 INFO models.serialization :: Extracting Card 171 avC199ZiYvp1aIWdejfFf
2025-03-27 14:41:57,173 INFO models.serialization :: Extracting Card 172 evd6f3MoDUtTNsoXHwu0T
2025-03-27 14:41:57,177 INFO models.serialization :: Extracting Card 173 Bkb4GEr5dH2_LbDOKhObR
2025-03-27 14:41:57,180 INFO models.serialization :: Extracting Card 174 NdqehUq98ebQ4H_-1d9v3
2025-03-27 14:41:57,186 INFO models.serialization :: Extracting Card 175 d3KPtMfbe0IIK0MDrHTNn
2025-03-27 14:41:57,191 INFO models.serialization :: Extracting Card 176 -mfPjg0QOoIKbqJS0SYne
2025-03-27 14:41:57,196 INFO models.serialization :: Extracting Card 177 P-shWkp5lozD2nuo5xusW
2025-03-27 14:41:57,200 INFO models.serialization :: Extracting Card 178 wd1PEi_Z217Gr-ceeZSNj
2025-03-27 14:41:57,204 INFO models.serialization :: Extracting Card 179 cO53DQ6k0DueW5Aglwp7Y
2025-03-27 14:41:57,208 INFO models.serialization :: Extracting Card 180 OouzOUPGIjf6zXJsSDe0f
2025-03-27 14:41:57,212 INFO models.serialization :: Extracting Card 181 DDT6zuq6O7bsnw1UEWtQQ
2025-03-27 14:41:57,216 INFO models.serialization :: Extracting Card 182 -BcEE22ptXyDOgUNRqyct
2025-03-27 14:41:57,220 INFO models.serialization :: Extracting Card 183 dsZMohGmK4P7eQRBdLFmb
2025-03-27 14:41:57,223 INFO models.serialization :: Extracting Card 184 fPYpb3KcV2TJZLRw-L841
2025-03-27 14:41:57,228 INFO models.serialization :: Extracting Card 185 KMq74J_Gh78vIimczx0LH
2025-03-27 14:41:57,231 INFO models.serialization :: Extracting Card 157 QEYx_MJGL2QfUVw4FHKom
2025-03-27 14:41:57,238 INFO models.serialization :: Extracting Card 158 1oOS0j-YDFAKdKpAI54U1
2025-03-27 14:41:57,242 INFO models.serialization :: Extracting Card 159 zdqbhcaieh1vn77knB85X
2025-03-27 14:41:57,246 INFO models.serialization :: Extracting Card 160 qYZmcKKFIOgWIC5ZBSdPV
2025-03-27 14:41:57,260 INFO models.serialization :: Extracting Card 186 7AF9sAISQbcm6zGpI7715
2025-03-27 14:41:57,272 INFO models.serialization :: Extracting Card 187 3DBFwapkntRZUyxxG_Gda
2025-03-27 14:41:57,277 INFO models.serialization :: Extracting Card 188 YYBS29loMwQwt7rSfbhtD
2025-03-27 14:41:57,281 INFO models.serialization :: Extracting Card 189 j-GruBVLLifkj3CTTjc24
2025-03-27 14:41:57,285 INFO models.serialization :: Extracting Card 190 cYjeBKceYu-GatKtQoLjw
2025-03-27 14:41:57,302 INFO models.serialization :: Extracting Card 191 eRcERn2tkbvTQDGvQbah2
2025-03-27 14:41:57,307 INFO models.serialization :: Extracting Card 192 8KojkFekI7MgGUoC_YVNT
2025-03-27 14:41:57,311 INFO models.serialization :: Extracting Card 193 I1vnPW8qcap-kt0MS9BRI
2025-03-27 14:41:57,316 INFO models.serialization :: Extracting Card 194 MZnrZb2Awy_NZ-cfdl4KI
2025-03-27 14:41:57,322 INFO models.serialization :: Extracting Card 195 pAbQlxzrz81lWMZhTI2yx
2025-03-27 14:41:57,330 INFO models.serialization :: Extracting Card 196 YsSba5spLpNinWBO8FU4v
2025-03-27 14:41:57,336 INFO models.serialization :: Extracting Card 197 jwY5i2xgVWtIfVwMmryJB
2025-03-27 14:41:57,344 INFO models.serialization :: Extracting NativeQuerySnippet 2 5w5_JWozQqewpqsyWL-H1
2025-03-27 14:41:57,349 INFO models.serialization :: Extracting Collection 2 HyB3nRtqb7pBPhFG26evI
2025-03-27 14:41:57,349 INFO models.serialization :: Extracting Collection 3 54O0IbgCzm290Nnxf1wRH
2025-03-27 14:41:57,349 INFO models.serialization :: Extracting Collection 7 rQ-sPivED6cgIo8oB6YRq
2025-03-27 14:41:57,349 INFO models.serialization :: Extracting Collection 8 uw5zZx8BdSWhEqw2SaaSP
2025-03-27 14:41:57,354 INFO models.serialization :: Extracting Collection 9 eUVIXSp_J3PFL5-hY4FrX
2025-03-27 14:41:57,354 INFO models.serialization :: Extracting Collection 17 53YGAg4EE6MC76nxx-f5f
2025-03-27 14:41:57,355 INFO models.serialization :: Extracting Collection 18 GLRl7Ny7CKz1Ic-HGaBMT
2025-03-27 14:41:57,355 INFO models.serialization :: Extracting Collection 19 L93SUJ6YnPirW1irQLPTE
2025-03-27 14:41:57,355 INFO v2.storage :: Storing Dashboard xBLdW9FsgRuB2HGhWiBa_
2025-03-27 14:41:57,365 INFO v2.storage :: Storing Dashboard DlK2jXoIHPXyVkEuo6Uy6
2025-03-27 14:41:57,379 INFO v2.storage :: Storing Dashboard eOytkPrbKeJQ4P5zN8dW4
2025-03-27 14:41:57,385 INFO v2.storage :: Storing Card _GiVL6zYmsnBb1oqLCp4u
2025-03-27 14:41:57,389 INFO v2.storage :: Storing Card jjO5LcBp8qNILJFiYZoVt
2025-03-27 14:41:57,390 INFO v2.storage :: Storing Card OJ-I03ZsQ7IBrzr29B_8o
2025-03-27 14:41:57,392 INFO v2.storage :: Storing Card WMub5k6vo0zGP24qXQFNu
2025-03-27 14:41:57,393 INFO v2.storage :: Storing Card Jxa0svP68DfXubV_wD3os
2025-03-27 14:41:57,395 INFO v2.storage :: Storing Card UUZZsw19IuPTqdhho99oc
2025-03-27 14:41:57,397 INFO v2.storage :: Storing Card RpKYsFwHfjcckbgj4oBKK
2025-03-27 14:41:57,398 INFO v2.storage :: Storing Card X8HNuB_i3j2uNFnsx3vQ0
2025-03-27 14:41:57,400 INFO v2.storage :: Storing Card skXR69-dlhJST5C7Rd9nR
2025-03-27 14:41:57,401 INFO v2.storage :: Storing Card km2d9-ZqHrlAM79yPh13G
2025-03-27 14:41:57,402 INFO v2.storage :: Storing Card 9VE9Z6tAkyzO3GeQVXtin
2025-03-27 14:41:57,403 INFO v2.storage :: Storing Card VFCGVYPVtLzCtt4teeoW4
2025-03-27 14:41:57,404 INFO v2.storage :: Storing Card -6yAP_G1UZ7xZc4E65Tvy
2025-03-27 14:41:57,406 INFO v2.storage :: Storing Card C8V7Dszig-vuqn9TP0igc
2025-03-27 14:41:57,407 INFO v2.storage :: Storing Card D4o8cCTOY-SnxoYDRVWcO
2025-03-27 14:41:57,408 INFO v2.storage :: Storing Card qQ3JGGOxVC8mrOLwxpcR6
2025-03-27 14:41:57,409 INFO v2.storage :: Storing Card Ey2qt4I-wcg1E0846iUQS
2025-03-27 14:41:57,410 INFO v2.storage :: Storing Card byM0vLfOiM1zBI_t1MUcO
2025-03-27 14:41:57,411 INFO v2.storage :: Storing Card 8EdazRgPwfxdiltp7NCjS
2025-03-27 14:41:57,412 INFO v2.storage :: Storing Card ShsD1PjGTlFIvzm5FM9qC
2025-03-27 14:41:57,413 INFO v2.storage :: Storing Card S-hEu1jZ2-822qvBQ1EiT
2025-03-27 14:41:57,414 INFO v2.storage :: Storing Card fKu0z-vEC1WwVv1Lu95jD
2025-03-27 14:41:57,415 INFO v2.storage :: Storing Card AXDOILGSNqoWoxV1NuvTt
2025-03-27 14:41:57,417 INFO v2.storage :: Storing Card kgAiQ87dLKJmTnOaTeVsc
2025-03-27 14:41:57,418 INFO v2.storage :: Storing Card ucI5e9_FdTQF-1i7RdtIX
2025-03-27 14:41:57,420 INFO v2.storage :: Storing Card fdkSuB8zWEbjEq_vWMaI-
2025-03-27 14:41:57,421 INFO v2.storage :: Storing Card A5pNCrrWtf2bVka2vXVLx
2025-03-27 14:41:57,422 INFO v2.storage :: Storing Card g7G9X1p0na--gwNCUL75j
2025-03-27 14:41:57,423 INFO v2.storage :: Storing Card HSVx57QxslVTGbo1_XS4G
2025-03-27 14:41:57,425 INFO v2.storage :: Storing Card leO-OHTwIMltfpcLLOJxj
2025-03-27 14:41:57,425 INFO v2.storage :: Storing Card dzFHc6awtpZCSn9-wscNQ
2025-03-27 14:41:57,426 INFO v2.storage :: Storing Card c5m4bxKyi7GEa1sML-wpu
2025-03-27 14:41:57,428 INFO v2.storage :: Storing Card T9OjH7_py-tNsyPb4O8yC
2025-03-27 14:41:57,429 INFO v2.storage :: Storing Card IEp2LZKY_aJMpchBacdjP
2025-03-27 14:41:57,430 INFO v2.storage :: Storing Card 8MovkFBA00WFOq2v5BzfB
2025-03-27 14:41:57,432 INFO v2.storage :: Storing Card yBoV-iHmFUrY9xqB0v9Pg
2025-03-27 14:41:57,433 INFO v2.storage :: Storing Card BQAQ6YNiUIMfmAPLpSKQW
2025-03-27 14:41:57,434 INFO v2.storage :: Storing Card lY4hbjNofxepxQGRhJa0s
2025-03-27 14:41:57,437 INFO v2.storage :: Storing Card oShRjudlgUvJRezvGTQTD
2025-03-27 14:41:57,438 INFO v2.storage :: Storing Card hjNoawcRfsDrC32g7LSOE
2025-03-27 14:41:57,441 INFO v2.storage :: Storing Card rqxxsDv8zhSBXgJmVjyWa
2025-03-27 14:41:57,442 INFO v2.storage :: Storing Card qj0jT7SXwEUezz1wSjtaZ
2025-03-27 14:41:57,443 INFO v2.storage :: Storing Card nhFZBIIZA_KnK6RuLp36z
2025-03-27 14:41:57,444 INFO v2.storage :: Storing Card 1aVGgD6-onGIPUeWCLiMA
2025-03-27 14:41:57,445 INFO v2.storage :: Storing Card f9RqS8HspKvcsGEH24_Af
2025-03-27 14:41:57,447 INFO v2.storage :: Storing Card BP4o72CSvPOTLe5Nk6twf
2025-03-27 14:41:57,448 INFO v2.storage :: Storing Card hBnes5i3LGSYZeoGIYwvm
2025-03-27 14:41:57,449 INFO v2.storage :: Storing Card t1rQijQdCIZoQI6bhwBEG
2025-03-27 14:41:57,451 INFO v2.storage :: Storing Card avC199ZiYvp1aIWdejfFf
2025-03-27 14:41:57,453 INFO v2.storage :: Storing Card evd6f3MoDUtTNsoXHwu0T
2025-03-27 14:41:57,454 INFO v2.storage :: Storing Card Bkb4GEr5dH2_LbDOKhObR
2025-03-27 14:41:57,455 INFO v2.storage :: Storing Card NdqehUq98ebQ4H_-1d9v3
2025-03-27 14:41:57,457 INFO v2.storage :: Storing Card d3KPtMfbe0IIK0MDrHTNn
2025-03-27 14:41:57,458 INFO v2.storage :: Storing Card -mfPjg0QOoIKbqJS0SYne
2025-03-27 14:41:57,459 INFO v2.storage :: Storing Card P-shWkp5lozD2nuo5xusW
2025-03-27 14:41:57,461 INFO v2.storage :: Storing Card wd1PEi_Z217Gr-ceeZSNj
2025-03-27 14:41:57,462 INFO v2.storage :: Storing Card cO53DQ6k0DueW5Aglwp7Y
2025-03-27 14:41:57,464 INFO v2.storage :: Storing Card OouzOUPGIjf6zXJsSDe0f
2025-03-27 14:41:57,465 INFO v2.storage :: Storing Card DDT6zuq6O7bsnw1UEWtQQ
2025-03-27 14:41:57,466 INFO v2.storage :: Storing Card -BcEE22ptXyDOgUNRqyct
2025-03-27 14:41:57,468 INFO v2.storage :: Storing Card dsZMohGmK4P7eQRBdLFmb
2025-03-27 14:41:57,469 INFO v2.storage :: Storing Card fPYpb3KcV2TJZLRw-L841
2025-03-27 14:41:57,470 INFO v2.storage :: Storing Card KMq74J_Gh78vIimczx0LH
2025-03-27 14:41:57,472 INFO v2.storage :: Storing Card QEYx_MJGL2QfUVw4FHKom
2025-03-27 14:41:57,473 INFO v2.storage :: Storing Card 1oOS0j-YDFAKdKpAI54U1
2025-03-27 14:41:57,474 INFO v2.storage :: Storing Card zdqbhcaieh1vn77knB85X
2025-03-27 14:41:57,474 INFO v2.storage :: Storing Card qYZmcKKFIOgWIC5ZBSdPV
2025-03-27 14:41:57,477 INFO v2.storage :: Storing Card 7AF9sAISQbcm6zGpI7715
2025-03-27 14:41:57,479 INFO v2.storage :: Storing Card 3DBFwapkntRZUyxxG_Gda
2025-03-27 14:41:57,482 INFO v2.storage :: Storing Card YYBS29loMwQwt7rSfbhtD
2025-03-27 14:41:57,484 INFO v2.storage :: Storing Card j-GruBVLLifkj3CTTjc24
2025-03-27 14:41:57,486 INFO v2.storage :: Storing Card cYjeBKceYu-GatKtQoLjw
2025-03-27 14:41:57,487 INFO v2.storage :: Storing Card eRcERn2tkbvTQDGvQbah2
2025-03-27 14:41:57,489 INFO v2.storage :: Storing Card 8KojkFekI7MgGUoC_YVNT
2025-03-27 14:41:57,490 INFO v2.storage :: Storing Card I1vnPW8qcap-kt0MS9BRI
2025-03-27 14:41:57,492 INFO v2.storage :: Storing Card MZnrZb2Awy_NZ-cfdl4KI
2025-03-27 14:41:57,494 INFO v2.storage :: Storing Card pAbQlxzrz81lWMZhTI2yx
2025-03-27 14:41:57,496 INFO v2.storage :: Storing Card YsSba5spLpNinWBO8FU4v
2025-03-27 14:41:57,497 INFO v2.storage :: Storing Card jwY5i2xgVWtIfVwMmryJB
2025-03-27 14:41:57,499 INFO v2.storage :: Storing NativeQuerySnippet 5w5_JWozQqewpqsyWL-H1
2025-03-27 14:41:57,500 INFO v2.storage :: Storing Collection HyB3nRtqb7pBPhFG26evI
2025-03-27 14:41:57,500 INFO v2.storage :: Storing Collection 54O0IbgCzm290Nnxf1wRH
2025-03-27 14:41:57,501 INFO v2.storage :: Storing Collection rQ-sPivED6cgIo8oB6YRq
2025-03-27 14:41:57,501 INFO v2.storage :: Storing Collection uw5zZx8BdSWhEqw2SaaSP
2025-03-27 14:41:57,502 INFO v2.storage :: Storing Collection eUVIXSp_J3PFL5-hY4FrX
2025-03-27 14:41:57,502 INFO v2.storage :: Storing Collection 53YGAg4EE6MC76nxx-f5f
2025-03-27 14:41:57,503 INFO v2.storage :: Storing Collection GLRl7Ny7CKz1Ic-HGaBMT
2025-03-27 14:41:57,503 INFO v2.storage :: Storing Collection L93SUJ6YnPirW1irQLPTE
