2025-03-27 22:22:38,251 INFO models.serialization :: Extracting Dashboard 1 xBLdW9FsgRuB2HGhWiBa_
2025-03-27 22:22:38,570 INFO models.serialization :: Extracting Dashboard 11 DlK2jXoIHPXyVkEuo6Uy6
2025-03-27 22:22:38,883 INFO models.serialization :: Extracting Dashboard 12 eOytkPrbKeJQ4P5zN8dW4
2025-03-27 22:22:39,069 INFO models.serialization :: Extracting Card 1 _GiVL6zYmsnBb1oqLCp4u
2025-03-27 22:22:39,096 INFO models.serialization :: Extracting Card 2 jjO5LcBp8qNILJFiYZoVt
2025-03-27 22:22:39,107 INFO models.serialization :: Extracting Card 3 OJ-I03ZsQ7IBrzr29B_8o
2025-03-27 22:22:39,115 INFO models.serialization :: Extracting Card 4 WMub5k6vo0zGP24qXQFNu
2025-03-27 22:22:39,119 INFO models.serialization :: Extracting Card 5 Jxa0svP68DfXubV_wD3os
2025-03-27 22:22:39,142 INFO models.serialization :: Extracting Card 6 UUZZsw19IuPTqdhho99oc
2025-03-27 22:22:39,152 INFO models.serialization :: Extracting Card 7 RpKYsFwHfjcckbgj4oBKK
2025-03-27 22:22:39,156 INFO models.serialization :: Extracting Card 8 X8HNuB_i3j2uNFnsx3vQ0
2025-03-27 22:22:39,171 INFO models.serialization :: Extracting Card 9 skXR69-dlhJST5C7Rd9nR
2025-03-27 22:22:39,177 INFO models.serialization :: Extracting Card 10 km2d9-ZqHrlAM79yPh13G
2025-03-27 22:22:39,195 INFO models.serialization :: Extracting Card 11 9VE9Z6tAkyzO3GeQVXtin
2025-03-27 22:22:39,201 INFO models.serialization :: Extracting Card 12 VFCGVYPVtLzCtt4teeoW4
2025-03-27 22:22:39,205 INFO models.serialization :: Extracting Card 13 -6yAP_G1UZ7xZc4E65Tvy
2025-03-27 22:22:39,209 INFO models.serialization :: Extracting Card 14 C8V7Dszig-vuqn9TP0igc
2025-03-27 22:22:39,214 INFO models.serialization :: Extracting Card 15 D4o8cCTOY-SnxoYDRVWcO
2025-03-27 22:22:39,218 INFO models.serialization :: Extracting Card 16 qQ3JGGOxVC8mrOLwxpcR6
2025-03-27 22:22:39,224 INFO models.serialization :: Extracting Card 17 Ey2qt4I-wcg1E0846iUQS
2025-03-27 22:22:39,228 INFO models.serialization :: Extracting Card 18 byM0vLfOiM1zBI_t1MUcO
2025-03-27 22:22:39,244 INFO models.serialization :: Extracting Card 19 8EdazRgPwfxdiltp7NCjS
2025-03-27 22:22:39,248 INFO models.serialization :: Extracting Card 20 ShsD1PjGTlFIvzm5FM9qC
2025-03-27 22:22:39,272 INFO models.serialization :: Extracting Card 21 S-hEu1jZ2-822qvBQ1EiT
2025-03-27 22:22:39,276 INFO models.serialization :: Extracting Card 22 fKu0z-vEC1WwVv1Lu95jD
2025-03-27 22:22:39,280 INFO models.serialization :: Extracting Card 23 AXDOILGSNqoWoxV1NuvTt
2025-03-27 22:22:39,300 INFO models.serialization :: Extracting Card 24 kgAiQ87dLKJmTnOaTeVsc
2025-03-27 22:22:39,305 INFO models.serialization :: Extracting Card 25 ucI5e9_FdTQF-1i7RdtIX
2025-03-27 22:22:39,309 INFO models.serialization :: Extracting Card 26 fdkSuB8zWEbjEq_vWMaI-
2025-03-27 22:22:39,312 INFO models.serialization :: Extracting Card 27 A5pNCrrWtf2bVka2vXVLx
2025-03-27 22:22:39,316 INFO models.serialization :: Extracting Card 28 g7G9X1p0na--gwNCUL75j
2025-03-27 22:22:39,320 INFO models.serialization :: Extracting Card 29 HSVx57QxslVTGbo1_XS4G
2025-03-27 22:22:39,324 INFO models.serialization :: Extracting Card 30 leO-OHTwIMltfpcLLOJxj
2025-03-27 22:22:39,327 INFO models.serialization :: Extracting Card 31 dzFHc6awtpZCSn9-wscNQ
2025-03-27 22:22:39,330 INFO models.serialization :: Extracting Card 32 c5m4bxKyi7GEa1sML-wpu
2025-03-27 22:22:39,348 INFO models.serialization :: Extracting Card 33 T9OjH7_py-tNsyPb4O8yC
2025-03-27 22:22:39,351 INFO models.serialization :: Extracting Card 34 IEp2LZKY_aJMpchBacdjP
2025-03-27 22:22:39,355 INFO models.serialization :: Extracting Card 35 8MovkFBA00WFOq2v5BzfB
2025-03-27 22:22:39,359 INFO models.serialization :: Extracting Card 36 yBoV-iHmFUrY9xqB0v9Pg
2025-03-27 22:22:39,377 INFO models.serialization :: Extracting Card 37 BQAQ6YNiUIMfmAPLpSKQW
2025-03-27 22:22:39,381 INFO models.serialization :: Extracting Card 156 lY4hbjNofxepxQGRhJa0s
2025-03-27 22:22:39,387 INFO models.serialization :: Extracting Card 161 oShRjudlgUvJRezvGTQTD
2025-03-27 22:22:39,391 INFO models.serialization :: Extracting Card 162 hjNoawcRfsDrC32g7LSOE
2025-03-27 22:22:39,394 INFO models.serialization :: Extracting Card 163 rqxxsDv8zhSBXgJmVjyWa
2025-03-27 22:22:39,403 INFO models.serialization :: Extracting Card 164 qj0jT7SXwEUezz1wSjtaZ
2025-03-27 22:22:39,413 INFO models.serialization :: Extracting Card 165 nhFZBIIZA_KnK6RuLp36z
2025-03-27 22:22:39,416 INFO models.serialization :: Extracting Card 166 1aVGgD6-onGIPUeWCLiMA
2025-03-27 22:22:39,422 INFO models.serialization :: Extracting Card 167 f9RqS8HspKvcsGEH24_Af
2025-03-27 22:22:39,426 INFO models.serialization :: Extracting Card 168 BP4o72CSvPOTLe5Nk6twf
2025-03-27 22:22:39,430 INFO models.serialization :: Extracting Card 169 hBnes5i3LGSYZeoGIYwvm
2025-03-27 22:22:39,433 INFO models.serialization :: Extracting Card 170 t1rQijQdCIZoQI6bhwBEG
2025-03-27 22:22:39,437 INFO models.serialization :: Extracting Card 171 avC199ZiYvp1aIWdejfFf
2025-03-27 22:22:39,441 INFO models.serialization :: Extracting Card 172 evd6f3MoDUtTNsoXHwu0T
2025-03-27 22:22:39,445 INFO models.serialization :: Extracting Card 173 Bkb4GEr5dH2_LbDOKhObR
2025-03-27 22:22:39,449 INFO models.serialization :: Extracting Card 174 NdqehUq98ebQ4H_-1d9v3
2025-03-27 22:22:39,452 INFO models.serialization :: Extracting Card 175 d3KPtMfbe0IIK0MDrHTNn
2025-03-27 22:22:39,456 INFO models.serialization :: Extracting Card 176 -mfPjg0QOoIKbqJS0SYne
2025-03-27 22:22:39,460 INFO models.serialization :: Extracting Card 177 P-shWkp5lozD2nuo5xusW
2025-03-27 22:22:39,464 INFO models.serialization :: Extracting Card 178 wd1PEi_Z217Gr-ceeZSNj
2025-03-27 22:22:39,468 INFO models.serialization :: Extracting Card 179 cO53DQ6k0DueW5Aglwp7Y
2025-03-27 22:22:39,472 INFO models.serialization :: Extracting Card 180 OouzOUPGIjf6zXJsSDe0f
2025-03-27 22:22:39,476 INFO models.serialization :: Extracting Card 181 DDT6zuq6O7bsnw1UEWtQQ
2025-03-27 22:22:39,480 INFO models.serialization :: Extracting Card 182 -BcEE22ptXyDOgUNRqyct
2025-03-27 22:22:39,484 INFO models.serialization :: Extracting Card 183 dsZMohGmK4P7eQRBdLFmb
2025-03-27 22:22:39,488 INFO models.serialization :: Extracting Card 184 fPYpb3KcV2TJZLRw-L841
2025-03-27 22:22:39,493 INFO models.serialization :: Extracting Card 185 KMq74J_Gh78vIimczx0LH
2025-03-27 22:22:39,497 INFO models.serialization :: Extracting Card 157 QEYx_MJGL2QfUVw4FHKom
2025-03-27 22:22:39,504 INFO models.serialization :: Extracting Card 158 1oOS0j-YDFAKdKpAI54U1
2025-03-27 22:22:39,508 INFO models.serialization :: Extracting Card 159 zdqbhcaieh1vn77knB85X
2025-03-27 22:22:39,511 INFO models.serialization :: Extracting Card 160 qYZmcKKFIOgWIC5ZBSdPV
2025-03-27 22:22:39,528 INFO models.serialization :: Extracting Card 186 7AF9sAISQbcm6zGpI7715
2025-03-27 22:22:39,537 INFO models.serialization :: Extracting Card 187 3DBFwapkntRZUyxxG_Gda
2025-03-27 22:22:39,541 INFO models.serialization :: Extracting Card 188 YYBS29loMwQwt7rSfbhtD
2025-03-27 22:22:39,545 INFO models.serialization :: Extracting Card 189 j-GruBVLLifkj3CTTjc24
2025-03-27 22:22:39,550 INFO models.serialization :: Extracting Card 190 cYjeBKceYu-GatKtQoLjw
2025-03-27 22:22:39,557 INFO models.serialization :: Extracting Card 191 eRcERn2tkbvTQDGvQbah2
2025-03-27 22:22:39,560 INFO models.serialization :: Extracting Card 192 8KojkFekI7MgGUoC_YVNT
2025-03-27 22:22:39,565 INFO models.serialization :: Extracting Card 193 I1vnPW8qcap-kt0MS9BRI
2025-03-27 22:22:39,569 INFO models.serialization :: Extracting Card 194 MZnrZb2Awy_NZ-cfdl4KI
2025-03-27 22:22:39,575 INFO models.serialization :: Extracting Card 195 pAbQlxzrz81lWMZhTI2yx
2025-03-27 22:22:39,582 INFO models.serialization :: Extracting Card 196 YsSba5spLpNinWBO8FU4v
2025-03-27 22:22:39,588 INFO models.serialization :: Extracting Card 197 jwY5i2xgVWtIfVwMmryJB
2025-03-27 22:22:39,595 INFO models.serialization :: Extracting NativeQuerySnippet 2 5w5_JWozQqewpqsyWL-H1
2025-03-27 22:22:39,600 INFO models.serialization :: Extracting Collection 2 HyB3nRtqb7pBPhFG26evI
2025-03-27 22:22:39,600 INFO models.serialization :: Extracting Collection 3 54O0IbgCzm290Nnxf1wRH
2025-03-27 22:22:39,600 INFO models.serialization :: Extracting Collection 7 rQ-sPivED6cgIo8oB6YRq
2025-03-27 22:22:39,601 INFO models.serialization :: Extracting Collection 8 uw5zZx8BdSWhEqw2SaaSP
2025-03-27 22:22:39,603 INFO models.serialization :: Extracting Collection 9 eUVIXSp_J3PFL5-hY4FrX
2025-03-27 22:22:39,603 INFO models.serialization :: Extracting Collection 17 53YGAg4EE6MC76nxx-f5f
2025-03-27 22:22:39,603 INFO models.serialization :: Extracting Collection 18 GLRl7Ny7CKz1Ic-HGaBMT
2025-03-27 22:22:39,604 INFO models.serialization :: Extracting Collection 19 L93SUJ6YnPirW1irQLPTE
2025-03-27 22:22:39,604 INFO v2.storage :: Storing Dashboard xBLdW9FsgRuB2HGhWiBa_
2025-03-27 22:22:39,613 INFO v2.storage :: Storing Dashboard DlK2jXoIHPXyVkEuo6Uy6
2025-03-27 22:22:39,628 INFO v2.storage :: Storing Dashboard eOytkPrbKeJQ4P5zN8dW4
2025-03-27 22:22:39,635 INFO v2.storage :: Storing Card _GiVL6zYmsnBb1oqLCp4u
2025-03-27 22:22:39,638 INFO v2.storage :: Storing Card jjO5LcBp8qNILJFiYZoVt
2025-03-27 22:22:39,639 INFO v2.storage :: Storing Card OJ-I03ZsQ7IBrzr29B_8o
2025-03-27 22:22:39,640 INFO v2.storage :: Storing Card WMub5k6vo0zGP24qXQFNu
2025-03-27 22:22:39,642 INFO v2.storage :: Storing Card Jxa0svP68DfXubV_wD3os
2025-03-27 22:22:39,644 INFO v2.storage :: Storing Card UUZZsw19IuPTqdhho99oc
2025-03-27 22:22:39,645 INFO v2.storage :: Storing Card RpKYsFwHfjcckbgj4oBKK
2025-03-27 22:22:39,646 INFO v2.storage :: Storing Card X8HNuB_i3j2uNFnsx3vQ0
2025-03-27 22:22:39,648 INFO v2.storage :: Storing Card skXR69-dlhJST5C7Rd9nR
2025-03-27 22:22:39,649 INFO v2.storage :: Storing Card km2d9-ZqHrlAM79yPh13G
2025-03-27 22:22:39,650 INFO v2.storage :: Storing Card 9VE9Z6tAkyzO3GeQVXtin
2025-03-27 22:22:39,651 INFO v2.storage :: Storing Card VFCGVYPVtLzCtt4teeoW4
2025-03-27 22:22:39,653 INFO v2.storage :: Storing Card -6yAP_G1UZ7xZc4E65Tvy
2025-03-27 22:22:39,654 INFO v2.storage :: Storing Card C8V7Dszig-vuqn9TP0igc
2025-03-27 22:22:39,655 INFO v2.storage :: Storing Card D4o8cCTOY-SnxoYDRVWcO
2025-03-27 22:22:39,656 INFO v2.storage :: Storing Card qQ3JGGOxVC8mrOLwxpcR6
2025-03-27 22:22:39,657 INFO v2.storage :: Storing Card Ey2qt4I-wcg1E0846iUQS
2025-03-27 22:22:39,658 INFO v2.storage :: Storing Card byM0vLfOiM1zBI_t1MUcO
2025-03-27 22:22:39,659 INFO v2.storage :: Storing Card 8EdazRgPwfxdiltp7NCjS
2025-03-27 22:22:39,660 INFO v2.storage :: Storing Card ShsD1PjGTlFIvzm5FM9qC
2025-03-27 22:22:39,662 INFO v2.storage :: Storing Card S-hEu1jZ2-822qvBQ1EiT
2025-03-27 22:22:39,663 INFO v2.storage :: Storing Card fKu0z-vEC1WwVv1Lu95jD
2025-03-27 22:22:39,664 INFO v2.storage :: Storing Card AXDOILGSNqoWoxV1NuvTt
2025-03-27 22:22:39,666 INFO v2.storage :: Storing Card kgAiQ87dLKJmTnOaTeVsc
2025-03-27 22:22:39,667 INFO v2.storage :: Storing Card ucI5e9_FdTQF-1i7RdtIX
2025-03-27 22:22:39,669 INFO v2.storage :: Storing Card fdkSuB8zWEbjEq_vWMaI-
2025-03-27 22:22:39,670 INFO v2.storage :: Storing Card A5pNCrrWtf2bVka2vXVLx
2025-03-27 22:22:39,671 INFO v2.storage :: Storing Card g7G9X1p0na--gwNCUL75j
2025-03-27 22:22:39,672 INFO v2.storage :: Storing Card HSVx57QxslVTGbo1_XS4G
2025-03-27 22:22:39,673 INFO v2.storage :: Storing Card leO-OHTwIMltfpcLLOJxj
2025-03-27 22:22:39,674 INFO v2.storage :: Storing Card dzFHc6awtpZCSn9-wscNQ
2025-03-27 22:22:39,675 INFO v2.storage :: Storing Card c5m4bxKyi7GEa1sML-wpu
2025-03-27 22:22:39,677 INFO v2.storage :: Storing Card T9OjH7_py-tNsyPb4O8yC
2025-03-27 22:22:39,678 INFO v2.storage :: Storing Card IEp2LZKY_aJMpchBacdjP
2025-03-27 22:22:39,679 INFO v2.storage :: Storing Card 8MovkFBA00WFOq2v5BzfB
2025-03-27 22:22:39,680 INFO v2.storage :: Storing Card yBoV-iHmFUrY9xqB0v9Pg
2025-03-27 22:22:39,681 INFO v2.storage :: Storing Card BQAQ6YNiUIMfmAPLpSKQW
2025-03-27 22:22:39,682 INFO v2.storage :: Storing Card lY4hbjNofxepxQGRhJa0s
2025-03-27 22:22:39,684 INFO v2.storage :: Storing Card oShRjudlgUvJRezvGTQTD
2025-03-27 22:22:39,685 INFO v2.storage :: Storing Card hjNoawcRfsDrC32g7LSOE
2025-03-27 22:22:39,687 INFO v2.storage :: Storing Card rqxxsDv8zhSBXgJmVjyWa
2025-03-27 22:22:39,688 INFO v2.storage :: Storing Card qj0jT7SXwEUezz1wSjtaZ
2025-03-27 22:22:39,689 INFO v2.storage :: Storing Card nhFZBIIZA_KnK6RuLp36z
2025-03-27 22:22:39,690 INFO v2.storage :: Storing Card 1aVGgD6-onGIPUeWCLiMA
2025-03-27 22:22:39,691 INFO v2.storage :: Storing Card f9RqS8HspKvcsGEH24_Af
2025-03-27 22:22:39,692 INFO v2.storage :: Storing Card BP4o72CSvPOTLe5Nk6twf
2025-03-27 22:22:39,693 INFO v2.storage :: Storing Card hBnes5i3LGSYZeoGIYwvm
2025-03-27 22:22:39,694 INFO v2.storage :: Storing Card t1rQijQdCIZoQI6bhwBEG
2025-03-27 22:22:39,696 INFO v2.storage :: Storing Card avC199ZiYvp1aIWdejfFf
2025-03-27 22:22:39,697 INFO v2.storage :: Storing Card evd6f3MoDUtTNsoXHwu0T
2025-03-27 22:22:39,698 INFO v2.storage :: Storing Card Bkb4GEr5dH2_LbDOKhObR
2025-03-27 22:22:39,699 INFO v2.storage :: Storing Card NdqehUq98ebQ4H_-1d9v3
2025-03-27 22:22:39,700 INFO v2.storage :: Storing Card d3KPtMfbe0IIK0MDrHTNn
2025-03-27 22:22:39,701 INFO v2.storage :: Storing Card -mfPjg0QOoIKbqJS0SYne
2025-03-27 22:22:39,702 INFO v2.storage :: Storing Card P-shWkp5lozD2nuo5xusW
2025-03-27 22:22:39,703 INFO v2.storage :: Storing Card wd1PEi_Z217Gr-ceeZSNj
2025-03-27 22:22:39,704 INFO v2.storage :: Storing Card cO53DQ6k0DueW5Aglwp7Y
2025-03-27 22:22:39,705 INFO v2.storage :: Storing Card OouzOUPGIjf6zXJsSDe0f
2025-03-27 22:22:39,706 INFO v2.storage :: Storing Card DDT6zuq6O7bsnw1UEWtQQ
2025-03-27 22:22:39,707 INFO v2.storage :: Storing Card -BcEE22ptXyDOgUNRqyct
2025-03-27 22:22:39,708 INFO v2.storage :: Storing Card dsZMohGmK4P7eQRBdLFmb
2025-03-27 22:22:39,709 INFO v2.storage :: Storing Card fPYpb3KcV2TJZLRw-L841
2025-03-27 22:22:39,710 INFO v2.storage :: Storing Card KMq74J_Gh78vIimczx0LH
2025-03-27 22:22:39,711 INFO v2.storage :: Storing Card QEYx_MJGL2QfUVw4FHKom
2025-03-27 22:22:39,712 INFO v2.storage :: Storing Card 1oOS0j-YDFAKdKpAI54U1
2025-03-27 22:22:39,713 INFO v2.storage :: Storing Card zdqbhcaieh1vn77knB85X
2025-03-27 22:22:39,714 INFO v2.storage :: Storing Card qYZmcKKFIOgWIC5ZBSdPV
2025-03-27 22:22:39,716 INFO v2.storage :: Storing Card 7AF9sAISQbcm6zGpI7715
2025-03-27 22:22:39,717 INFO v2.storage :: Storing Card 3DBFwapkntRZUyxxG_Gda
2025-03-27 22:22:39,720 INFO v2.storage :: Storing Card YYBS29loMwQwt7rSfbhtD
2025-03-27 22:22:39,722 INFO v2.storage :: Storing Card j-GruBVLLifkj3CTTjc24
2025-03-27 22:22:39,724 INFO v2.storage :: Storing Card cYjeBKceYu-GatKtQoLjw
2025-03-27 22:22:39,726 INFO v2.storage :: Storing Card eRcERn2tkbvTQDGvQbah2
2025-03-27 22:22:39,727 INFO v2.storage :: Storing Card 8KojkFekI7MgGUoC_YVNT
2025-03-27 22:22:39,729 INFO v2.storage :: Storing Card I1vnPW8qcap-kt0MS9BRI
2025-03-27 22:22:39,731 INFO v2.storage :: Storing Card MZnrZb2Awy_NZ-cfdl4KI
2025-03-27 22:22:39,733 INFO v2.storage :: Storing Card pAbQlxzrz81lWMZhTI2yx
2025-03-27 22:22:39,735 INFO v2.storage :: Storing Card YsSba5spLpNinWBO8FU4v
2025-03-27 22:22:39,737 INFO v2.storage :: Storing Card jwY5i2xgVWtIfVwMmryJB
2025-03-27 22:22:39,739 INFO v2.storage :: Storing NativeQuerySnippet 5w5_JWozQqewpqsyWL-H1
2025-03-27 22:22:39,740 INFO v2.storage :: Storing Collection HyB3nRtqb7pBPhFG26evI
2025-03-27 22:22:39,741 INFO v2.storage :: Storing Collection 54O0IbgCzm290Nnxf1wRH
2025-03-27 22:22:39,742 INFO v2.storage :: Storing Collection rQ-sPivED6cgIo8oB6YRq
2025-03-27 22:22:39,742 INFO v2.storage :: Storing Collection uw5zZx8BdSWhEqw2SaaSP
2025-03-27 22:22:39,742 INFO v2.storage :: Storing Collection eUVIXSp_J3PFL5-hY4FrX
2025-03-27 22:22:39,743 INFO v2.storage :: Storing Collection 53YGAg4EE6MC76nxx-f5f
2025-03-27 22:22:39,744 INFO v2.storage :: Storing Collection GLRl7Ny7CKz1Ic-HGaBMT
2025-03-27 22:22:39,744 INFO v2.storage :: Storing Collection L93SUJ6YnPirW1irQLPTE
