2025-03-27 13:55:58,078 INFO models.serialization :: Extracting Dashboard 1 xBLdW9FsgRuB2HGhWiBa_
2025-03-27 13:55:58,381 INFO models.serialization :: Extracting Dashboard 11 DlK2jXoIHPXyVkEuo6Uy6
2025-03-27 13:55:58,710 INFO models.serialization :: Extracting Dashboard 12 eOytkPrbKeJQ4P5zN8dW4
2025-03-27 13:55:58,952 INFO models.serialization :: Extracting Card 1 _GiVL6zYmsnBb1oqLCp4u
2025-03-27 13:55:59,014 INFO models.serialization :: Extracting Card 2 jjO5LcBp8qNILJFiYZoVt
2025-03-27 13:55:59,027 INFO models.serialization :: Extracting Card 3 OJ-I03ZsQ7IBrzr29B_8o
2025-03-27 13:55:59,037 INFO models.serialization :: Extracting Card 4 WMub5k6vo0zGP24qXQFNu
2025-03-27 13:55:59,041 INFO models.serialization :: Extracting Card 5 Jxa0svP68DfXubV_wD3os
2025-03-27 13:55:59,078 INFO models.serialization :: Extracting Card 6 UUZZsw19IuPTqdhho99oc
2025-03-27 13:55:59,092 INFO models.serialization :: Extracting Card 7 RpKYsFwHfjcckbgj4oBKK
2025-03-27 13:55:59,099 INFO models.serialization :: Extracting Card 8 X8HNuB_i3j2uNFnsx3vQ0
2025-03-27 13:55:59,126 INFO models.serialization :: Extracting Card 9 skXR69-dlhJST5C7Rd9nR
2025-03-27 13:55:59,131 INFO models.serialization :: Extracting Card 10 km2d9-ZqHrlAM79yPh13G
2025-03-27 13:55:59,160 INFO models.serialization :: Extracting Card 11 9VE9Z6tAkyzO3GeQVXtin
2025-03-27 13:55:59,167 INFO models.serialization :: Extracting Card 12 VFCGVYPVtLzCtt4teeoW4
2025-03-27 13:55:59,172 INFO models.serialization :: Extracting Card 13 -6yAP_G1UZ7xZc4E65Tvy
2025-03-27 13:55:59,178 INFO models.serialization :: Extracting Card 14 C8V7Dszig-vuqn9TP0igc
2025-03-27 13:55:59,185 INFO models.serialization :: Extracting Card 15 D4o8cCTOY-SnxoYDRVWcO
2025-03-27 13:55:59,189 INFO models.serialization :: Extracting Card 16 qQ3JGGOxVC8mrOLwxpcR6
2025-03-27 13:55:59,198 INFO models.serialization :: Extracting Card 17 Ey2qt4I-wcg1E0846iUQS
2025-03-27 13:55:59,203 INFO models.serialization :: Extracting Card 18 byM0vLfOiM1zBI_t1MUcO
2025-03-27 13:55:59,229 INFO models.serialization :: Extracting Card 19 8EdazRgPwfxdiltp7NCjS
2025-03-27 13:55:59,233 INFO models.serialization :: Extracting Card 20 ShsD1PjGTlFIvzm5FM9qC
2025-03-27 13:55:59,265 INFO models.serialization :: Extracting Card 21 S-hEu1jZ2-822qvBQ1EiT
2025-03-27 13:55:59,270 INFO models.serialization :: Extracting Card 22 fKu0z-vEC1WwVv1Lu95jD
2025-03-27 13:55:59,280 INFO models.serialization :: Extracting Card 23 AXDOILGSNqoWoxV1NuvTt
2025-03-27 13:55:59,304 INFO models.serialization :: Extracting Card 24 kgAiQ87dLKJmTnOaTeVsc
2025-03-27 13:55:59,313 INFO models.serialization :: Extracting Card 25 ucI5e9_FdTQF-1i7RdtIX
2025-03-27 13:55:59,319 INFO models.serialization :: Extracting Card 26 fdkSuB8zWEbjEq_vWMaI-
2025-03-27 13:55:59,324 INFO models.serialization :: Extracting Card 27 A5pNCrrWtf2bVka2vXVLx
2025-03-27 13:55:59,329 INFO models.serialization :: Extracting Card 28 g7G9X1p0na--gwNCUL75j
2025-03-27 13:55:59,334 INFO models.serialization :: Extracting Card 29 HSVx57QxslVTGbo1_XS4G
2025-03-27 13:55:59,345 INFO models.serialization :: Extracting Card 30 leO-OHTwIMltfpcLLOJxj
2025-03-27 13:55:59,350 INFO models.serialization :: Extracting Card 31 dzFHc6awtpZCSn9-wscNQ
2025-03-27 13:55:59,355 INFO models.serialization :: Extracting Card 32 c5m4bxKyi7GEa1sML-wpu
2025-03-27 13:55:59,376 INFO models.serialization :: Extracting Card 33 T9OjH7_py-tNsyPb4O8yC
2025-03-27 13:55:59,381 INFO models.serialization :: Extracting Card 34 IEp2LZKY_aJMpchBacdjP
2025-03-27 13:55:59,389 INFO models.serialization :: Extracting Card 35 8MovkFBA00WFOq2v5BzfB
2025-03-27 13:55:59,394 INFO models.serialization :: Extracting Card 36 yBoV-iHmFUrY9xqB0v9Pg
2025-03-27 13:55:59,400 INFO models.serialization :: Extracting Card 37 BQAQ6YNiUIMfmAPLpSKQW
2025-03-27 13:55:59,405 INFO models.serialization :: Extracting Card 156 lY4hbjNofxepxQGRhJa0s
2025-03-27 13:55:59,412 INFO models.serialization :: Extracting Card 161 oShRjudlgUvJRezvGTQTD
2025-03-27 13:55:59,417 INFO models.serialization :: Extracting Card 162 hjNoawcRfsDrC32g7LSOE
2025-03-27 13:55:59,422 INFO models.serialization :: Extracting Card 163 rqxxsDv8zhSBXgJmVjyWa
2025-03-27 13:55:59,442 INFO models.serialization :: Extracting Card 164 qj0jT7SXwEUezz1wSjtaZ
2025-03-27 13:55:59,453 INFO models.serialization :: Extracting Card 165 nhFZBIIZA_KnK6RuLp36z
2025-03-27 13:55:59,458 INFO models.serialization :: Extracting Card 166 1aVGgD6-onGIPUeWCLiMA
2025-03-27 13:55:59,462 INFO models.serialization :: Extracting Card 167 f9RqS8HspKvcsGEH24_Af
2025-03-27 13:55:59,468 INFO models.serialization :: Extracting Card 168 BP4o72CSvPOTLe5Nk6twf
2025-03-27 13:55:59,473 INFO models.serialization :: Extracting Card 169 hBnes5i3LGSYZeoGIYwvm
2025-03-27 13:55:59,477 INFO models.serialization :: Extracting Card 170 t1rQijQdCIZoQI6bhwBEG
2025-03-27 13:55:59,483 INFO models.serialization :: Extracting Card 171 avC199ZiYvp1aIWdejfFf
2025-03-27 13:55:59,492 INFO models.serialization :: Extracting Card 172 evd6f3MoDUtTNsoXHwu0T
2025-03-27 13:55:59,497 INFO models.serialization :: Extracting Card 173 Bkb4GEr5dH2_LbDOKhObR
2025-03-27 13:55:59,502 INFO models.serialization :: Extracting Card 174 NdqehUq98ebQ4H_-1d9v3
2025-03-27 13:55:59,507 INFO models.serialization :: Extracting Card 175 d3KPtMfbe0IIK0MDrHTNn
2025-03-27 13:55:59,512 INFO models.serialization :: Extracting Card 176 -mfPjg0QOoIKbqJS0SYne
2025-03-27 13:55:59,517 INFO models.serialization :: Extracting Card 177 P-shWkp5lozD2nuo5xusW
2025-03-27 13:55:59,523 INFO models.serialization :: Extracting Card 178 wd1PEi_Z217Gr-ceeZSNj
2025-03-27 13:55:59,528 INFO models.serialization :: Extracting Card 179 cO53DQ6k0DueW5Aglwp7Y
2025-03-27 13:55:59,535 INFO models.serialization :: Extracting Card 180 OouzOUPGIjf6zXJsSDe0f
2025-03-27 13:55:59,540 INFO models.serialization :: Extracting Card 181 DDT6zuq6O7bsnw1UEWtQQ
2025-03-27 13:55:59,545 INFO models.serialization :: Extracting Card 182 -BcEE22ptXyDOgUNRqyct
2025-03-27 13:55:59,550 INFO models.serialization :: Extracting Card 183 dsZMohGmK4P7eQRBdLFmb
2025-03-27 13:55:59,555 INFO models.serialization :: Extracting Card 184 fPYpb3KcV2TJZLRw-L841
2025-03-27 13:55:59,560 INFO models.serialization :: Extracting Card 185 KMq74J_Gh78vIimczx0LH
2025-03-27 13:55:59,564 INFO models.serialization :: Extracting Card 157 QEYx_MJGL2QfUVw4FHKom
2025-03-27 13:55:59,573 INFO models.serialization :: Extracting Card 158 1oOS0j-YDFAKdKpAI54U1
2025-03-27 13:55:59,577 INFO models.serialization :: Extracting Card 159 zdqbhcaieh1vn77knB85X
2025-03-27 13:55:59,581 INFO models.serialization :: Extracting Card 160 qYZmcKKFIOgWIC5ZBSdPV
2025-03-27 13:55:59,671 INFO models.serialization :: Extracting Card 186 7AF9sAISQbcm6zGpI7715
2025-03-27 13:55:59,686 INFO models.serialization :: Extracting Card 187 3DBFwapkntRZUyxxG_Gda
2025-03-27 13:55:59,693 INFO models.serialization :: Extracting Card 188 YYBS29loMwQwt7rSfbhtD
2025-03-27 13:55:59,698 INFO models.serialization :: Extracting Card 189 j-GruBVLLifkj3CTTjc24
2025-03-27 13:55:59,703 INFO models.serialization :: Extracting Card 190 cYjeBKceYu-GatKtQoLjw
2025-03-27 13:55:59,711 INFO models.serialization :: Extracting Card 191 eRcERn2tkbvTQDGvQbah2
2025-03-27 13:55:59,716 INFO models.serialization :: Extracting Card 192 8KojkFekI7MgGUoC_YVNT
2025-03-27 13:55:59,721 INFO models.serialization :: Extracting Card 193 I1vnPW8qcap-kt0MS9BRI
2025-03-27 13:55:59,726 INFO models.serialization :: Extracting Card 194 MZnrZb2Awy_NZ-cfdl4KI
2025-03-27 13:55:59,734 INFO models.serialization :: Extracting Card 195 pAbQlxzrz81lWMZhTI2yx
2025-03-27 13:55:59,744 INFO models.serialization :: Extracting Card 196 YsSba5spLpNinWBO8FU4v
2025-03-27 13:55:59,752 INFO models.serialization :: Extracting Card 197 jwY5i2xgVWtIfVwMmryJB
2025-03-27 13:55:59,763 INFO models.serialization :: Extracting NativeQuerySnippet 2 5w5_JWozQqewpqsyWL-H1
2025-03-27 13:55:59,769 INFO models.serialization :: Extracting Collection 2 HyB3nRtqb7pBPhFG26evI
2025-03-27 13:55:59,770 INFO models.serialization :: Extracting Collection 3 54O0IbgCzm290Nnxf1wRH
2025-03-27 13:55:59,770 INFO models.serialization :: Extracting Collection 7 rQ-sPivED6cgIo8oB6YRq
2025-03-27 13:55:59,771 INFO models.serialization :: Extracting Collection 8 uw5zZx8BdSWhEqw2SaaSP
2025-03-27 13:55:59,774 INFO models.serialization :: Extracting Collection 9 eUVIXSp_J3PFL5-hY4FrX
2025-03-27 13:55:59,776 INFO models.serialization :: Extracting Collection 17 53YGAg4EE6MC76nxx-f5f
2025-03-27 13:55:59,776 INFO models.serialization :: Extracting Collection 18 GLRl7Ny7CKz1Ic-HGaBMT
2025-03-27 13:55:59,777 INFO models.serialization :: Extracting Collection 19 L93SUJ6YnPirW1irQLPTE
2025-03-27 13:55:59,778 INFO v2.storage :: Storing Dashboard xBLdW9FsgRuB2HGhWiBa_
2025-03-27 13:55:59,793 INFO v2.storage :: Storing Dashboard DlK2jXoIHPXyVkEuo6Uy6
2025-03-27 13:55:59,813 INFO v2.storage :: Storing Dashboard eOytkPrbKeJQ4P5zN8dW4
2025-03-27 13:55:59,822 INFO v2.storage :: Storing Card _GiVL6zYmsnBb1oqLCp4u
2025-03-27 13:55:59,826 INFO v2.storage :: Storing Card jjO5LcBp8qNILJFiYZoVt
2025-03-27 13:55:59,828 INFO v2.storage :: Storing Card OJ-I03ZsQ7IBrzr29B_8o
2025-03-27 13:55:59,830 INFO v2.storage :: Storing Card WMub5k6vo0zGP24qXQFNu
2025-03-27 13:55:59,832 INFO v2.storage :: Storing Card Jxa0svP68DfXubV_wD3os
2025-03-27 13:55:59,835 INFO v2.storage :: Storing Card UUZZsw19IuPTqdhho99oc
2025-03-27 13:55:59,837 INFO v2.storage :: Storing Card RpKYsFwHfjcckbgj4oBKK
2025-03-27 13:55:59,839 INFO v2.storage :: Storing Card X8HNuB_i3j2uNFnsx3vQ0
2025-03-27 13:55:59,842 INFO v2.storage :: Storing Card skXR69-dlhJST5C7Rd9nR
2025-03-27 13:55:59,845 INFO v2.storage :: Storing Card km2d9-ZqHrlAM79yPh13G
2025-03-27 13:55:59,847 INFO v2.storage :: Storing Card 9VE9Z6tAkyzO3GeQVXtin
2025-03-27 13:55:59,849 INFO v2.storage :: Storing Card VFCGVYPVtLzCtt4teeoW4
2025-03-27 13:55:59,852 INFO v2.storage :: Storing Card -6yAP_G1UZ7xZc4E65Tvy
2025-03-27 13:55:59,854 INFO v2.storage :: Storing Card C8V7Dszig-vuqn9TP0igc
2025-03-27 13:55:59,856 INFO v2.storage :: Storing Card D4o8cCTOY-SnxoYDRVWcO
2025-03-27 13:55:59,858 INFO v2.storage :: Storing Card qQ3JGGOxVC8mrOLwxpcR6
2025-03-27 13:55:59,860 INFO v2.storage :: Storing Card Ey2qt4I-wcg1E0846iUQS
2025-03-27 13:55:59,861 INFO v2.storage :: Storing Card byM0vLfOiM1zBI_t1MUcO
2025-03-27 13:55:59,864 INFO v2.storage :: Storing Card 8EdazRgPwfxdiltp7NCjS
2025-03-27 13:55:59,866 INFO v2.storage :: Storing Card ShsD1PjGTlFIvzm5FM9qC
2025-03-27 13:55:59,868 INFO v2.storage :: Storing Card S-hEu1jZ2-822qvBQ1EiT
2025-03-27 13:55:59,871 INFO v2.storage :: Storing Card fKu0z-vEC1WwVv1Lu95jD
2025-03-27 13:55:59,872 INFO v2.storage :: Storing Card AXDOILGSNqoWoxV1NuvTt
2025-03-27 13:55:59,876 INFO v2.storage :: Storing Card kgAiQ87dLKJmTnOaTeVsc
2025-03-27 13:55:59,885 INFO v2.storage :: Storing Card ucI5e9_FdTQF-1i7RdtIX
2025-03-27 13:55:59,889 INFO v2.storage :: Storing Card fdkSuB8zWEbjEq_vWMaI-
2025-03-27 13:55:59,891 INFO v2.storage :: Storing Card A5pNCrrWtf2bVka2vXVLx
2025-03-27 13:55:59,892 INFO v2.storage :: Storing Card g7G9X1p0na--gwNCUL75j
2025-03-27 13:55:59,894 INFO v2.storage :: Storing Card HSVx57QxslVTGbo1_XS4G
2025-03-27 13:55:59,895 INFO v2.storage :: Storing Card leO-OHTwIMltfpcLLOJxj
2025-03-27 13:55:59,897 INFO v2.storage :: Storing Card dzFHc6awtpZCSn9-wscNQ
2025-03-27 13:55:59,899 INFO v2.storage :: Storing Card c5m4bxKyi7GEa1sML-wpu
2025-03-27 13:55:59,919 INFO v2.storage :: Storing Card T9OjH7_py-tNsyPb4O8yC
2025-03-27 13:55:59,921 INFO v2.storage :: Storing Card IEp2LZKY_aJMpchBacdjP
2025-03-27 13:55:59,922 INFO v2.storage :: Storing Card 8MovkFBA00WFOq2v5BzfB
2025-03-27 13:55:59,924 INFO v2.storage :: Storing Card yBoV-iHmFUrY9xqB0v9Pg
2025-03-27 13:55:59,925 INFO v2.storage :: Storing Card BQAQ6YNiUIMfmAPLpSKQW
2025-03-27 13:55:59,927 INFO v2.storage :: Storing Card lY4hbjNofxepxQGRhJa0s
2025-03-27 13:55:59,931 INFO v2.storage :: Storing Card oShRjudlgUvJRezvGTQTD
2025-03-27 13:55:59,932 INFO v2.storage :: Storing Card hjNoawcRfsDrC32g7LSOE
2025-03-27 13:55:59,935 INFO v2.storage :: Storing Card rqxxsDv8zhSBXgJmVjyWa
2025-03-27 13:55:59,936 INFO v2.storage :: Storing Card qj0jT7SXwEUezz1wSjtaZ
2025-03-27 13:55:59,937 INFO v2.storage :: Storing Card nhFZBIIZA_KnK6RuLp36z
2025-03-27 13:55:59,938 INFO v2.storage :: Storing Card 1aVGgD6-onGIPUeWCLiMA
2025-03-27 13:55:59,940 INFO v2.storage :: Storing Card f9RqS8HspKvcsGEH24_Af
2025-03-27 13:55:59,941 INFO v2.storage :: Storing Card BP4o72CSvPOTLe5Nk6twf
2025-03-27 13:55:59,943 INFO v2.storage :: Storing Card hBnes5i3LGSYZeoGIYwvm
2025-03-27 13:55:59,944 INFO v2.storage :: Storing Card t1rQijQdCIZoQI6bhwBEG
2025-03-27 13:55:59,945 INFO v2.storage :: Storing Card avC199ZiYvp1aIWdejfFf
2025-03-27 13:55:59,947 INFO v2.storage :: Storing Card evd6f3MoDUtTNsoXHwu0T
2025-03-27 13:55:59,948 INFO v2.storage :: Storing Card Bkb4GEr5dH2_LbDOKhObR
2025-03-27 13:55:59,949 INFO v2.storage :: Storing Card NdqehUq98ebQ4H_-1d9v3
2025-03-27 13:55:59,951 INFO v2.storage :: Storing Card d3KPtMfbe0IIK0MDrHTNn
2025-03-27 13:55:59,952 INFO v2.storage :: Storing Card -mfPjg0QOoIKbqJS0SYne
2025-03-27 13:55:59,953 INFO v2.storage :: Storing Card P-shWkp5lozD2nuo5xusW
2025-03-27 13:55:59,955 INFO v2.storage :: Storing Card wd1PEi_Z217Gr-ceeZSNj
2025-03-27 13:55:59,956 INFO v2.storage :: Storing Card cO53DQ6k0DueW5Aglwp7Y
2025-03-27 13:55:59,957 INFO v2.storage :: Storing Card OouzOUPGIjf6zXJsSDe0f
2025-03-27 13:55:59,959 INFO v2.storage :: Storing Card DDT6zuq6O7bsnw1UEWtQQ
2025-03-27 13:55:59,960 INFO v2.storage :: Storing Card -BcEE22ptXyDOgUNRqyct
2025-03-27 13:55:59,961 INFO v2.storage :: Storing Card dsZMohGmK4P7eQRBdLFmb
2025-03-27 13:55:59,962 INFO v2.storage :: Storing Card fPYpb3KcV2TJZLRw-L841
2025-03-27 13:55:59,964 INFO v2.storage :: Storing Card KMq74J_Gh78vIimczx0LH
2025-03-27 13:55:59,965 INFO v2.storage :: Storing Card QEYx_MJGL2QfUVw4FHKom
2025-03-27 13:55:59,966 INFO v2.storage :: Storing Card 1oOS0j-YDFAKdKpAI54U1
2025-03-27 13:55:59,967 INFO v2.storage :: Storing Card zdqbhcaieh1vn77knB85X
2025-03-27 13:55:59,967 INFO v2.storage :: Storing Card qYZmcKKFIOgWIC5ZBSdPV
2025-03-27 13:55:59,970 INFO v2.storage :: Storing Card 7AF9sAISQbcm6zGpI7715
2025-03-27 13:55:59,972 INFO v2.storage :: Storing Card 3DBFwapkntRZUyxxG_Gda
2025-03-27 13:55:59,974 INFO v2.storage :: Storing Card YYBS29loMwQwt7rSfbhtD
2025-03-27 13:55:59,977 INFO v2.storage :: Storing Card j-GruBVLLifkj3CTTjc24
2025-03-27 13:55:59,979 INFO v2.storage :: Storing Card cYjeBKceYu-GatKtQoLjw
2025-03-27 13:55:59,981 INFO v2.storage :: Storing Card eRcERn2tkbvTQDGvQbah2
2025-03-27 13:55:59,983 INFO v2.storage :: Storing Card 8KojkFekI7MgGUoC_YVNT
2025-03-27 13:55:59,986 INFO v2.storage :: Storing Card I1vnPW8qcap-kt0MS9BRI
2025-03-27 13:55:59,988 INFO v2.storage :: Storing Card MZnrZb2Awy_NZ-cfdl4KI
2025-03-27 13:55:59,991 INFO v2.storage :: Storing Card pAbQlxzrz81lWMZhTI2yx
2025-03-27 13:55:59,993 INFO v2.storage :: Storing Card YsSba5spLpNinWBO8FU4v
2025-03-27 13:55:59,995 INFO v2.storage :: Storing Card jwY5i2xgVWtIfVwMmryJB
2025-03-27 13:55:59,997 INFO v2.storage :: Storing NativeQuerySnippet 5w5_JWozQqewpqsyWL-H1
2025-03-27 13:55:59,998 INFO v2.storage :: Storing Collection HyB3nRtqb7pBPhFG26evI
2025-03-27 13:55:59,999 INFO v2.storage :: Storing Collection 54O0IbgCzm290Nnxf1wRH
2025-03-27 13:56:00,000 INFO v2.storage :: Storing Collection rQ-sPivED6cgIo8oB6YRq
2025-03-27 13:56:00,001 INFO v2.storage :: Storing Collection uw5zZx8BdSWhEqw2SaaSP
2025-03-27 13:56:00,001 INFO v2.storage :: Storing Collection eUVIXSp_J3PFL5-hY4FrX
2025-03-27 13:56:00,002 INFO v2.storage :: Storing Collection 53YGAg4EE6MC76nxx-f5f
2025-03-27 13:56:00,003 INFO v2.storage :: Storing Collection GLRl7Ny7CKz1Ic-HGaBMT
2025-03-27 13:56:00,003 INFO v2.storage :: Storing Collection L93SUJ6YnPirW1irQLPTE
