2025-03-28 16:25:09,124 INFO models.serialization :: Extracting Dashboard 1 xBLdW9FsgRuB2HGhWiBa_
2025-03-28 16:25:09,524 INFO models.serialization :: Extracting Dashboard 11 DlK2jXoIHPXyVkEuo6Uy6
2025-03-28 16:25:09,929 INFO models.serialization :: Extracting Dashboard 12 eOytkPrbKeJQ4P5zN8dW4
2025-03-28 16:25:10,233 INFO models.serialization :: Extracting Card 1 _GiVL6zYmsnBb1oqLCp4u
2025-03-28 16:25:10,269 INFO models.serialization :: Extracting Card 2 jjO5LcBp8qNILJFiYZoVt
2025-03-28 16:25:10,284 INFO models.serialization :: Extracting Card 3 OJ-I03ZsQ7IBrzr29B_8o
2025-03-28 16:25:10,295 INFO models.serialization :: Extracting Card 4 WMub5k6vo0zGP24qXQFNu
2025-03-28 16:25:10,299 INFO models.serialization :: Extracting Card 5 Jxa0svP68DfXubV_wD3os
2025-03-28 16:25:10,330 INFO models.serialization :: Extracting Card 6 UUZZsw19IuPTqdhho99oc
2025-03-28 16:25:10,346 INFO models.serialization :: Extracting Card 7 RpKYsFwHfjcckbgj4oBKK
2025-03-28 16:25:10,351 INFO models.serialization :: Extracting Card 8 X8HNuB_i3j2uNFnsx3vQ0
2025-03-28 16:25:10,370 INFO models.serialization :: Extracting Card 9 skXR69-dlhJST5C7Rd9nR
2025-03-28 16:25:10,375 INFO models.serialization :: Extracting Card 10 km2d9-ZqHrlAM79yPh13G
2025-03-28 16:25:10,403 INFO models.serialization :: Extracting Card 11 9VE9Z6tAkyzO3GeQVXtin
2025-03-28 16:25:10,411 INFO models.serialization :: Extracting Card 12 VFCGVYPVtLzCtt4teeoW4
2025-03-28 16:25:10,416 INFO models.serialization :: Extracting Card 13 -6yAP_G1UZ7xZc4E65Tvy
2025-03-28 16:25:10,425 INFO models.serialization :: Extracting Card 14 C8V7Dszig-vuqn9TP0igc
2025-03-28 16:25:10,434 INFO models.serialization :: Extracting Card 15 D4o8cCTOY-SnxoYDRVWcO
2025-03-28 16:25:10,439 INFO models.serialization :: Extracting Card 16 qQ3JGGOxVC8mrOLwxpcR6
2025-03-28 16:25:10,447 INFO models.serialization :: Extracting Card 17 Ey2qt4I-wcg1E0846iUQS
2025-03-28 16:25:10,452 INFO models.serialization :: Extracting Card 18 byM0vLfOiM1zBI_t1MUcO
2025-03-28 16:25:10,468 INFO models.serialization :: Extracting Card 19 8EdazRgPwfxdiltp7NCjS
2025-03-28 16:25:10,472 INFO models.serialization :: Extracting Card 20 ShsD1PjGTlFIvzm5FM9qC
2025-03-28 16:25:10,503 INFO models.serialization :: Extracting Card 21 S-hEu1jZ2-822qvBQ1EiT
2025-03-28 16:25:10,512 INFO models.serialization :: Extracting Card 22 fKu0z-vEC1WwVv1Lu95jD
2025-03-28 16:25:10,517 INFO models.serialization :: Extracting Card 23 AXDOILGSNqoWoxV1NuvTt
2025-03-28 16:25:10,541 INFO models.serialization :: Extracting Card 24 kgAiQ87dLKJmTnOaTeVsc
2025-03-28 16:25:10,547 INFO models.serialization :: Extracting Card 25 ucI5e9_FdTQF-1i7RdtIX
2025-03-28 16:25:10,552 INFO models.serialization :: Extracting Card 26 fdkSuB8zWEbjEq_vWMaI-
2025-03-28 16:25:10,557 INFO models.serialization :: Extracting Card 27 A5pNCrrWtf2bVka2vXVLx
2025-03-28 16:25:10,561 INFO models.serialization :: Extracting Card 28 g7G9X1p0na--gwNCUL75j
2025-03-28 16:25:10,566 INFO models.serialization :: Extracting Card 29 HSVx57QxslVTGbo1_XS4G
2025-03-28 16:25:10,571 INFO models.serialization :: Extracting Card 30 leO-OHTwIMltfpcLLOJxj
2025-03-28 16:25:10,576 INFO models.serialization :: Extracting Card 31 dzFHc6awtpZCSn9-wscNQ
2025-03-28 16:25:10,581 INFO models.serialization :: Extracting Card 32 c5m4bxKyi7GEa1sML-wpu
2025-03-28 16:25:10,602 INFO models.serialization :: Extracting Card 33 T9OjH7_py-tNsyPb4O8yC
2025-03-28 16:25:10,607 INFO models.serialization :: Extracting Card 34 IEp2LZKY_aJMpchBacdjP
2025-03-28 16:25:10,612 INFO models.serialization :: Extracting Card 35 8MovkFBA00WFOq2v5BzfB
2025-03-28 16:25:10,617 INFO models.serialization :: Extracting Card 36 yBoV-iHmFUrY9xqB0v9Pg
2025-03-28 16:25:10,623 INFO models.serialization :: Extracting Card 37 BQAQ6YNiUIMfmAPLpSKQW
2025-03-28 16:25:10,628 INFO models.serialization :: Extracting Card 156 lY4hbjNofxepxQGRhJa0s
2025-03-28 16:25:10,637 INFO models.serialization :: Extracting Card 161 oShRjudlgUvJRezvGTQTD
2025-03-28 16:25:10,642 INFO models.serialization :: Extracting Card 162 hjNoawcRfsDrC32g7LSOE
2025-03-28 16:25:10,647 INFO models.serialization :: Extracting Card 163 rqxxsDv8zhSBXgJmVjyWa
2025-03-28 16:25:10,660 INFO models.serialization :: Extracting Card 164 qj0jT7SXwEUezz1wSjtaZ
2025-03-28 16:25:10,672 INFO models.serialization :: Extracting Card 165 nhFZBIIZA_KnK6RuLp36z
2025-03-28 16:25:10,678 INFO models.serialization :: Extracting Card 166 1aVGgD6-onGIPUeWCLiMA
2025-03-28 16:25:10,685 INFO models.serialization :: Extracting Card 167 f9RqS8HspKvcsGEH24_Af
2025-03-28 16:25:10,691 INFO models.serialization :: Extracting Card 168 BP4o72CSvPOTLe5Nk6twf
2025-03-28 16:25:10,696 INFO models.serialization :: Extracting Card 169 hBnes5i3LGSYZeoGIYwvm
2025-03-28 16:25:10,702 INFO models.serialization :: Extracting Card 170 t1rQijQdCIZoQI6bhwBEG
2025-03-28 16:25:10,710 INFO models.serialization :: Extracting Card 171 avC199ZiYvp1aIWdejfFf
2025-03-28 16:25:10,718 INFO models.serialization :: Extracting Card 172 evd6f3MoDUtTNsoXHwu0T
2025-03-28 16:25:10,724 INFO models.serialization :: Extracting Card 173 Bkb4GEr5dH2_LbDOKhObR
2025-03-28 16:25:10,731 INFO models.serialization :: Extracting Card 174 NdqehUq98ebQ4H_-1d9v3
2025-03-28 16:25:10,739 INFO models.serialization :: Extracting Card 175 d3KPtMfbe0IIK0MDrHTNn
2025-03-28 16:25:10,745 INFO models.serialization :: Extracting Card 176 -mfPjg0QOoIKbqJS0SYne
2025-03-28 16:25:10,751 INFO models.serialization :: Extracting Card 177 P-shWkp5lozD2nuo5xusW
2025-03-28 16:25:10,757 INFO models.serialization :: Extracting Card 178 wd1PEi_Z217Gr-ceeZSNj
2025-03-28 16:25:10,765 INFO models.serialization :: Extracting Card 179 cO53DQ6k0DueW5Aglwp7Y
2025-03-28 16:25:10,771 INFO models.serialization :: Extracting Card 180 OouzOUPGIjf6zXJsSDe0f
2025-03-28 16:25:10,777 INFO models.serialization :: Extracting Card 181 DDT6zuq6O7bsnw1UEWtQQ
2025-03-28 16:25:10,783 INFO models.serialization :: Extracting Card 182 -BcEE22ptXyDOgUNRqyct
2025-03-28 16:25:10,788 INFO models.serialization :: Extracting Card 183 dsZMohGmK4P7eQRBdLFmb
2025-03-28 16:25:10,794 INFO models.serialization :: Extracting Card 184 fPYpb3KcV2TJZLRw-L841
2025-03-28 16:25:10,800 INFO models.serialization :: Extracting Card 185 KMq74J_Gh78vIimczx0LH
2025-03-28 16:25:10,805 INFO models.serialization :: Extracting Card 157 QEYx_MJGL2QfUVw4FHKom
2025-03-28 16:25:10,817 INFO models.serialization :: Extracting Card 158 1oOS0j-YDFAKdKpAI54U1
2025-03-28 16:25:10,822 INFO models.serialization :: Extracting Card 159 zdqbhcaieh1vn77knB85X
2025-03-28 16:25:10,830 INFO models.serialization :: Extracting Card 160 qYZmcKKFIOgWIC5ZBSdPV
2025-03-28 16:25:10,855 INFO models.serialization :: Extracting Card 186 7AF9sAISQbcm6zGpI7715
2025-03-28 16:25:10,869 INFO models.serialization :: Extracting Card 187 3DBFwapkntRZUyxxG_Gda
2025-03-28 16:25:10,875 INFO models.serialization :: Extracting Card 188 YYBS29loMwQwt7rSfbhtD
2025-03-28 16:25:10,881 INFO models.serialization :: Extracting Card 189 j-GruBVLLifkj3CTTjc24
2025-03-28 16:25:10,887 INFO models.serialization :: Extracting Card 190 cYjeBKceYu-GatKtQoLjw
2025-03-28 16:25:10,895 INFO models.serialization :: Extracting Card 191 eRcERn2tkbvTQDGvQbah2
2025-03-28 16:25:10,900 INFO models.serialization :: Extracting Card 192 8KojkFekI7MgGUoC_YVNT
2025-03-28 16:25:10,906 INFO models.serialization :: Extracting Card 193 I1vnPW8qcap-kt0MS9BRI
2025-03-28 16:25:10,912 INFO models.serialization :: Extracting Card 194 MZnrZb2Awy_NZ-cfdl4KI
2025-03-28 16:25:10,921 INFO models.serialization :: Extracting Card 195 pAbQlxzrz81lWMZhTI2yx
2025-03-28 16:25:10,933 INFO models.serialization :: Extracting Card 196 YsSba5spLpNinWBO8FU4v
2025-03-28 16:25:10,941 INFO models.serialization :: Extracting Card 197 jwY5i2xgVWtIfVwMmryJB
2025-03-28 16:25:10,951 INFO models.serialization :: Extracting NativeQuerySnippet 2 5w5_JWozQqewpqsyWL-H1
2025-03-28 16:25:10,956 INFO models.serialization :: Extracting Collection 2 HyB3nRtqb7pBPhFG26evI
2025-03-28 16:25:10,957 INFO models.serialization :: Extracting Collection 3 54O0IbgCzm290Nnxf1wRH
2025-03-28 16:25:10,958 INFO models.serialization :: Extracting Collection 7 rQ-sPivED6cgIo8oB6YRq
2025-03-28 16:25:10,958 INFO models.serialization :: Extracting Collection 8 uw5zZx8BdSWhEqw2SaaSP
2025-03-28 16:25:10,961 INFO models.serialization :: Extracting Collection 9 eUVIXSp_J3PFL5-hY4FrX
2025-03-28 16:25:10,973 INFO models.serialization :: Extracting Collection 17 53YGAg4EE6MC76nxx-f5f
2025-03-28 16:25:10,974 INFO models.serialization :: Extracting Collection 18 GLRl7Ny7CKz1Ic-HGaBMT
2025-03-28 16:25:10,974 INFO models.serialization :: Extracting Collection 19 L93SUJ6YnPirW1irQLPTE
2025-03-28 16:25:10,975 INFO v2.storage :: Storing Dashboard xBLdW9FsgRuB2HGhWiBa_
2025-03-28 16:25:11,137 INFO v2.storage :: Storing Dashboard DlK2jXoIHPXyVkEuo6Uy6
2025-03-28 16:25:11,192 INFO v2.storage :: Storing Dashboard eOytkPrbKeJQ4P5zN8dW4
2025-03-28 16:25:11,230 INFO v2.storage :: Storing Card _GiVL6zYmsnBb1oqLCp4u
2025-03-28 16:25:11,239 INFO v2.storage :: Storing Card jjO5LcBp8qNILJFiYZoVt
2025-03-28 16:25:11,244 INFO v2.storage :: Storing Card OJ-I03ZsQ7IBrzr29B_8o
2025-03-28 16:25:11,249 INFO v2.storage :: Storing Card WMub5k6vo0zGP24qXQFNu
2025-03-28 16:25:11,253 INFO v2.storage :: Storing Card Jxa0svP68DfXubV_wD3os
2025-03-28 16:25:11,259 INFO v2.storage :: Storing Card UUZZsw19IuPTqdhho99oc
2025-03-28 16:25:11,262 INFO v2.storage :: Storing Card RpKYsFwHfjcckbgj4oBKK
2025-03-28 16:25:11,268 INFO v2.storage :: Storing Card X8HNuB_i3j2uNFnsx3vQ0
2025-03-28 16:25:11,274 INFO v2.storage :: Storing Card skXR69-dlhJST5C7Rd9nR
2025-03-28 16:25:11,278 INFO v2.storage :: Storing Card km2d9-ZqHrlAM79yPh13G
2025-03-28 16:25:11,282 INFO v2.storage :: Storing Card 9VE9Z6tAkyzO3GeQVXtin
2025-03-28 16:25:11,287 INFO v2.storage :: Storing Card VFCGVYPVtLzCtt4teeoW4
2025-03-28 16:25:11,294 INFO v2.storage :: Storing Card -6yAP_G1UZ7xZc4E65Tvy
2025-03-28 16:25:11,299 INFO v2.storage :: Storing Card C8V7Dszig-vuqn9TP0igc
2025-03-28 16:25:11,303 INFO v2.storage :: Storing Card D4o8cCTOY-SnxoYDRVWcO
2025-03-28 16:25:11,306 INFO v2.storage :: Storing Card qQ3JGGOxVC8mrOLwxpcR6
2025-03-28 16:25:11,312 INFO v2.storage :: Storing Card Ey2qt4I-wcg1E0846iUQS
2025-03-28 16:25:11,315 INFO v2.storage :: Storing Card byM0vLfOiM1zBI_t1MUcO
2025-03-28 16:25:11,319 INFO v2.storage :: Storing Card 8EdazRgPwfxdiltp7NCjS
2025-03-28 16:25:11,323 INFO v2.storage :: Storing Card ShsD1PjGTlFIvzm5FM9qC
2025-03-28 16:25:11,330 INFO v2.storage :: Storing Card S-hEu1jZ2-822qvBQ1EiT
2025-03-28 16:25:11,335 INFO v2.storage :: Storing Card fKu0z-vEC1WwVv1Lu95jD
2025-03-28 16:25:11,340 INFO v2.storage :: Storing Card AXDOILGSNqoWoxV1NuvTt
2025-03-28 16:25:11,351 INFO v2.storage :: Storing Card kgAiQ87dLKJmTnOaTeVsc
2025-03-28 16:25:11,356 INFO v2.storage :: Storing Card ucI5e9_FdTQF-1i7RdtIX
2025-03-28 16:25:11,371 INFO v2.storage :: Storing Card fdkSuB8zWEbjEq_vWMaI-
2025-03-28 16:25:11,376 INFO v2.storage :: Storing Card A5pNCrrWtf2bVka2vXVLx
2025-03-28 16:25:11,380 INFO v2.storage :: Storing Card g7G9X1p0na--gwNCUL75j
2025-03-28 16:25:11,384 INFO v2.storage :: Storing Card HSVx57QxslVTGbo1_XS4G
2025-03-28 16:25:11,387 INFO v2.storage :: Storing Card leO-OHTwIMltfpcLLOJxj
2025-03-28 16:25:11,389 INFO v2.storage :: Storing Card dzFHc6awtpZCSn9-wscNQ
2025-03-28 16:25:11,393 INFO v2.storage :: Storing Card c5m4bxKyi7GEa1sML-wpu
2025-03-28 16:25:11,399 INFO v2.storage :: Storing Card T9OjH7_py-tNsyPb4O8yC
2025-03-28 16:25:11,403 INFO v2.storage :: Storing Card IEp2LZKY_aJMpchBacdjP
2025-03-28 16:25:11,406 INFO v2.storage :: Storing Card 8MovkFBA00WFOq2v5BzfB
2025-03-28 16:25:11,410 INFO v2.storage :: Storing Card yBoV-iHmFUrY9xqB0v9Pg
2025-03-28 16:25:11,414 INFO v2.storage :: Storing Card BQAQ6YNiUIMfmAPLpSKQW
2025-03-28 16:25:11,417 INFO v2.storage :: Storing Card lY4hbjNofxepxQGRhJa0s
2025-03-28 16:25:11,426 INFO v2.storage :: Storing Card oShRjudlgUvJRezvGTQTD
2025-03-28 16:25:11,431 INFO v2.storage :: Storing Card hjNoawcRfsDrC32g7LSOE
2025-03-28 16:25:11,437 INFO v2.storage :: Storing Card rqxxsDv8zhSBXgJmVjyWa
2025-03-28 16:25:11,440 INFO v2.storage :: Storing Card qj0jT7SXwEUezz1wSjtaZ
2025-03-28 16:25:11,443 INFO v2.storage :: Storing Card nhFZBIIZA_KnK6RuLp36z
2025-03-28 16:25:11,446 INFO v2.storage :: Storing Card 1aVGgD6-onGIPUeWCLiMA
2025-03-28 16:25:11,448 INFO v2.storage :: Storing Card f9RqS8HspKvcsGEH24_Af
2025-03-28 16:25:11,452 INFO v2.storage :: Storing Card BP4o72CSvPOTLe5Nk6twf
2025-03-28 16:25:11,455 INFO v2.storage :: Storing Card hBnes5i3LGSYZeoGIYwvm
2025-03-28 16:25:11,458 INFO v2.storage :: Storing Card t1rQijQdCIZoQI6bhwBEG
2025-03-28 16:25:11,461 INFO v2.storage :: Storing Card avC199ZiYvp1aIWdejfFf
2025-03-28 16:25:11,466 INFO v2.storage :: Storing Card evd6f3MoDUtTNsoXHwu0T
2025-03-28 16:25:11,470 INFO v2.storage :: Storing Card Bkb4GEr5dH2_LbDOKhObR
2025-03-28 16:25:11,471 INFO v2.storage :: Storing Card NdqehUq98ebQ4H_-1d9v3
2025-03-28 16:25:11,474 INFO v2.storage :: Storing Card d3KPtMfbe0IIK0MDrHTNn
2025-03-28 16:25:11,476 INFO v2.storage :: Storing Card -mfPjg0QOoIKbqJS0SYne
2025-03-28 16:25:11,479 INFO v2.storage :: Storing Card P-shWkp5lozD2nuo5xusW
2025-03-28 16:25:11,483 INFO v2.storage :: Storing Card wd1PEi_Z217Gr-ceeZSNj
2025-03-28 16:25:11,486 INFO v2.storage :: Storing Card cO53DQ6k0DueW5Aglwp7Y
2025-03-28 16:25:11,489 INFO v2.storage :: Storing Card OouzOUPGIjf6zXJsSDe0f
2025-03-28 16:25:11,493 INFO v2.storage :: Storing Card DDT6zuq6O7bsnw1UEWtQQ
2025-03-28 16:25:11,496 INFO v2.storage :: Storing Card -BcEE22ptXyDOgUNRqyct
2025-03-28 16:25:11,498 INFO v2.storage :: Storing Card dsZMohGmK4P7eQRBdLFmb
2025-03-28 16:25:11,501 INFO v2.storage :: Storing Card fPYpb3KcV2TJZLRw-L841
2025-03-28 16:25:11,503 INFO v2.storage :: Storing Card KMq74J_Gh78vIimczx0LH
2025-03-28 16:25:11,506 INFO v2.storage :: Storing Card QEYx_MJGL2QfUVw4FHKom
2025-03-28 16:25:11,508 INFO v2.storage :: Storing Card 1oOS0j-YDFAKdKpAI54U1
2025-03-28 16:25:11,510 INFO v2.storage :: Storing Card zdqbhcaieh1vn77knB85X
2025-03-28 16:25:11,512 INFO v2.storage :: Storing Card qYZmcKKFIOgWIC5ZBSdPV
2025-03-28 16:25:11,518 INFO v2.storage :: Storing Card 7AF9sAISQbcm6zGpI7715
2025-03-28 16:25:11,523 INFO v2.storage :: Storing Card 3DBFwapkntRZUyxxG_Gda
2025-03-28 16:25:11,531 INFO v2.storage :: Storing Card YYBS29loMwQwt7rSfbhtD
2025-03-28 16:25:11,539 INFO v2.storage :: Storing Card j-GruBVLLifkj3CTTjc24
2025-03-28 16:25:11,549 INFO v2.storage :: Storing Card cYjeBKceYu-GatKtQoLjw
2025-03-28 16:25:11,560 INFO v2.storage :: Storing Card eRcERn2tkbvTQDGvQbah2
2025-03-28 16:25:11,564 INFO v2.storage :: Storing Card 8KojkFekI7MgGUoC_YVNT
2025-03-28 16:25:11,572 INFO v2.storage :: Storing Card I1vnPW8qcap-kt0MS9BRI
2025-03-28 16:25:11,579 INFO v2.storage :: Storing Card MZnrZb2Awy_NZ-cfdl4KI
2025-03-28 16:25:11,586 INFO v2.storage :: Storing Card pAbQlxzrz81lWMZhTI2yx
2025-03-28 16:25:11,591 INFO v2.storage :: Storing Card YsSba5spLpNinWBO8FU4v
2025-03-28 16:25:11,596 INFO v2.storage :: Storing Card jwY5i2xgVWtIfVwMmryJB
2025-03-28 16:25:11,602 INFO v2.storage :: Storing NativeQuerySnippet 5w5_JWozQqewpqsyWL-H1
2025-03-28 16:25:11,608 INFO v2.storage :: Storing Collection HyB3nRtqb7pBPhFG26evI
2025-03-28 16:25:11,609 INFO v2.storage :: Storing Collection 54O0IbgCzm290Nnxf1wRH
2025-03-28 16:25:11,611 INFO v2.storage :: Storing Collection rQ-sPivED6cgIo8oB6YRq
2025-03-28 16:25:11,612 INFO v2.storage :: Storing Collection uw5zZx8BdSWhEqw2SaaSP
2025-03-28 16:25:11,614 INFO v2.storage :: Storing Collection eUVIXSp_J3PFL5-hY4FrX
2025-03-28 16:25:11,615 INFO v2.storage :: Storing Collection 53YGAg4EE6MC76nxx-f5f
2025-03-28 16:25:11,617 INFO v2.storage :: Storing Collection GLRl7Ny7CKz1Ic-HGaBMT
2025-03-28 16:25:11,618 INFO v2.storage :: Storing Collection L93SUJ6YnPirW1irQLPTE
