2025-03-25 14:26:36,872 INFO models.serialization :: Extracting Dashboard 10 eOytkPrbKeJQ4P5zN8dW4
2025-03-25 14:26:37,064 INFO models.serialization :: Extracting Card 110 eRcERn2tkbvTQDGvQbah2
2025-03-25 14:26:37,076 INFO models.serialization :: Extracting Card 111 pAbQlxzrz81lWMZhTI2yx
2025-03-25 14:26:37,082 INFO models.serialization :: Extracting Card 112 zdqbhcaieh1vn77knB85X
2025-03-25 14:26:37,085 INFO models.serialization :: Extracting Card 113 QEYx_MJGL2QfUVw4FHKom
2025-03-25 14:26:37,089 INFO models.serialization :: Extracting Card 114 j-GruBVLLifkj3CTTjc24
2025-03-25 14:26:37,102 INFO models.serialization :: Extracting Card 115 1oOS0j-YDFAKdKpAI54U1
2025-03-25 14:26:37,106 INFO models.serialization :: Extracting Card 116 YYBS29loMwQwt7rSfbhtD
2025-03-25 14:26:37,115 INFO models.serialization :: Extracting Card 117 YsSba5spLpNinWBO8FU4v
2025-03-25 14:26:37,123 INFO models.serialization :: Extracting Card 118 jwY5i2xgVWtIfVwMmryJB
2025-03-25 14:26:37,133 INFO models.serialization :: Extracting Card 119 7AF9sAISQbcm6zGpI7715
2025-03-25 14:26:37,142 INFO models.serialization :: Extracting Card 120 I1vnPW8qcap-kt0MS9BRI
2025-03-25 14:26:37,153 INFO models.serialization :: Extracting Card 121 8KojkFekI7MgGUoC_YVNT
2025-03-25 14:26:37,159 INFO models.serialization :: Extracting Card 122 3DBFwapkntRZUyxxG_Gda
2025-03-25 14:26:37,167 INFO models.serialization :: Extracting Card 123 qYZmcKKFIOgWIC5ZBSdPV
2025-03-25 14:26:37,173 INFO models.serialization :: Extracting Card 124 MZnrZb2Awy_NZ-cfdl4KI
2025-03-25 14:26:37,178 INFO models.serialization :: Extracting Card 125 cYjeBKceYu-GatKtQoLjw
2025-03-25 14:26:37,185 INFO models.serialization :: Extracting Collection 7 rQ-sPivED6cgIo8oB6YRq
2025-03-25 14:26:37,186 INFO models.serialization :: Extracting Collection 8 uw5zZx8BdSWhEqw2SaaSP
2025-03-25 14:26:37,188 INFO models.serialization :: Extracting Collection 9 GLRl7Ny7CKz1Ic-HGaBMT
2025-03-25 14:26:37,189 INFO models.serialization :: Extracting Collection 10 eUVIXSp_J3PFL5-hY4FrX
2025-03-25 14:26:37,189 INFO v2.storage :: Storing Dashboard eOytkPrbKeJQ4P5zN8dW4
2025-03-25 14:26:37,306 INFO v2.storage :: Storing Card eRcERn2tkbvTQDGvQbah2
2025-03-25 14:26:37,312 INFO v2.storage :: Storing Card pAbQlxzrz81lWMZhTI2yx
2025-03-25 14:26:37,322 INFO v2.storage :: Storing Card zdqbhcaieh1vn77knB85X
2025-03-25 14:26:37,329 INFO v2.storage :: Storing Card QEYx_MJGL2QfUVw4FHKom
2025-03-25 14:26:37,335 INFO v2.storage :: Storing Card j-GruBVLLifkj3CTTjc24
2025-03-25 14:26:37,343 INFO v2.storage :: Storing Card 1oOS0j-YDFAKdKpAI54U1
2025-03-25 14:26:37,347 INFO v2.storage :: Storing Card YYBS29loMwQwt7rSfbhtD
2025-03-25 14:26:37,353 INFO v2.storage :: Storing Card YsSba5spLpNinWBO8FU4v
2025-03-25 14:26:37,359 INFO v2.storage :: Storing Card jwY5i2xgVWtIfVwMmryJB
2025-03-25 14:26:37,368 INFO v2.storage :: Storing Card 7AF9sAISQbcm6zGpI7715
2025-03-25 14:26:37,375 INFO v2.storage :: Storing Card I1vnPW8qcap-kt0MS9BRI
2025-03-25 14:26:37,392 INFO v2.storage :: Storing Card 8KojkFekI7MgGUoC_YVNT
2025-03-25 14:26:37,399 INFO v2.storage :: Storing Card 3DBFwapkntRZUyxxG_Gda
2025-03-25 14:26:37,411 INFO v2.storage :: Storing Card qYZmcKKFIOgWIC5ZBSdPV
2025-03-25 14:26:37,423 INFO v2.storage :: Storing Card MZnrZb2Awy_NZ-cfdl4KI
2025-03-25 14:26:37,429 INFO v2.storage :: Storing Card cYjeBKceYu-GatKtQoLjw
2025-03-25 14:26:37,435 INFO v2.storage :: Storing Collection rQ-sPivED6cgIo8oB6YRq
2025-03-25 14:26:37,437 INFO v2.storage :: Storing Collection uw5zZx8BdSWhEqw2SaaSP
2025-03-25 14:26:37,440 INFO v2.storage :: Storing Collection GLRl7Ny7CKz1Ic-HGaBMT
2025-03-25 14:26:37,443 INFO v2.storage :: Storing Collection eUVIXSp_J3PFL5-hY4FrX
