2025-03-25 14:47:30,275 INFO models.serialization :: Extracting Dashboard 10 eOytkPrbKeJQ4P5zN8dW4
2025-03-25 14:47:30,456 INFO models.serialization :: Extracting Card 110 eRcERn2tkbvTQDGvQbah2
2025-03-25 14:47:30,467 INFO models.serialization :: Extracting Card 111 pAbQlxzrz81lWMZhTI2yx
2025-03-25 14:47:30,473 INFO models.serialization :: Extracting Card 112 zdqbhcaieh1vn77knB85X
2025-03-25 14:47:30,475 INFO models.serialization :: Extracting Card 113 QEYx_MJGL2QfUVw4FHKom
2025-03-25 14:47:30,479 INFO models.serialization :: Extracting Card 114 j-GruBVLLifkj3CTTjc24
2025-03-25 14:47:30,488 INFO models.serialization :: Extracting Card 115 1oOS0j-YDFAKdKpAI54U1
2025-03-25 14:47:30,491 INFO models.serialization :: Extracting Card 116 YYBS29loMwQwt7rSfbhtD
2025-03-25 14:47:30,497 INFO models.serialization :: Extracting Card 117 YsSba5spLpNinWBO8FU4v
2025-03-25 14:47:30,503 INFO models.serialization :: Extracting Card 118 jwY5i2xgVWtIfVwMmryJB
2025-03-25 14:47:30,510 INFO models.serialization :: Extracting Card 119 7AF9sAISQbcm6zGpI7715
2025-03-25 14:47:30,513 INFO models.serialization :: Extracting Card 120 I1vnPW8qcap-kt0MS9BRI
2025-03-25 14:47:30,518 INFO models.serialization :: Extracting Card 121 8KojkFekI7MgGUoC_YVNT
2025-03-25 14:47:30,523 INFO models.serialization :: Extracting Card 122 3DBFwapkntRZUyxxG_Gda
2025-03-25 14:47:30,527 INFO models.serialization :: Extracting Card 123 qYZmcKKFIOgWIC5ZBSdPV
2025-03-25 14:47:30,531 INFO models.serialization :: Extracting Card 124 MZnrZb2Awy_NZ-cfdl4KI
2025-03-25 14:47:30,536 INFO models.serialization :: Extracting Card 125 cYjeBKceYu-GatKtQoLjw
2025-03-25 14:47:30,542 INFO models.serialization :: Extracting Collection 7 rQ-sPivED6cgIo8oB6YRq
2025-03-25 14:47:30,543 INFO models.serialization :: Extracting Collection 8 uw5zZx8BdSWhEqw2SaaSP
2025-03-25 14:47:30,545 INFO models.serialization :: Extracting Collection 9 GLRl7Ny7CKz1Ic-HGaBMT
2025-03-25 14:47:30,545 INFO models.serialization :: Extracting Collection 10 eUVIXSp_J3PFL5-hY4FrX
2025-03-25 14:47:30,545 INFO v2.storage :: Storing Dashboard eOytkPrbKeJQ4P5zN8dW4
2025-03-25 14:47:30,556 INFO v2.storage :: Storing Card eRcERn2tkbvTQDGvQbah2
2025-03-25 14:47:30,558 INFO v2.storage :: Storing Card pAbQlxzrz81lWMZhTI2yx
2025-03-25 14:47:30,561 INFO v2.storage :: Storing Card zdqbhcaieh1vn77knB85X
2025-03-25 14:47:30,562 INFO v2.storage :: Storing Card QEYx_MJGL2QfUVw4FHKom
2025-03-25 14:47:30,563 INFO v2.storage :: Storing Card j-GruBVLLifkj3CTTjc24
2025-03-25 14:47:30,566 INFO v2.storage :: Storing Card 1oOS0j-YDFAKdKpAI54U1
2025-03-25 14:47:30,568 INFO v2.storage :: Storing Card YYBS29loMwQwt7rSfbhtD
2025-03-25 14:47:30,571 INFO v2.storage :: Storing Card YsSba5spLpNinWBO8FU4v
2025-03-25 14:47:30,574 INFO v2.storage :: Storing Card jwY5i2xgVWtIfVwMmryJB
2025-03-25 14:47:30,577 INFO v2.storage :: Storing Card 7AF9sAISQbcm6zGpI7715
2025-03-25 14:47:30,580 INFO v2.storage :: Storing Card I1vnPW8qcap-kt0MS9BRI
2025-03-25 14:47:30,583 INFO v2.storage :: Storing Card 8KojkFekI7MgGUoC_YVNT
2025-03-25 14:47:30,587 INFO v2.storage :: Storing Card 3DBFwapkntRZUyxxG_Gda
2025-03-25 14:47:30,590 INFO v2.storage :: Storing Card qYZmcKKFIOgWIC5ZBSdPV
2025-03-25 14:47:30,593 INFO v2.storage :: Storing Card MZnrZb2Awy_NZ-cfdl4KI
2025-03-25 14:47:30,596 INFO v2.storage :: Storing Card cYjeBKceYu-GatKtQoLjw
2025-03-25 14:47:30,599 INFO v2.storage :: Storing Collection rQ-sPivED6cgIo8oB6YRq
2025-03-25 14:47:30,600 INFO v2.storage :: Storing Collection uw5zZx8BdSWhEqw2SaaSP
2025-03-25 14:47:30,601 INFO v2.storage :: Storing Collection GLRl7Ny7CKz1Ic-HGaBMT
2025-03-25 14:47:30,602 INFO v2.storage :: Storing Collection eUVIXSp_J3PFL5-hY4FrX
