2025-03-27 14:48:49,647 INFO models.serialization :: Extracting Dashboard 1 xBLdW9FsgRuB2HGhWiBa_
2025-03-27 14:48:50,028 INFO models.serialization :: Extracting Dashboard 11 DlK2jXoIHPXyVkEuo6Uy6
2025-03-27 14:48:50,404 INFO models.serialization :: Extracting Dashboard 12 eOytkPrbKeJQ4P5zN8dW4
2025-03-27 14:48:50,607 INFO models.serialization :: Extracting Card 1 _GiVL6zYmsnBb1oqLCp4u
2025-03-27 14:48:50,633 INFO models.serialization :: Extracting Card 2 jjO5LcBp8qNILJFiYZoVt
2025-03-27 14:48:50,645 INFO models.serialization :: Extracting Card 3 OJ-I03ZsQ7IBrzr29B_8o
2025-03-27 14:48:50,655 INFO models.serialization :: Extracting Card 4 WMub5k6vo0zGP24qXQFNu
2025-03-27 14:48:50,660 INFO models.serialization :: Extracting Card 5 Jxa0svP68DfXubV_wD3os
2025-03-27 14:48:50,687 INFO models.serialization :: Extracting Card 6 UUZZsw19IuPTqdhho99oc
2025-03-27 14:48:50,701 INFO models.serialization :: Extracting Card 7 RpKYsFwHfjcckbgj4oBKK
2025-03-27 14:48:50,705 INFO models.serialization :: Extracting Card 8 X8HNuB_i3j2uNFnsx3vQ0
2025-03-27 14:48:50,724 INFO models.serialization :: Extracting Card 9 skXR69-dlhJST5C7Rd9nR
2025-03-27 14:48:50,729 INFO models.serialization :: Extracting Card 10 km2d9-ZqHrlAM79yPh13G
2025-03-27 14:48:50,750 INFO models.serialization :: Extracting Card 11 9VE9Z6tAkyzO3GeQVXtin
2025-03-27 14:48:50,756 INFO models.serialization :: Extracting Card 12 VFCGVYPVtLzCtt4teeoW4
2025-03-27 14:48:50,761 INFO models.serialization :: Extracting Card 13 -6yAP_G1UZ7xZc4E65Tvy
2025-03-27 14:48:50,765 INFO models.serialization :: Extracting Card 14 C8V7Dszig-vuqn9TP0igc
2025-03-27 14:48:50,771 INFO models.serialization :: Extracting Card 15 D4o8cCTOY-SnxoYDRVWcO
2025-03-27 14:48:50,775 INFO models.serialization :: Extracting Card 16 qQ3JGGOxVC8mrOLwxpcR6
2025-03-27 14:48:50,782 INFO models.serialization :: Extracting Card 17 Ey2qt4I-wcg1E0846iUQS
2025-03-27 14:48:50,787 INFO models.serialization :: Extracting Card 18 byM0vLfOiM1zBI_t1MUcO
2025-03-27 14:48:50,804 INFO models.serialization :: Extracting Card 19 8EdazRgPwfxdiltp7NCjS
2025-03-27 14:48:50,808 INFO models.serialization :: Extracting Card 20 ShsD1PjGTlFIvzm5FM9qC
2025-03-27 14:48:50,830 INFO models.serialization :: Extracting Card 21 S-hEu1jZ2-822qvBQ1EiT
2025-03-27 14:48:50,836 INFO models.serialization :: Extracting Card 22 fKu0z-vEC1WwVv1Lu95jD
2025-03-27 14:48:50,842 INFO models.serialization :: Extracting Card 23 AXDOILGSNqoWoxV1NuvTt
2025-03-27 14:48:50,865 INFO models.serialization :: Extracting Card 24 kgAiQ87dLKJmTnOaTeVsc
2025-03-27 14:48:50,869 INFO models.serialization :: Extracting Card 25 ucI5e9_FdTQF-1i7RdtIX
2025-03-27 14:48:50,875 INFO models.serialization :: Extracting Card 26 fdkSuB8zWEbjEq_vWMaI-
2025-03-27 14:48:50,880 INFO models.serialization :: Extracting Card 27 A5pNCrrWtf2bVka2vXVLx
2025-03-27 14:48:50,884 INFO models.serialization :: Extracting Card 28 g7G9X1p0na--gwNCUL75j
2025-03-27 14:48:50,889 INFO models.serialization :: Extracting Card 29 HSVx57QxslVTGbo1_XS4G
2025-03-27 14:48:50,893 INFO models.serialization :: Extracting Card 30 leO-OHTwIMltfpcLLOJxj
2025-03-27 14:48:50,897 INFO models.serialization :: Extracting Card 31 dzFHc6awtpZCSn9-wscNQ
2025-03-27 14:48:50,901 INFO models.serialization :: Extracting Card 32 c5m4bxKyi7GEa1sML-wpu
2025-03-27 14:48:50,919 INFO models.serialization :: Extracting Card 33 T9OjH7_py-tNsyPb4O8yC
2025-03-27 14:48:50,924 INFO models.serialization :: Extracting Card 34 IEp2LZKY_aJMpchBacdjP
2025-03-27 14:48:50,929 INFO models.serialization :: Extracting Card 35 8MovkFBA00WFOq2v5BzfB
2025-03-27 14:48:50,934 INFO models.serialization :: Extracting Card 36 yBoV-iHmFUrY9xqB0v9Pg
2025-03-27 14:48:50,938 INFO models.serialization :: Extracting Card 37 BQAQ6YNiUIMfmAPLpSKQW
2025-03-27 14:48:50,944 INFO models.serialization :: Extracting Card 156 lY4hbjNofxepxQGRhJa0s
2025-03-27 14:48:50,951 INFO models.serialization :: Extracting Card 161 oShRjudlgUvJRezvGTQTD
2025-03-27 14:48:50,956 INFO models.serialization :: Extracting Card 162 hjNoawcRfsDrC32g7LSOE
2025-03-27 14:48:50,961 INFO models.serialization :: Extracting Card 163 rqxxsDv8zhSBXgJmVjyWa
2025-03-27 14:48:50,974 INFO models.serialization :: Extracting Card 164 qj0jT7SXwEUezz1wSjtaZ
2025-03-27 14:48:50,986 INFO models.serialization :: Extracting Card 165 nhFZBIIZA_KnK6RuLp36z
2025-03-27 14:48:50,991 INFO models.serialization :: Extracting Card 166 1aVGgD6-onGIPUeWCLiMA
2025-03-27 14:48:50,995 INFO models.serialization :: Extracting Card 167 f9RqS8HspKvcsGEH24_Af
2025-03-27 14:48:50,999 INFO models.serialization :: Extracting Card 168 BP4o72CSvPOTLe5Nk6twf
2025-03-27 14:48:51,004 INFO models.serialization :: Extracting Card 169 hBnes5i3LGSYZeoGIYwvm
2025-03-27 14:48:51,009 INFO models.serialization :: Extracting Card 170 t1rQijQdCIZoQI6bhwBEG
2025-03-27 14:48:51,013 INFO models.serialization :: Extracting Card 171 avC199ZiYvp1aIWdejfFf
2025-03-27 14:48:51,018 INFO models.serialization :: Extracting Card 172 evd6f3MoDUtTNsoXHwu0T
2025-03-27 14:48:51,022 INFO models.serialization :: Extracting Card 173 Bkb4GEr5dH2_LbDOKhObR
2025-03-27 14:48:51,026 INFO models.serialization :: Extracting Card 174 NdqehUq98ebQ4H_-1d9v3
2025-03-27 14:48:51,030 INFO models.serialization :: Extracting Card 175 d3KPtMfbe0IIK0MDrHTNn
2025-03-27 14:48:51,035 INFO models.serialization :: Extracting Card 176 -mfPjg0QOoIKbqJS0SYne
2025-03-27 14:48:51,044 INFO models.serialization :: Extracting Card 177 P-shWkp5lozD2nuo5xusW
2025-03-27 14:48:51,051 INFO models.serialization :: Extracting Card 178 wd1PEi_Z217Gr-ceeZSNj
2025-03-27 14:48:51,055 INFO models.serialization :: Extracting Card 179 cO53DQ6k0DueW5Aglwp7Y
2025-03-27 14:48:51,059 INFO models.serialization :: Extracting Card 180 OouzOUPGIjf6zXJsSDe0f
2025-03-27 14:48:51,064 INFO models.serialization :: Extracting Card 181 DDT6zuq6O7bsnw1UEWtQQ
2025-03-27 14:48:51,068 INFO models.serialization :: Extracting Card 182 -BcEE22ptXyDOgUNRqyct
2025-03-27 14:48:51,072 INFO models.serialization :: Extracting Card 183 dsZMohGmK4P7eQRBdLFmb
2025-03-27 14:48:51,076 INFO models.serialization :: Extracting Card 184 fPYpb3KcV2TJZLRw-L841
2025-03-27 14:48:51,081 INFO models.serialization :: Extracting Card 185 KMq74J_Gh78vIimczx0LH
2025-03-27 14:48:51,085 INFO models.serialization :: Extracting Card 157 QEYx_MJGL2QfUVw4FHKom
2025-03-27 14:48:51,094 INFO models.serialization :: Extracting Card 158 1oOS0j-YDFAKdKpAI54U1
2025-03-27 14:48:51,097 INFO models.serialization :: Extracting Card 159 zdqbhcaieh1vn77knB85X
2025-03-27 14:48:51,101 INFO models.serialization :: Extracting Card 160 qYZmcKKFIOgWIC5ZBSdPV
2025-03-27 14:48:51,119 INFO models.serialization :: Extracting Card 186 7AF9sAISQbcm6zGpI7715
2025-03-27 14:48:51,128 INFO models.serialization :: Extracting Card 187 3DBFwapkntRZUyxxG_Gda
2025-03-27 14:48:51,133 INFO models.serialization :: Extracting Card 188 YYBS29loMwQwt7rSfbhtD
2025-03-27 14:48:51,137 INFO models.serialization :: Extracting Card 189 j-GruBVLLifkj3CTTjc24
2025-03-27 14:48:51,142 INFO models.serialization :: Extracting Card 190 cYjeBKceYu-GatKtQoLjw
2025-03-27 14:48:51,149 INFO models.serialization :: Extracting Card 191 eRcERn2tkbvTQDGvQbah2
2025-03-27 14:48:51,153 INFO models.serialization :: Extracting Card 192 8KojkFekI7MgGUoC_YVNT
2025-03-27 14:48:51,158 INFO models.serialization :: Extracting Card 193 I1vnPW8qcap-kt0MS9BRI
2025-03-27 14:48:51,164 INFO models.serialization :: Extracting Card 194 MZnrZb2Awy_NZ-cfdl4KI
2025-03-27 14:48:51,170 INFO models.serialization :: Extracting Card 195 pAbQlxzrz81lWMZhTI2yx
2025-03-27 14:48:51,180 INFO models.serialization :: Extracting Card 196 YsSba5spLpNinWBO8FU4v
2025-03-27 14:48:51,187 INFO models.serialization :: Extracting Card 197 jwY5i2xgVWtIfVwMmryJB
2025-03-27 14:48:51,196 INFO models.serialization :: Extracting NativeQuerySnippet 2 5w5_JWozQqewpqsyWL-H1
2025-03-27 14:48:51,200 INFO models.serialization :: Extracting Collection 2 HyB3nRtqb7pBPhFG26evI
2025-03-27 14:48:51,201 INFO models.serialization :: Extracting Collection 3 54O0IbgCzm290Nnxf1wRH
2025-03-27 14:48:51,201 INFO models.serialization :: Extracting Collection 7 rQ-sPivED6cgIo8oB6YRq
2025-03-27 14:48:51,201 INFO models.serialization :: Extracting Collection 8 uw5zZx8BdSWhEqw2SaaSP
2025-03-27 14:48:51,209 INFO models.serialization :: Extracting Collection 9 eUVIXSp_J3PFL5-hY4FrX
2025-03-27 14:48:51,210 INFO models.serialization :: Extracting Collection 17 53YGAg4EE6MC76nxx-f5f
2025-03-27 14:48:51,210 INFO models.serialization :: Extracting Collection 18 GLRl7Ny7CKz1Ic-HGaBMT
2025-03-27 14:48:51,210 INFO models.serialization :: Extracting Collection 19 L93SUJ6YnPirW1irQLPTE
2025-03-27 14:48:51,211 INFO v2.storage :: Storing Dashboard xBLdW9FsgRuB2HGhWiBa_
2025-03-27 14:48:51,226 INFO v2.storage :: Storing Dashboard DlK2jXoIHPXyVkEuo6Uy6
2025-03-27 14:48:51,243 INFO v2.storage :: Storing Dashboard eOytkPrbKeJQ4P5zN8dW4
2025-03-27 14:48:51,251 INFO v2.storage :: Storing Card _GiVL6zYmsnBb1oqLCp4u
2025-03-27 14:48:51,254 INFO v2.storage :: Storing Card jjO5LcBp8qNILJFiYZoVt
2025-03-27 14:48:51,255 INFO v2.storage :: Storing Card OJ-I03ZsQ7IBrzr29B_8o
2025-03-27 14:48:51,257 INFO v2.storage :: Storing Card WMub5k6vo0zGP24qXQFNu
2025-03-27 14:48:51,259 INFO v2.storage :: Storing Card Jxa0svP68DfXubV_wD3os
2025-03-27 14:48:51,262 INFO v2.storage :: Storing Card UUZZsw19IuPTqdhho99oc
2025-03-27 14:48:51,263 INFO v2.storage :: Storing Card RpKYsFwHfjcckbgj4oBKK
2025-03-27 14:48:51,265 INFO v2.storage :: Storing Card X8HNuB_i3j2uNFnsx3vQ0
2025-03-27 14:48:51,267 INFO v2.storage :: Storing Card skXR69-dlhJST5C7Rd9nR
2025-03-27 14:48:51,268 INFO v2.storage :: Storing Card km2d9-ZqHrlAM79yPh13G
2025-03-27 14:48:51,269 INFO v2.storage :: Storing Card 9VE9Z6tAkyzO3GeQVXtin
2025-03-27 14:48:51,271 INFO v2.storage :: Storing Card VFCGVYPVtLzCtt4teeoW4
2025-03-27 14:48:51,272 INFO v2.storage :: Storing Card -6yAP_G1UZ7xZc4E65Tvy
2025-03-27 14:48:51,274 INFO v2.storage :: Storing Card C8V7Dszig-vuqn9TP0igc
2025-03-27 14:48:51,275 INFO v2.storage :: Storing Card D4o8cCTOY-SnxoYDRVWcO
2025-03-27 14:48:51,276 INFO v2.storage :: Storing Card qQ3JGGOxVC8mrOLwxpcR6
2025-03-27 14:48:51,277 INFO v2.storage :: Storing Card Ey2qt4I-wcg1E0846iUQS
2025-03-27 14:48:51,278 INFO v2.storage :: Storing Card byM0vLfOiM1zBI_t1MUcO
2025-03-27 14:48:51,279 INFO v2.storage :: Storing Card 8EdazRgPwfxdiltp7NCjS
2025-03-27 14:48:51,280 INFO v2.storage :: Storing Card ShsD1PjGTlFIvzm5FM9qC
2025-03-27 14:48:51,281 INFO v2.storage :: Storing Card S-hEu1jZ2-822qvBQ1EiT
2025-03-27 14:48:51,283 INFO v2.storage :: Storing Card fKu0z-vEC1WwVv1Lu95jD
2025-03-27 14:48:51,284 INFO v2.storage :: Storing Card AXDOILGSNqoWoxV1NuvTt
2025-03-27 14:48:51,285 INFO v2.storage :: Storing Card kgAiQ87dLKJmTnOaTeVsc
2025-03-27 14:48:51,287 INFO v2.storage :: Storing Card ucI5e9_FdTQF-1i7RdtIX
2025-03-27 14:48:51,289 INFO v2.storage :: Storing Card fdkSuB8zWEbjEq_vWMaI-
2025-03-27 14:48:51,290 INFO v2.storage :: Storing Card A5pNCrrWtf2bVka2vXVLx
2025-03-27 14:48:51,291 INFO v2.storage :: Storing Card g7G9X1p0na--gwNCUL75j
2025-03-27 14:48:51,292 INFO v2.storage :: Storing Card HSVx57QxslVTGbo1_XS4G
2025-03-27 14:48:51,293 INFO v2.storage :: Storing Card leO-OHTwIMltfpcLLOJxj
2025-03-27 14:48:51,294 INFO v2.storage :: Storing Card dzFHc6awtpZCSn9-wscNQ
2025-03-27 14:48:51,295 INFO v2.storage :: Storing Card c5m4bxKyi7GEa1sML-wpu
2025-03-27 14:48:51,297 INFO v2.storage :: Storing Card T9OjH7_py-tNsyPb4O8yC
2025-03-27 14:48:51,298 INFO v2.storage :: Storing Card IEp2LZKY_aJMpchBacdjP
2025-03-27 14:48:51,299 INFO v2.storage :: Storing Card 8MovkFBA00WFOq2v5BzfB
2025-03-27 14:48:51,300 INFO v2.storage :: Storing Card yBoV-iHmFUrY9xqB0v9Pg
2025-03-27 14:48:51,301 INFO v2.storage :: Storing Card BQAQ6YNiUIMfmAPLpSKQW
2025-03-27 14:48:51,303 INFO v2.storage :: Storing Card lY4hbjNofxepxQGRhJa0s
2025-03-27 14:48:51,305 INFO v2.storage :: Storing Card oShRjudlgUvJRezvGTQTD
2025-03-27 14:48:51,306 INFO v2.storage :: Storing Card hjNoawcRfsDrC32g7LSOE
2025-03-27 14:48:51,308 INFO v2.storage :: Storing Card rqxxsDv8zhSBXgJmVjyWa
2025-03-27 14:48:51,309 INFO v2.storage :: Storing Card qj0jT7SXwEUezz1wSjtaZ
2025-03-27 14:48:51,310 INFO v2.storage :: Storing Card nhFZBIIZA_KnK6RuLp36z
2025-03-27 14:48:51,312 INFO v2.storage :: Storing Card 1aVGgD6-onGIPUeWCLiMA
2025-03-27 14:48:51,313 INFO v2.storage :: Storing Card f9RqS8HspKvcsGEH24_Af
2025-03-27 14:48:51,314 INFO v2.storage :: Storing Card BP4o72CSvPOTLe5Nk6twf
2025-03-27 14:48:51,315 INFO v2.storage :: Storing Card hBnes5i3LGSYZeoGIYwvm
2025-03-27 14:48:51,316 INFO v2.storage :: Storing Card t1rQijQdCIZoQI6bhwBEG
2025-03-27 14:48:51,317 INFO v2.storage :: Storing Card avC199ZiYvp1aIWdejfFf
2025-03-27 14:48:51,318 INFO v2.storage :: Storing Card evd6f3MoDUtTNsoXHwu0T
2025-03-27 14:48:51,320 INFO v2.storage :: Storing Card Bkb4GEr5dH2_LbDOKhObR
2025-03-27 14:48:51,320 INFO v2.storage :: Storing Card NdqehUq98ebQ4H_-1d9v3
2025-03-27 14:48:51,321 INFO v2.storage :: Storing Card d3KPtMfbe0IIK0MDrHTNn
2025-03-27 14:48:51,322 INFO v2.storage :: Storing Card -mfPjg0QOoIKbqJS0SYne
2025-03-27 14:48:51,324 INFO v2.storage :: Storing Card P-shWkp5lozD2nuo5xusW
2025-03-27 14:48:51,325 INFO v2.storage :: Storing Card wd1PEi_Z217Gr-ceeZSNj
2025-03-27 14:48:51,326 INFO v2.storage :: Storing Card cO53DQ6k0DueW5Aglwp7Y
2025-03-27 14:48:51,327 INFO v2.storage :: Storing Card OouzOUPGIjf6zXJsSDe0f
2025-03-27 14:48:51,328 INFO v2.storage :: Storing Card DDT6zuq6O7bsnw1UEWtQQ
2025-03-27 14:48:51,329 INFO v2.storage :: Storing Card -BcEE22ptXyDOgUNRqyct
2025-03-27 14:48:51,330 INFO v2.storage :: Storing Card dsZMohGmK4P7eQRBdLFmb
2025-03-27 14:48:51,331 INFO v2.storage :: Storing Card fPYpb3KcV2TJZLRw-L841
2025-03-27 14:48:51,332 INFO v2.storage :: Storing Card KMq74J_Gh78vIimczx0LH
2025-03-27 14:48:51,333 INFO v2.storage :: Storing Card QEYx_MJGL2QfUVw4FHKom
2025-03-27 14:48:51,334 INFO v2.storage :: Storing Card 1oOS0j-YDFAKdKpAI54U1
2025-03-27 14:48:51,335 INFO v2.storage :: Storing Card zdqbhcaieh1vn77knB85X
2025-03-27 14:48:51,336 INFO v2.storage :: Storing Card qYZmcKKFIOgWIC5ZBSdPV
2025-03-27 14:48:51,337 INFO v2.storage :: Storing Card 7AF9sAISQbcm6zGpI7715
2025-03-27 14:48:51,340 INFO v2.storage :: Storing Card 3DBFwapkntRZUyxxG_Gda
2025-03-27 14:48:51,342 INFO v2.storage :: Storing Card YYBS29loMwQwt7rSfbhtD
2025-03-27 14:48:51,344 INFO v2.storage :: Storing Card j-GruBVLLifkj3CTTjc24
2025-03-27 14:48:51,346 INFO v2.storage :: Storing Card cYjeBKceYu-GatKtQoLjw
2025-03-27 14:48:51,348 INFO v2.storage :: Storing Card eRcERn2tkbvTQDGvQbah2
2025-03-27 14:48:51,350 INFO v2.storage :: Storing Card 8KojkFekI7MgGUoC_YVNT
2025-03-27 14:48:51,352 INFO v2.storage :: Storing Card I1vnPW8qcap-kt0MS9BRI
2025-03-27 14:48:51,355 INFO v2.storage :: Storing Card MZnrZb2Awy_NZ-cfdl4KI
2025-03-27 14:48:51,357 INFO v2.storage :: Storing Card pAbQlxzrz81lWMZhTI2yx
2025-03-27 14:48:51,359 INFO v2.storage :: Storing Card YsSba5spLpNinWBO8FU4v
2025-03-27 14:48:51,361 INFO v2.storage :: Storing Card jwY5i2xgVWtIfVwMmryJB
2025-03-27 14:48:51,363 INFO v2.storage :: Storing NativeQuerySnippet 5w5_JWozQqewpqsyWL-H1
2025-03-27 14:48:51,364 INFO v2.storage :: Storing Collection HyB3nRtqb7pBPhFG26evI
2025-03-27 14:48:51,364 INFO v2.storage :: Storing Collection 54O0IbgCzm290Nnxf1wRH
2025-03-27 14:48:51,365 INFO v2.storage :: Storing Collection rQ-sPivED6cgIo8oB6YRq
2025-03-27 14:48:51,365 INFO v2.storage :: Storing Collection uw5zZx8BdSWhEqw2SaaSP
2025-03-27 14:48:51,366 INFO v2.storage :: Storing Collection eUVIXSp_J3PFL5-hY4FrX
2025-03-27 14:48:51,366 INFO v2.storage :: Storing Collection 53YGAg4EE6MC76nxx-f5f
2025-03-27 14:48:51,367 INFO v2.storage :: Storing Collection GLRl7Ny7CKz1Ic-HGaBMT
2025-03-27 14:48:51,367 INFO v2.storage :: Storing Collection L93SUJ6YnPirW1irQLPTE
