2025-03-27 17:45:24,351 INFO models.serialization :: Extracting Dashboard 1 xBLdW9FsgRuB2HGhWiBa_
2025-03-27 17:45:24,799 INFO models.serialization :: Extracting Dashboard 11 DlK2jXoIHPXyVkEuo6Uy6
2025-03-27 17:45:25,178 INFO models.serialization :: Extracting Dashboard 12 eOytkPrbKeJQ4P5zN8dW4
2025-03-27 17:45:25,354 INFO models.serialization :: Extracting Card 1 _GiVL6zYmsnBb1oqLCp4u
2025-03-27 17:45:25,385 INFO models.serialization :: Extracting Card 2 jjO5LcBp8qNILJFiYZoVt
2025-03-27 17:45:25,396 INFO models.serialization :: Extracting Card 3 OJ-I03ZsQ7IBrzr29B_8o
2025-03-27 17:45:25,426 INFO models.serialization :: Extracting Card 4 WMub5k6vo0zGP24qXQFNu
2025-03-27 17:45:25,437 INFO models.serialization :: Extracting Card 5 Jxa0svP68DfXubV_wD3os
2025-03-27 17:45:25,465 INFO models.serialization :: Extracting Card 6 UUZZsw19IuPTqdhho99oc
2025-03-27 17:45:25,478 INFO models.serialization :: Extracting Card 7 RpKYsFwHfjcckbgj4oBKK
2025-03-27 17:45:25,483 INFO models.serialization :: Extracting Card 8 X8HNuB_i3j2uNFnsx3vQ0
2025-03-27 17:45:25,506 INFO models.serialization :: Extracting Card 9 skXR69-dlhJST5C7Rd9nR
2025-03-27 17:45:25,511 INFO models.serialization :: Extracting Card 10 km2d9-ZqHrlAM79yPh13G
2025-03-27 17:45:25,537 INFO models.serialization :: Extracting Card 11 9VE9Z6tAkyzO3GeQVXtin
2025-03-27 17:45:25,545 INFO models.serialization :: Extracting Card 12 VFCGVYPVtLzCtt4teeoW4
2025-03-27 17:45:25,551 INFO models.serialization :: Extracting Card 13 -6yAP_G1UZ7xZc4E65Tvy
2025-03-27 17:45:25,557 INFO models.serialization :: Extracting Card 14 C8V7Dszig-vuqn9TP0igc
2025-03-27 17:45:25,565 INFO models.serialization :: Extracting Card 15 D4o8cCTOY-SnxoYDRVWcO
2025-03-27 17:45:25,570 INFO models.serialization :: Extracting Card 16 qQ3JGGOxVC8mrOLwxpcR6
2025-03-27 17:45:25,578 INFO models.serialization :: Extracting Card 17 Ey2qt4I-wcg1E0846iUQS
2025-03-27 17:45:25,584 INFO models.serialization :: Extracting Card 18 byM0vLfOiM1zBI_t1MUcO
2025-03-27 17:45:25,607 INFO models.serialization :: Extracting Card 19 8EdazRgPwfxdiltp7NCjS
2025-03-27 17:45:25,612 INFO models.serialization :: Extracting Card 20 ShsD1PjGTlFIvzm5FM9qC
2025-03-27 17:45:25,637 INFO models.serialization :: Extracting Card 21 S-hEu1jZ2-822qvBQ1EiT
2025-03-27 17:45:25,642 INFO models.serialization :: Extracting Card 22 fKu0z-vEC1WwVv1Lu95jD
2025-03-27 17:45:25,648 INFO models.serialization :: Extracting Card 23 AXDOILGSNqoWoxV1NuvTt
2025-03-27 17:45:25,674 INFO models.serialization :: Extracting Card 24 kgAiQ87dLKJmTnOaTeVsc
2025-03-27 17:45:25,680 INFO models.serialization :: Extracting Card 25 ucI5e9_FdTQF-1i7RdtIX
2025-03-27 17:45:25,691 INFO models.serialization :: Extracting Card 26 fdkSuB8zWEbjEq_vWMaI-
2025-03-27 17:45:25,696 INFO models.serialization :: Extracting Card 27 A5pNCrrWtf2bVka2vXVLx
2025-03-27 17:45:25,701 INFO models.serialization :: Extracting Card 28 g7G9X1p0na--gwNCUL75j
2025-03-27 17:45:25,706 INFO models.serialization :: Extracting Card 29 HSVx57QxslVTGbo1_XS4G
2025-03-27 17:45:25,712 INFO models.serialization :: Extracting Card 30 leO-OHTwIMltfpcLLOJxj
2025-03-27 17:45:25,717 INFO models.serialization :: Extracting Card 31 dzFHc6awtpZCSn9-wscNQ
2025-03-27 17:45:25,722 INFO models.serialization :: Extracting Card 32 c5m4bxKyi7GEa1sML-wpu
2025-03-27 17:45:25,744 INFO models.serialization :: Extracting Card 33 T9OjH7_py-tNsyPb4O8yC
2025-03-27 17:45:25,748 INFO models.serialization :: Extracting Card 34 IEp2LZKY_aJMpchBacdjP
2025-03-27 17:45:25,753 INFO models.serialization :: Extracting Card 35 8MovkFBA00WFOq2v5BzfB
2025-03-27 17:45:25,761 INFO models.serialization :: Extracting Card 36 yBoV-iHmFUrY9xqB0v9Pg
2025-03-27 17:45:25,767 INFO models.serialization :: Extracting Card 37 BQAQ6YNiUIMfmAPLpSKQW
2025-03-27 17:45:25,772 INFO models.serialization :: Extracting Card 156 lY4hbjNofxepxQGRhJa0s
2025-03-27 17:45:25,780 INFO models.serialization :: Extracting Card 161 oShRjudlgUvJRezvGTQTD
2025-03-27 17:45:25,786 INFO models.serialization :: Extracting Card 162 hjNoawcRfsDrC32g7LSOE
2025-03-27 17:45:25,791 INFO models.serialization :: Extracting Card 163 rqxxsDv8zhSBXgJmVjyWa
2025-03-27 17:45:25,803 INFO models.serialization :: Extracting Card 164 qj0jT7SXwEUezz1wSjtaZ
2025-03-27 17:45:25,815 INFO models.serialization :: Extracting Card 165 nhFZBIIZA_KnK6RuLp36z
2025-03-27 17:45:25,820 INFO models.serialization :: Extracting Card 166 1aVGgD6-onGIPUeWCLiMA
2025-03-27 17:45:25,830 INFO models.serialization :: Extracting Card 167 f9RqS8HspKvcsGEH24_Af
2025-03-27 17:45:25,836 INFO models.serialization :: Extracting Card 168 BP4o72CSvPOTLe5Nk6twf
2025-03-27 17:45:25,841 INFO models.serialization :: Extracting Card 169 hBnes5i3LGSYZeoGIYwvm
2025-03-27 17:45:25,847 INFO models.serialization :: Extracting Card 170 t1rQijQdCIZoQI6bhwBEG
2025-03-27 17:45:25,853 INFO models.serialization :: Extracting Card 171 avC199ZiYvp1aIWdejfFf
2025-03-27 17:45:25,864 INFO models.serialization :: Extracting Card 172 evd6f3MoDUtTNsoXHwu0T
2025-03-27 17:45:25,874 INFO models.serialization :: Extracting Card 173 Bkb4GEr5dH2_LbDOKhObR
2025-03-27 17:45:25,880 INFO models.serialization :: Extracting Card 174 NdqehUq98ebQ4H_-1d9v3
2025-03-27 17:45:25,888 INFO models.serialization :: Extracting Card 175 d3KPtMfbe0IIK0MDrHTNn
2025-03-27 17:45:25,894 INFO models.serialization :: Extracting Card 176 -mfPjg0QOoIKbqJS0SYne
2025-03-27 17:45:25,902 INFO models.serialization :: Extracting Card 177 P-shWkp5lozD2nuo5xusW
2025-03-27 17:45:25,908 INFO models.serialization :: Extracting Card 178 wd1PEi_Z217Gr-ceeZSNj
2025-03-27 17:45:25,913 INFO models.serialization :: Extracting Card 179 cO53DQ6k0DueW5Aglwp7Y
2025-03-27 17:45:25,919 INFO models.serialization :: Extracting Card 180 OouzOUPGIjf6zXJsSDe0f
2025-03-27 17:45:25,924 INFO models.serialization :: Extracting Card 181 DDT6zuq6O7bsnw1UEWtQQ
2025-03-27 17:45:25,929 INFO models.serialization :: Extracting Card 182 -BcEE22ptXyDOgUNRqyct
2025-03-27 17:45:25,935 INFO models.serialization :: Extracting Card 183 dsZMohGmK4P7eQRBdLFmb
2025-03-27 17:45:25,940 INFO models.serialization :: Extracting Card 184 fPYpb3KcV2TJZLRw-L841
2025-03-27 17:45:25,945 INFO models.serialization :: Extracting Card 185 KMq74J_Gh78vIimczx0LH
2025-03-27 17:45:25,950 INFO models.serialization :: Extracting Card 157 QEYx_MJGL2QfUVw4FHKom
2025-03-27 17:45:25,959 INFO models.serialization :: Extracting Card 158 1oOS0j-YDFAKdKpAI54U1
2025-03-27 17:45:25,964 INFO models.serialization :: Extracting Card 159 zdqbhcaieh1vn77knB85X
2025-03-27 17:45:25,969 INFO models.serialization :: Extracting Card 160 qYZmcKKFIOgWIC5ZBSdPV
2025-03-27 17:45:26,066 INFO models.serialization :: Extracting Card 186 7AF9sAISQbcm6zGpI7715
2025-03-27 17:45:26,100 INFO models.serialization :: Extracting Card 187 3DBFwapkntRZUyxxG_Gda
2025-03-27 17:45:26,105 INFO models.serialization :: Extracting Card 188 YYBS29loMwQwt7rSfbhtD
2025-03-27 17:45:26,116 INFO models.serialization :: Extracting Card 189 j-GruBVLLifkj3CTTjc24
2025-03-27 17:45:26,121 INFO models.serialization :: Extracting Card 190 cYjeBKceYu-GatKtQoLjw
2025-03-27 17:45:26,129 INFO models.serialization :: Extracting Card 191 eRcERn2tkbvTQDGvQbah2
2025-03-27 17:45:26,134 INFO models.serialization :: Extracting Card 192 8KojkFekI7MgGUoC_YVNT
2025-03-27 17:45:26,139 INFO models.serialization :: Extracting Card 193 I1vnPW8qcap-kt0MS9BRI
2025-03-27 17:45:26,144 INFO models.serialization :: Extracting Card 194 MZnrZb2Awy_NZ-cfdl4KI
2025-03-27 17:45:26,153 INFO models.serialization :: Extracting Card 195 pAbQlxzrz81lWMZhTI2yx
2025-03-27 17:45:26,164 INFO models.serialization :: Extracting Card 196 YsSba5spLpNinWBO8FU4v
2025-03-27 17:45:26,172 INFO models.serialization :: Extracting Card 197 jwY5i2xgVWtIfVwMmryJB
2025-03-27 17:45:26,182 INFO models.serialization :: Extracting NativeQuerySnippet 2 5w5_JWozQqewpqsyWL-H1
2025-03-27 17:45:26,187 INFO models.serialization :: Extracting Collection 2 HyB3nRtqb7pBPhFG26evI
2025-03-27 17:45:26,188 INFO models.serialization :: Extracting Collection 3 54O0IbgCzm290Nnxf1wRH
2025-03-27 17:45:26,189 INFO models.serialization :: Extracting Collection 7 rQ-sPivED6cgIo8oB6YRq
2025-03-27 17:45:26,190 INFO models.serialization :: Extracting Collection 8 uw5zZx8BdSWhEqw2SaaSP
2025-03-27 17:45:26,194 INFO models.serialization :: Extracting Collection 9 eUVIXSp_J3PFL5-hY4FrX
2025-03-27 17:45:26,195 INFO models.serialization :: Extracting Collection 17 53YGAg4EE6MC76nxx-f5f
2025-03-27 17:45:26,196 INFO models.serialization :: Extracting Collection 18 GLRl7Ny7CKz1Ic-HGaBMT
2025-03-27 17:45:26,197 INFO models.serialization :: Extracting Collection 19 L93SUJ6YnPirW1irQLPTE
2025-03-27 17:45:26,197 INFO v2.storage :: Storing Dashboard xBLdW9FsgRuB2HGhWiBa_
2025-03-27 17:45:26,212 INFO v2.storage :: Storing Dashboard DlK2jXoIHPXyVkEuo6Uy6
2025-03-27 17:45:26,230 INFO v2.storage :: Storing Dashboard eOytkPrbKeJQ4P5zN8dW4
2025-03-27 17:45:26,241 INFO v2.storage :: Storing Card _GiVL6zYmsnBb1oqLCp4u
2025-03-27 17:45:26,245 INFO v2.storage :: Storing Card jjO5LcBp8qNILJFiYZoVt
2025-03-27 17:45:26,247 INFO v2.storage :: Storing Card OJ-I03ZsQ7IBrzr29B_8o
2025-03-27 17:45:26,250 INFO v2.storage :: Storing Card WMub5k6vo0zGP24qXQFNu
2025-03-27 17:45:26,252 INFO v2.storage :: Storing Card Jxa0svP68DfXubV_wD3os
2025-03-27 17:45:26,260 INFO v2.storage :: Storing Card UUZZsw19IuPTqdhho99oc
2025-03-27 17:45:26,262 INFO v2.storage :: Storing Card RpKYsFwHfjcckbgj4oBKK
2025-03-27 17:45:26,265 INFO v2.storage :: Storing Card X8HNuB_i3j2uNFnsx3vQ0
2025-03-27 17:45:26,268 INFO v2.storage :: Storing Card skXR69-dlhJST5C7Rd9nR
2025-03-27 17:45:26,270 INFO v2.storage :: Storing Card km2d9-ZqHrlAM79yPh13G
2025-03-27 17:45:26,272 INFO v2.storage :: Storing Card 9VE9Z6tAkyzO3GeQVXtin
2025-03-27 17:45:26,275 INFO v2.storage :: Storing Card VFCGVYPVtLzCtt4teeoW4
2025-03-27 17:45:26,277 INFO v2.storage :: Storing Card -6yAP_G1UZ7xZc4E65Tvy
2025-03-27 17:45:26,280 INFO v2.storage :: Storing Card C8V7Dszig-vuqn9TP0igc
2025-03-27 17:45:26,282 INFO v2.storage :: Storing Card D4o8cCTOY-SnxoYDRVWcO
2025-03-27 17:45:26,284 INFO v2.storage :: Storing Card qQ3JGGOxVC8mrOLwxpcR6
2025-03-27 17:45:26,286 INFO v2.storage :: Storing Card Ey2qt4I-wcg1E0846iUQS
2025-03-27 17:45:26,287 INFO v2.storage :: Storing Card byM0vLfOiM1zBI_t1MUcO
2025-03-27 17:45:26,289 INFO v2.storage :: Storing Card 8EdazRgPwfxdiltp7NCjS
2025-03-27 17:45:26,291 INFO v2.storage :: Storing Card ShsD1PjGTlFIvzm5FM9qC
2025-03-27 17:45:26,293 INFO v2.storage :: Storing Card S-hEu1jZ2-822qvBQ1EiT
2025-03-27 17:45:26,295 INFO v2.storage :: Storing Card fKu0z-vEC1WwVv1Lu95jD
2025-03-27 17:45:26,296 INFO v2.storage :: Storing Card AXDOILGSNqoWoxV1NuvTt
2025-03-27 17:45:26,299 INFO v2.storage :: Storing Card kgAiQ87dLKJmTnOaTeVsc
2025-03-27 17:45:26,301 INFO v2.storage :: Storing Card ucI5e9_FdTQF-1i7RdtIX
2025-03-27 17:45:26,304 INFO v2.storage :: Storing Card fdkSuB8zWEbjEq_vWMaI-
2025-03-27 17:45:26,306 INFO v2.storage :: Storing Card A5pNCrrWtf2bVka2vXVLx
2025-03-27 17:45:26,308 INFO v2.storage :: Storing Card g7G9X1p0na--gwNCUL75j
2025-03-27 17:45:26,310 INFO v2.storage :: Storing Card HSVx57QxslVTGbo1_XS4G
2025-03-27 17:45:26,312 INFO v2.storage :: Storing Card leO-OHTwIMltfpcLLOJxj
2025-03-27 17:45:26,313 INFO v2.storage :: Storing Card dzFHc6awtpZCSn9-wscNQ
2025-03-27 17:45:26,315 INFO v2.storage :: Storing Card c5m4bxKyi7GEa1sML-wpu
2025-03-27 17:45:26,321 INFO v2.storage :: Storing Card T9OjH7_py-tNsyPb4O8yC
2025-03-27 17:45:26,323 INFO v2.storage :: Storing Card IEp2LZKY_aJMpchBacdjP
2025-03-27 17:45:26,324 INFO v2.storage :: Storing Card 8MovkFBA00WFOq2v5BzfB
2025-03-27 17:45:26,326 INFO v2.storage :: Storing Card yBoV-iHmFUrY9xqB0v9Pg
2025-03-27 17:45:26,328 INFO v2.storage :: Storing Card BQAQ6YNiUIMfmAPLpSKQW
2025-03-27 17:45:26,333 INFO v2.storage :: Storing Card lY4hbjNofxepxQGRhJa0s
2025-03-27 17:45:26,336 INFO v2.storage :: Storing Card oShRjudlgUvJRezvGTQTD
2025-03-27 17:45:26,337 INFO v2.storage :: Storing Card hjNoawcRfsDrC32g7LSOE
2025-03-27 17:45:26,340 INFO v2.storage :: Storing Card rqxxsDv8zhSBXgJmVjyWa
2025-03-27 17:45:26,341 INFO v2.storage :: Storing Card qj0jT7SXwEUezz1wSjtaZ
2025-03-27 17:45:26,342 INFO v2.storage :: Storing Card nhFZBIIZA_KnK6RuLp36z
2025-03-27 17:45:26,343 INFO v2.storage :: Storing Card 1aVGgD6-onGIPUeWCLiMA
2025-03-27 17:45:26,344 INFO v2.storage :: Storing Card f9RqS8HspKvcsGEH24_Af
2025-03-27 17:45:26,345 INFO v2.storage :: Storing Card BP4o72CSvPOTLe5Nk6twf
2025-03-27 17:45:26,346 INFO v2.storage :: Storing Card hBnes5i3LGSYZeoGIYwvm
2025-03-27 17:45:26,347 INFO v2.storage :: Storing Card t1rQijQdCIZoQI6bhwBEG
2025-03-27 17:45:26,348 INFO v2.storage :: Storing Card avC199ZiYvp1aIWdejfFf
2025-03-27 17:45:26,350 INFO v2.storage :: Storing Card evd6f3MoDUtTNsoXHwu0T
2025-03-27 17:45:26,351 INFO v2.storage :: Storing Card Bkb4GEr5dH2_LbDOKhObR
2025-03-27 17:45:26,352 INFO v2.storage :: Storing Card NdqehUq98ebQ4H_-1d9v3
2025-03-27 17:45:26,353 INFO v2.storage :: Storing Card d3KPtMfbe0IIK0MDrHTNn
2025-03-27 17:45:26,354 INFO v2.storage :: Storing Card -mfPjg0QOoIKbqJS0SYne
2025-03-27 17:45:26,355 INFO v2.storage :: Storing Card P-shWkp5lozD2nuo5xusW
2025-03-27 17:45:26,357 INFO v2.storage :: Storing Card wd1PEi_Z217Gr-ceeZSNj
2025-03-27 17:45:26,358 INFO v2.storage :: Storing Card cO53DQ6k0DueW5Aglwp7Y
2025-03-27 17:45:26,359 INFO v2.storage :: Storing Card OouzOUPGIjf6zXJsSDe0f
2025-03-27 17:45:26,360 INFO v2.storage :: Storing Card DDT6zuq6O7bsnw1UEWtQQ
2025-03-27 17:45:26,361 INFO v2.storage :: Storing Card -BcEE22ptXyDOgUNRqyct
2025-03-27 17:45:26,362 INFO v2.storage :: Storing Card dsZMohGmK4P7eQRBdLFmb
2025-03-27 17:45:26,363 INFO v2.storage :: Storing Card fPYpb3KcV2TJZLRw-L841
2025-03-27 17:45:26,364 INFO v2.storage :: Storing Card KMq74J_Gh78vIimczx0LH
2025-03-27 17:45:26,365 INFO v2.storage :: Storing Card QEYx_MJGL2QfUVw4FHKom
2025-03-27 17:45:26,366 INFO v2.storage :: Storing Card 1oOS0j-YDFAKdKpAI54U1
2025-03-27 17:45:26,367 INFO v2.storage :: Storing Card zdqbhcaieh1vn77knB85X
2025-03-27 17:45:26,368 INFO v2.storage :: Storing Card qYZmcKKFIOgWIC5ZBSdPV
2025-03-27 17:45:26,370 INFO v2.storage :: Storing Card 7AF9sAISQbcm6zGpI7715
2025-03-27 17:45:26,372 INFO v2.storage :: Storing Card 3DBFwapkntRZUyxxG_Gda
2025-03-27 17:45:26,374 INFO v2.storage :: Storing Card YYBS29loMwQwt7rSfbhtD
2025-03-27 17:45:26,379 INFO v2.storage :: Storing Card j-GruBVLLifkj3CTTjc24
2025-03-27 17:45:26,382 INFO v2.storage :: Storing Card cYjeBKceYu-GatKtQoLjw
2025-03-27 17:45:26,384 INFO v2.storage :: Storing Card eRcERn2tkbvTQDGvQbah2
2025-03-27 17:45:26,386 INFO v2.storage :: Storing Card 8KojkFekI7MgGUoC_YVNT
2025-03-27 17:45:26,388 INFO v2.storage :: Storing Card I1vnPW8qcap-kt0MS9BRI
2025-03-27 17:45:26,390 INFO v2.storage :: Storing Card MZnrZb2Awy_NZ-cfdl4KI
2025-03-27 17:45:26,393 INFO v2.storage :: Storing Card pAbQlxzrz81lWMZhTI2yx
2025-03-27 17:45:26,396 INFO v2.storage :: Storing Card YsSba5spLpNinWBO8FU4v
2025-03-27 17:45:26,398 INFO v2.storage :: Storing Card jwY5i2xgVWtIfVwMmryJB
2025-03-27 17:45:26,401 INFO v2.storage :: Storing NativeQuerySnippet 5w5_JWozQqewpqsyWL-H1
2025-03-27 17:45:26,402 INFO v2.storage :: Storing Collection HyB3nRtqb7pBPhFG26evI
2025-03-27 17:45:26,402 INFO v2.storage :: Storing Collection 54O0IbgCzm290Nnxf1wRH
2025-03-27 17:45:26,403 INFO v2.storage :: Storing Collection rQ-sPivED6cgIo8oB6YRq
2025-03-27 17:45:26,403 INFO v2.storage :: Storing Collection uw5zZx8BdSWhEqw2SaaSP
2025-03-27 17:45:26,404 INFO v2.storage :: Storing Collection eUVIXSp_J3PFL5-hY4FrX
2025-03-27 17:45:26,405 INFO v2.storage :: Storing Collection 53YGAg4EE6MC76nxx-f5f
2025-03-27 17:45:26,405 INFO v2.storage :: Storing Collection GLRl7Ny7CKz1Ic-HGaBMT
2025-03-27 17:45:26,406 INFO v2.storage :: Storing Collection L93SUJ6YnPirW1irQLPTE
