2025-03-25 14:36:54,938 INFO models.serialization :: Extracting Dashboard 10 eOytkPrbKeJQ4P5zN8dW4
2025-03-25 14:36:55,079 INFO models.serialization :: Extracting Card 110 eRcERn2tkbvTQDGvQbah2
2025-03-25 14:36:55,095 INFO models.serialization :: Extracting Card 111 pAbQlxzrz81lWMZhTI2yx
2025-03-25 14:36:55,099 INFO models.serialization :: Extracting Card 112 zdqbhcaieh1vn77knB85X
2025-03-25 14:36:55,102 INFO models.serialization :: Extracting Card 113 QEYx_MJGL2QfUVw4FHKom
2025-03-25 14:36:55,105 INFO models.serialization :: Extracting Card 114 j-GruBVLLifkj3CTTjc24
2025-03-25 14:36:55,116 INFO models.serialization :: Extracting Card 115 1oOS0j-YDFAKdKpAI54U1
2025-03-25 14:36:55,119 INFO models.serialization :: Extracting Card 116 YYBS29loMwQwt7rSfbhtD
2025-03-25 14:36:55,124 INFO models.serialization :: Extracting Card 117 YsSba5spLpNinWBO8FU4v
2025-03-25 14:36:55,130 INFO models.serialization :: Extracting Card 118 jwY5i2xgVWtIfVwMmryJB
2025-03-25 14:36:55,136 INFO models.serialization :: Extracting Card 119 7AF9sAISQbcm6zGpI7715
2025-03-25 14:36:55,140 INFO models.serialization :: Extracting Card 120 I1vnPW8qcap-kt0MS9BRI
2025-03-25 14:36:55,144 INFO models.serialization :: Extracting Card 121 8KojkFekI7MgGUoC_YVNT
2025-03-25 14:36:55,148 INFO models.serialization :: Extracting Card 122 3DBFwapkntRZUyxxG_Gda
2025-03-25 14:36:55,153 INFO models.serialization :: Extracting Card 123 qYZmcKKFIOgWIC5ZBSdPV
2025-03-25 14:36:55,157 INFO models.serialization :: Extracting Card 124 MZnrZb2Awy_NZ-cfdl4KI
2025-03-25 14:36:55,161 INFO models.serialization :: Extracting Card 125 cYjeBKceYu-GatKtQoLjw
2025-03-25 14:36:55,168 INFO models.serialization :: Extracting Collection 7 rQ-sPivED6cgIo8oB6YRq
2025-03-25 14:36:55,169 INFO models.serialization :: Extracting Collection 8 uw5zZx8BdSWhEqw2SaaSP
2025-03-25 14:36:55,172 INFO models.serialization :: Extracting Collection 9 GLRl7Ny7CKz1Ic-HGaBMT
2025-03-25 14:36:55,172 INFO models.serialization :: Extracting Collection 10 eUVIXSp_J3PFL5-hY4FrX
2025-03-25 14:36:55,173 INFO v2.storage :: Storing Dashboard eOytkPrbKeJQ4P5zN8dW4
2025-03-25 14:36:55,185 INFO v2.storage :: Storing Card eRcERn2tkbvTQDGvQbah2
2025-03-25 14:36:55,188 INFO v2.storage :: Storing Card pAbQlxzrz81lWMZhTI2yx
2025-03-25 14:36:55,191 INFO v2.storage :: Storing Card zdqbhcaieh1vn77knB85X
2025-03-25 14:36:55,192 INFO v2.storage :: Storing Card QEYx_MJGL2QfUVw4FHKom
2025-03-25 14:36:55,193 INFO v2.storage :: Storing Card j-GruBVLLifkj3CTTjc24
2025-03-25 14:36:55,196 INFO v2.storage :: Storing Card 1oOS0j-YDFAKdKpAI54U1
2025-03-25 14:36:55,198 INFO v2.storage :: Storing Card YYBS29loMwQwt7rSfbhtD
2025-03-25 14:36:55,201 INFO v2.storage :: Storing Card YsSba5spLpNinWBO8FU4v
2025-03-25 14:36:55,204 INFO v2.storage :: Storing Card jwY5i2xgVWtIfVwMmryJB
2025-03-25 14:36:55,207 INFO v2.storage :: Storing Card 7AF9sAISQbcm6zGpI7715
2025-03-25 14:36:55,225 INFO v2.storage :: Storing Card I1vnPW8qcap-kt0MS9BRI
2025-03-25 14:36:55,232 INFO v2.storage :: Storing Card 8KojkFekI7MgGUoC_YVNT
2025-03-25 14:36:55,237 INFO v2.storage :: Storing Card 3DBFwapkntRZUyxxG_Gda
2025-03-25 14:36:55,241 INFO v2.storage :: Storing Card qYZmcKKFIOgWIC5ZBSdPV
2025-03-25 14:36:55,246 INFO v2.storage :: Storing Card MZnrZb2Awy_NZ-cfdl4KI
2025-03-25 14:36:55,250 INFO v2.storage :: Storing Card cYjeBKceYu-GatKtQoLjw
2025-03-25 14:36:55,254 INFO v2.storage :: Storing Collection rQ-sPivED6cgIo8oB6YRq
2025-03-25 14:36:55,255 INFO v2.storage :: Storing Collection uw5zZx8BdSWhEqw2SaaSP
2025-03-25 14:36:55,257 INFO v2.storage :: Storing Collection GLRl7Ny7CKz1Ic-HGaBMT
2025-03-25 14:36:55,259 INFO v2.storage :: Storing Collection eUVIXSp_J3PFL5-hY4FrX
