2025-03-26 17:13:59,482 INFO models.serialization :: Extracting Dashboard 1 xBLdW9FsgRuB2HGhWiBa_
2025-03-26 17:13:59,834 INFO models.serialization :: Extracting Dashboard 11 DlK2jXoIHPXyVkEuo6Uy6
2025-03-26 17:14:00,495 INFO models.serialization :: Extracting Dashboard 12 eOytkPrbKeJQ4P5zN8dW4
2025-03-26 17:14:00,704 INFO models.serialization :: Extracting Card 1 _GiVL6zYmsnBb1oqLCp4u
2025-03-26 17:14:00,733 INFO models.serialization :: Extracting Card 2 jjO5LcBp8qNILJFiYZoVt
2025-03-26 17:14:00,744 INFO models.serialization :: Extracting Card 3 OJ-I03ZsQ7IBrzr29B_8o
2025-03-26 17:14:00,753 INFO models.serialization :: Extracting Card 4 WMub5k6vo0zGP24qXQFNu
2025-03-26 17:14:00,757 INFO models.serialization :: Extracting Card 5 Jxa0svP68DfXubV_wD3os
2025-03-26 17:14:00,786 INFO models.serialization :: Extracting Card 6 UUZZsw19IuPTqdhho99oc
2025-03-26 17:14:00,798 INFO models.serialization :: Extracting Card 7 RpKYsFwHfjcckbgj4oBKK
2025-03-26 17:14:00,804 INFO models.serialization :: Extracting Card 8 X8HNuB_i3j2uNFnsx3vQ0
2025-03-26 17:14:00,823 INFO models.serialization :: Extracting Card 9 skXR69-dlhJST5C7Rd9nR
2025-03-26 17:14:00,828 INFO models.serialization :: Extracting Card 10 km2d9-ZqHrlAM79yPh13G
2025-03-26 17:14:00,852 INFO models.serialization :: Extracting Card 11 9VE9Z6tAkyzO3GeQVXtin
2025-03-26 17:14:00,860 INFO models.serialization :: Extracting Card 12 VFCGVYPVtLzCtt4teeoW4
2025-03-26 17:14:00,865 INFO models.serialization :: Extracting Card 13 -6yAP_G1UZ7xZc4E65Tvy
2025-03-26 17:14:00,871 INFO models.serialization :: Extracting Card 14 C8V7Dszig-vuqn9TP0igc
2025-03-26 17:14:00,877 INFO models.serialization :: Extracting Card 15 D4o8cCTOY-SnxoYDRVWcO
2025-03-26 17:14:00,882 INFO models.serialization :: Extracting Card 16 qQ3JGGOxVC8mrOLwxpcR6
2025-03-26 17:14:00,889 INFO models.serialization :: Extracting Card 17 Ey2qt4I-wcg1E0846iUQS
2025-03-26 17:14:00,894 INFO models.serialization :: Extracting Card 18 byM0vLfOiM1zBI_t1MUcO
2025-03-26 17:14:00,914 INFO models.serialization :: Extracting Card 19 8EdazRgPwfxdiltp7NCjS
2025-03-26 17:14:00,919 INFO models.serialization :: Extracting Card 20 ShsD1PjGTlFIvzm5FM9qC
2025-03-26 17:14:00,944 INFO models.serialization :: Extracting Card 21 S-hEu1jZ2-822qvBQ1EiT
2025-03-26 17:14:00,949 INFO models.serialization :: Extracting Card 22 fKu0z-vEC1WwVv1Lu95jD
2025-03-26 17:14:00,954 INFO models.serialization :: Extracting Card 23 AXDOILGSNqoWoxV1NuvTt
2025-03-26 17:14:00,989 INFO models.serialization :: Extracting Card 24 kgAiQ87dLKJmTnOaTeVsc
2025-03-26 17:14:00,996 INFO models.serialization :: Extracting Card 25 ucI5e9_FdTQF-1i7RdtIX
2025-03-26 17:14:01,001 INFO models.serialization :: Extracting Card 26 fdkSuB8zWEbjEq_vWMaI-
2025-03-26 17:14:01,006 INFO models.serialization :: Extracting Card 27 A5pNCrrWtf2bVka2vXVLx
2025-03-26 17:14:01,011 INFO models.serialization :: Extracting Card 28 g7G9X1p0na--gwNCUL75j
2025-03-26 17:14:01,016 INFO models.serialization :: Extracting Card 29 HSVx57QxslVTGbo1_XS4G
2025-03-26 17:14:01,021 INFO models.serialization :: Extracting Card 30 leO-OHTwIMltfpcLLOJxj
2025-03-26 17:14:01,026 INFO models.serialization :: Extracting Card 31 dzFHc6awtpZCSn9-wscNQ
2025-03-26 17:14:01,030 INFO models.serialization :: Extracting Card 32 c5m4bxKyi7GEa1sML-wpu
2025-03-26 17:14:01,051 INFO models.serialization :: Extracting Card 33 T9OjH7_py-tNsyPb4O8yC
2025-03-26 17:14:01,056 INFO models.serialization :: Extracting Card 34 IEp2LZKY_aJMpchBacdjP
2025-03-26 17:14:01,060 INFO models.serialization :: Extracting Card 35 8MovkFBA00WFOq2v5BzfB
2025-03-26 17:14:01,064 INFO models.serialization :: Extracting Card 36 yBoV-iHmFUrY9xqB0v9Pg
2025-03-26 17:14:01,069 INFO models.serialization :: Extracting Card 37 BQAQ6YNiUIMfmAPLpSKQW
2025-03-26 17:14:01,072 INFO models.serialization :: Extracting Card 156 lY4hbjNofxepxQGRhJa0s
2025-03-26 17:14:01,080 INFO models.serialization :: Extracting Card 161 oShRjudlgUvJRezvGTQTD
2025-03-26 17:14:01,084 INFO models.serialization :: Extracting Card 162 hjNoawcRfsDrC32g7LSOE
2025-03-26 17:14:01,089 INFO models.serialization :: Extracting Card 163 rqxxsDv8zhSBXgJmVjyWa
2025-03-26 17:14:01,099 INFO models.serialization :: Extracting Card 164 qj0jT7SXwEUezz1wSjtaZ
2025-03-26 17:14:01,112 INFO models.serialization :: Extracting Card 165 nhFZBIIZA_KnK6RuLp36z
2025-03-26 17:14:01,117 INFO models.serialization :: Extracting Card 166 1aVGgD6-onGIPUeWCLiMA
2025-03-26 17:14:01,125 INFO models.serialization :: Extracting Card 167 f9RqS8HspKvcsGEH24_Af
2025-03-26 17:14:01,131 INFO models.serialization :: Extracting Card 168 BP4o72CSvPOTLe5Nk6twf
2025-03-26 17:14:01,136 INFO models.serialization :: Extracting Card 169 hBnes5i3LGSYZeoGIYwvm
2025-03-26 17:14:01,142 INFO models.serialization :: Extracting Card 170 t1rQijQdCIZoQI6bhwBEG
2025-03-26 17:14:01,148 INFO models.serialization :: Extracting Card 171 avC199ZiYvp1aIWdejfFf
2025-03-26 17:14:01,154 INFO models.serialization :: Extracting Card 172 evd6f3MoDUtTNsoXHwu0T
2025-03-26 17:14:01,159 INFO models.serialization :: Extracting Card 173 Bkb4GEr5dH2_LbDOKhObR
2025-03-26 17:14:01,166 INFO models.serialization :: Extracting Card 174 NdqehUq98ebQ4H_-1d9v3
2025-03-26 17:14:01,171 INFO models.serialization :: Extracting Card 175 d3KPtMfbe0IIK0MDrHTNn
2025-03-26 17:14:01,177 INFO models.serialization :: Extracting Card 176 -mfPjg0QOoIKbqJS0SYne
2025-03-26 17:14:01,183 INFO models.serialization :: Extracting Card 177 P-shWkp5lozD2nuo5xusW
2025-03-26 17:14:01,189 INFO models.serialization :: Extracting Card 178 wd1PEi_Z217Gr-ceeZSNj
2025-03-26 17:14:01,196 INFO models.serialization :: Extracting Card 179 cO53DQ6k0DueW5Aglwp7Y
2025-03-26 17:14:01,200 INFO models.serialization :: Extracting Card 180 OouzOUPGIjf6zXJsSDe0f
2025-03-26 17:14:01,205 INFO models.serialization :: Extracting Card 181 DDT6zuq6O7bsnw1UEWtQQ
2025-03-26 17:14:01,209 INFO models.serialization :: Extracting Card 182 -BcEE22ptXyDOgUNRqyct
2025-03-26 17:14:01,214 INFO models.serialization :: Extracting Card 183 dsZMohGmK4P7eQRBdLFmb
2025-03-26 17:14:01,218 INFO models.serialization :: Extracting Card 184 fPYpb3KcV2TJZLRw-L841
2025-03-26 17:14:01,223 INFO models.serialization :: Extracting Card 185 KMq74J_Gh78vIimczx0LH
2025-03-26 17:14:01,227 INFO models.serialization :: Extracting Card 157 QEYx_MJGL2QfUVw4FHKom
2025-03-26 17:14:01,237 INFO models.serialization :: Extracting Card 158 1oOS0j-YDFAKdKpAI54U1
2025-03-26 17:14:01,241 INFO models.serialization :: Extracting Card 159 zdqbhcaieh1vn77knB85X
2025-03-26 17:14:01,244 INFO models.serialization :: Extracting Card 160 qYZmcKKFIOgWIC5ZBSdPV
2025-03-26 17:14:01,264 INFO models.serialization :: Extracting Card 186 7AF9sAISQbcm6zGpI7715
2025-03-26 17:14:01,275 INFO models.serialization :: Extracting Card 187 3DBFwapkntRZUyxxG_Gda
2025-03-26 17:14:01,280 INFO models.serialization :: Extracting Card 188 YYBS29loMwQwt7rSfbhtD
2025-03-26 17:14:01,285 INFO models.serialization :: Extracting Card 189 j-GruBVLLifkj3CTTjc24
2025-03-26 17:14:01,290 INFO models.serialization :: Extracting Card 190 cYjeBKceYu-GatKtQoLjw
2025-03-26 17:14:01,297 INFO models.serialization :: Extracting Card 191 eRcERn2tkbvTQDGvQbah2
2025-03-26 17:14:01,302 INFO models.serialization :: Extracting Card 192 8KojkFekI7MgGUoC_YVNT
2025-03-26 17:14:01,308 INFO models.serialization :: Extracting Card 193 I1vnPW8qcap-kt0MS9BRI
2025-03-26 17:14:01,313 INFO models.serialization :: Extracting Card 194 MZnrZb2Awy_NZ-cfdl4KI
2025-03-26 17:14:01,321 INFO models.serialization :: Extracting Card 195 pAbQlxzrz81lWMZhTI2yx
2025-03-26 17:14:01,332 INFO models.serialization :: Extracting Card 196 YsSba5spLpNinWBO8FU4v
2025-03-26 17:14:01,340 INFO models.serialization :: Extracting Card 197 jwY5i2xgVWtIfVwMmryJB
2025-03-26 17:14:01,350 INFO models.serialization :: Extracting NativeQuerySnippet 2 5w5_JWozQqewpqsyWL-H1
2025-03-26 17:14:01,356 INFO models.serialization :: Extracting Collection 2 HyB3nRtqb7pBPhFG26evI
2025-03-26 17:14:01,356 INFO models.serialization :: Extracting Collection 3 54O0IbgCzm290Nnxf1wRH
2025-03-26 17:14:01,357 INFO models.serialization :: Extracting Collection 7 rQ-sPivED6cgIo8oB6YRq
2025-03-26 17:14:01,357 INFO models.serialization :: Extracting Collection 8 uw5zZx8BdSWhEqw2SaaSP
2025-03-26 17:14:01,360 INFO models.serialization :: Extracting Collection 9 eUVIXSp_J3PFL5-hY4FrX
2025-03-26 17:14:01,361 INFO models.serialization :: Extracting Collection 17 53YGAg4EE6MC76nxx-f5f
2025-03-26 17:14:01,361 INFO models.serialization :: Extracting Collection 18 GLRl7Ny7CKz1Ic-HGaBMT
2025-03-26 17:14:01,362 INFO models.serialization :: Extracting Collection 19 L93SUJ6YnPirW1irQLPTE
2025-03-26 17:14:01,362 INFO v2.storage :: Storing Dashboard xBLdW9FsgRuB2HGhWiBa_
2025-03-26 17:14:01,388 INFO v2.storage :: Storing Dashboard DlK2jXoIHPXyVkEuo6Uy6
2025-03-26 17:14:01,423 INFO v2.storage :: Storing Dashboard eOytkPrbKeJQ4P5zN8dW4
2025-03-26 17:14:01,439 INFO v2.storage :: Storing Card _GiVL6zYmsnBb1oqLCp4u
2025-03-26 17:14:01,445 INFO v2.storage :: Storing Card jjO5LcBp8qNILJFiYZoVt
2025-03-26 17:14:01,448 INFO v2.storage :: Storing Card OJ-I03ZsQ7IBrzr29B_8o
2025-03-26 17:14:01,452 INFO v2.storage :: Storing Card WMub5k6vo0zGP24qXQFNu
2025-03-26 17:14:01,455 INFO v2.storage :: Storing Card Jxa0svP68DfXubV_wD3os
2025-03-26 17:14:01,460 INFO v2.storage :: Storing Card UUZZsw19IuPTqdhho99oc
2025-03-26 17:14:01,463 INFO v2.storage :: Storing Card RpKYsFwHfjcckbgj4oBKK
2025-03-26 17:14:01,467 INFO v2.storage :: Storing Card X8HNuB_i3j2uNFnsx3vQ0
2025-03-26 17:14:01,471 INFO v2.storage :: Storing Card skXR69-dlhJST5C7Rd9nR
2025-03-26 17:14:01,474 INFO v2.storage :: Storing Card km2d9-ZqHrlAM79yPh13G
2025-03-26 17:14:01,479 INFO v2.storage :: Storing Card 9VE9Z6tAkyzO3GeQVXtin
2025-03-26 17:14:01,482 INFO v2.storage :: Storing Card VFCGVYPVtLzCtt4teeoW4
2025-03-26 17:14:01,487 INFO v2.storage :: Storing Card -6yAP_G1UZ7xZc4E65Tvy
2025-03-26 17:14:01,491 INFO v2.storage :: Storing Card C8V7Dszig-vuqn9TP0igc
2025-03-26 17:14:01,500 INFO v2.storage :: Storing Card D4o8cCTOY-SnxoYDRVWcO
2025-03-26 17:14:01,508 INFO v2.storage :: Storing Card qQ3JGGOxVC8mrOLwxpcR6
2025-03-26 17:14:01,510 INFO v2.storage :: Storing Card Ey2qt4I-wcg1E0846iUQS
2025-03-26 17:14:01,512 INFO v2.storage :: Storing Card byM0vLfOiM1zBI_t1MUcO
2025-03-26 17:14:01,515 INFO v2.storage :: Storing Card 8EdazRgPwfxdiltp7NCjS
2025-03-26 17:14:01,520 INFO v2.storage :: Storing Card ShsD1PjGTlFIvzm5FM9qC
2025-03-26 17:14:01,524 INFO v2.storage :: Storing Card S-hEu1jZ2-822qvBQ1EiT
2025-03-26 17:14:01,527 INFO v2.storage :: Storing Card fKu0z-vEC1WwVv1Lu95jD
2025-03-26 17:14:01,533 INFO v2.storage :: Storing Card AXDOILGSNqoWoxV1NuvTt
2025-03-26 17:14:01,539 INFO v2.storage :: Storing Card kgAiQ87dLKJmTnOaTeVsc
2025-03-26 17:14:01,542 INFO v2.storage :: Storing Card ucI5e9_FdTQF-1i7RdtIX
2025-03-26 17:14:01,548 INFO v2.storage :: Storing Card fdkSuB8zWEbjEq_vWMaI-
2025-03-26 17:14:01,552 INFO v2.storage :: Storing Card A5pNCrrWtf2bVka2vXVLx
2025-03-26 17:14:01,554 INFO v2.storage :: Storing Card g7G9X1p0na--gwNCUL75j
2025-03-26 17:14:01,556 INFO v2.storage :: Storing Card HSVx57QxslVTGbo1_XS4G
2025-03-26 17:14:01,559 INFO v2.storage :: Storing Card leO-OHTwIMltfpcLLOJxj
2025-03-26 17:14:01,563 INFO v2.storage :: Storing Card dzFHc6awtpZCSn9-wscNQ
2025-03-26 17:14:01,566 INFO v2.storage :: Storing Card c5m4bxKyi7GEa1sML-wpu
2025-03-26 17:14:01,570 INFO v2.storage :: Storing Card T9OjH7_py-tNsyPb4O8yC
2025-03-26 17:14:01,573 INFO v2.storage :: Storing Card IEp2LZKY_aJMpchBacdjP
2025-03-26 17:14:01,575 INFO v2.storage :: Storing Card 8MovkFBA00WFOq2v5BzfB
2025-03-26 17:14:01,578 INFO v2.storage :: Storing Card yBoV-iHmFUrY9xqB0v9Pg
2025-03-26 17:14:01,581 INFO v2.storage :: Storing Card BQAQ6YNiUIMfmAPLpSKQW
2025-03-26 17:14:01,584 INFO v2.storage :: Storing Card lY4hbjNofxepxQGRhJa0s
2025-03-26 17:14:01,589 INFO v2.storage :: Storing Card oShRjudlgUvJRezvGTQTD
2025-03-26 17:14:01,591 INFO v2.storage :: Storing Card hjNoawcRfsDrC32g7LSOE
2025-03-26 17:14:01,595 INFO v2.storage :: Storing Card rqxxsDv8zhSBXgJmVjyWa
2025-03-26 17:14:01,598 INFO v2.storage :: Storing Card qj0jT7SXwEUezz1wSjtaZ
2025-03-26 17:14:01,600 INFO v2.storage :: Storing Card nhFZBIIZA_KnK6RuLp36z
2025-03-26 17:14:01,602 INFO v2.storage :: Storing Card 1aVGgD6-onGIPUeWCLiMA
2025-03-26 17:14:01,605 INFO v2.storage :: Storing Card f9RqS8HspKvcsGEH24_Af
2025-03-26 17:14:01,607 INFO v2.storage :: Storing Card BP4o72CSvPOTLe5Nk6twf
2025-03-26 17:14:01,610 INFO v2.storage :: Storing Card hBnes5i3LGSYZeoGIYwvm
2025-03-26 17:14:01,612 INFO v2.storage :: Storing Card t1rQijQdCIZoQI6bhwBEG
2025-03-26 17:14:01,615 INFO v2.storage :: Storing Card avC199ZiYvp1aIWdejfFf
2025-03-26 17:14:01,618 INFO v2.storage :: Storing Card evd6f3MoDUtTNsoXHwu0T
2025-03-26 17:14:01,621 INFO v2.storage :: Storing Card Bkb4GEr5dH2_LbDOKhObR
2025-03-26 17:14:01,623 INFO v2.storage :: Storing Card NdqehUq98ebQ4H_-1d9v3
2025-03-26 17:14:01,626 INFO v2.storage :: Storing Card d3KPtMfbe0IIK0MDrHTNn
2025-03-26 17:14:01,628 INFO v2.storage :: Storing Card -mfPjg0QOoIKbqJS0SYne
2025-03-26 17:14:01,631 INFO v2.storage :: Storing Card P-shWkp5lozD2nuo5xusW
2025-03-26 17:14:01,634 INFO v2.storage :: Storing Card wd1PEi_Z217Gr-ceeZSNj
2025-03-26 17:14:01,637 INFO v2.storage :: Storing Card cO53DQ6k0DueW5Aglwp7Y
2025-03-26 17:14:01,640 INFO v2.storage :: Storing Card OouzOUPGIjf6zXJsSDe0f
2025-03-26 17:14:01,643 INFO v2.storage :: Storing Card DDT6zuq6O7bsnw1UEWtQQ
2025-03-26 17:14:01,645 INFO v2.storage :: Storing Card -BcEE22ptXyDOgUNRqyct
2025-03-26 17:14:01,648 INFO v2.storage :: Storing Card dsZMohGmK4P7eQRBdLFmb
2025-03-26 17:14:01,651 INFO v2.storage :: Storing Card fPYpb3KcV2TJZLRw-L841
2025-03-26 17:14:01,654 INFO v2.storage :: Storing Card KMq74J_Gh78vIimczx0LH
2025-03-26 17:14:01,657 INFO v2.storage :: Storing Card QEYx_MJGL2QfUVw4FHKom
2025-03-26 17:14:01,659 INFO v2.storage :: Storing Card 1oOS0j-YDFAKdKpAI54U1
2025-03-26 17:14:01,661 INFO v2.storage :: Storing Card zdqbhcaieh1vn77knB85X
2025-03-26 17:14:01,663 INFO v2.storage :: Storing Card qYZmcKKFIOgWIC5ZBSdPV
2025-03-26 17:14:01,668 INFO v2.storage :: Storing Card 7AF9sAISQbcm6zGpI7715
2025-03-26 17:14:01,673 INFO v2.storage :: Storing Card 3DBFwapkntRZUyxxG_Gda
2025-03-26 17:14:01,680 INFO v2.storage :: Storing Card YYBS29loMwQwt7rSfbhtD
2025-03-26 17:14:01,685 INFO v2.storage :: Storing Card j-GruBVLLifkj3CTTjc24
2025-03-26 17:14:01,689 INFO v2.storage :: Storing Card cYjeBKceYu-GatKtQoLjw
2025-03-26 17:14:01,694 INFO v2.storage :: Storing Card eRcERn2tkbvTQDGvQbah2
2025-03-26 17:14:01,697 INFO v2.storage :: Storing Card 8KojkFekI7MgGUoC_YVNT
2025-03-26 17:14:01,703 INFO v2.storage :: Storing Card I1vnPW8qcap-kt0MS9BRI
2025-03-26 17:14:01,710 INFO v2.storage :: Storing Card MZnrZb2Awy_NZ-cfdl4KI
2025-03-26 17:14:01,715 INFO v2.storage :: Storing Card pAbQlxzrz81lWMZhTI2yx
2025-03-26 17:14:01,718 INFO v2.storage :: Storing Card YsSba5spLpNinWBO8FU4v
2025-03-26 17:14:01,722 INFO v2.storage :: Storing Card jwY5i2xgVWtIfVwMmryJB
2025-03-26 17:14:01,727 INFO v2.storage :: Storing NativeQuerySnippet 5w5_JWozQqewpqsyWL-H1
2025-03-26 17:14:01,731 INFO v2.storage :: Storing Collection HyB3nRtqb7pBPhFG26evI
2025-03-26 17:14:01,732 INFO v2.storage :: Storing Collection 54O0IbgCzm290Nnxf1wRH
2025-03-26 17:14:01,733 INFO v2.storage :: Storing Collection rQ-sPivED6cgIo8oB6YRq
2025-03-26 17:14:01,734 INFO v2.storage :: Storing Collection uw5zZx8BdSWhEqw2SaaSP
2025-03-26 17:14:01,735 INFO v2.storage :: Storing Collection eUVIXSp_J3PFL5-hY4FrX
2025-03-26 17:14:01,736 INFO v2.storage :: Storing Collection 53YGAg4EE6MC76nxx-f5f
2025-03-26 17:14:01,737 INFO v2.storage :: Storing Collection GLRl7Ny7CKz1Ic-HGaBMT
2025-03-26 17:14:01,738 INFO v2.storage :: Storing Collection L93SUJ6YnPirW1irQLPTE
