2025-03-26 20:43:54,638 INFO models.serialization :: Extracting Dashboard 1 xBLdW9FsgRuB2HGhWiBa_
2025-03-26 20:43:55,198 INFO models.serialization :: Extracting Dashboard 11 DlK2jXoIHPXyVkEuo6Uy6
2025-03-26 20:43:55,624 INFO models.serialization :: Extracting Dashboard 12 eOytkPrbKeJQ4P5zN8dW4
2025-03-26 20:43:55,913 INFO models.serialization :: Extracting Card 1 _GiVL6zYmsnBb1oqLCp4u
2025-03-26 20:43:55,953 INFO models.serialization :: Extracting Card 2 jjO5LcBp8qNILJFiYZoVt
2025-03-26 20:43:55,966 INFO models.serialization :: Extracting Card 3 OJ-I03ZsQ7IBrzr29B_8o
2025-03-26 20:43:55,975 INFO models.serialization :: Extracting Card 4 WMub5k6vo0zGP24qXQFNu
2025-03-26 20:43:55,980 INFO models.serialization :: Extracting Card 5 Jxa0svP68DfXubV_wD3os
2025-03-26 20:43:56,009 INFO models.serialization :: Extracting Card 6 UUZZsw19IuPTqdhho99oc
2025-03-26 20:43:56,021 INFO models.serialization :: Extracting Card 7 RpKYsFwHfjcckbgj4oBKK
2025-03-26 20:43:56,027 INFO models.serialization :: Extracting Card 8 X8HNuB_i3j2uNFnsx3vQ0
2025-03-26 20:43:56,052 INFO models.serialization :: Extracting Card 9 skXR69-dlhJST5C7Rd9nR
2025-03-26 20:43:56,056 INFO models.serialization :: Extracting Card 10 km2d9-ZqHrlAM79yPh13G
2025-03-26 20:43:56,079 INFO models.serialization :: Extracting Card 11 9VE9Z6tAkyzO3GeQVXtin
2025-03-26 20:43:56,090 INFO models.serialization :: Extracting Card 12 VFCGVYPVtLzCtt4teeoW4
2025-03-26 20:43:56,096 INFO models.serialization :: Extracting Card 13 -6yAP_G1UZ7xZc4E65Tvy
2025-03-26 20:43:56,100 INFO models.serialization :: Extracting Card 14 C8V7Dszig-vuqn9TP0igc
2025-03-26 20:43:56,106 INFO models.serialization :: Extracting Card 15 D4o8cCTOY-SnxoYDRVWcO
2025-03-26 20:43:56,111 INFO models.serialization :: Extracting Card 16 qQ3JGGOxVC8mrOLwxpcR6
2025-03-26 20:43:56,117 INFO models.serialization :: Extracting Card 17 Ey2qt4I-wcg1E0846iUQS
2025-03-26 20:43:56,120 INFO models.serialization :: Extracting Card 18 byM0vLfOiM1zBI_t1MUcO
2025-03-26 20:43:56,145 INFO models.serialization :: Extracting Card 19 8EdazRgPwfxdiltp7NCjS
2025-03-26 20:43:56,149 INFO models.serialization :: Extracting Card 20 ShsD1PjGTlFIvzm5FM9qC
2025-03-26 20:43:56,168 INFO models.serialization :: Extracting Card 21 S-hEu1jZ2-822qvBQ1EiT
2025-03-26 20:43:56,172 INFO models.serialization :: Extracting Card 22 fKu0z-vEC1WwVv1Lu95jD
2025-03-26 20:43:56,176 INFO models.serialization :: Extracting Card 23 AXDOILGSNqoWoxV1NuvTt
2025-03-26 20:43:56,205 INFO models.serialization :: Extracting Card 24 kgAiQ87dLKJmTnOaTeVsc
2025-03-26 20:43:56,209 INFO models.serialization :: Extracting Card 25 ucI5e9_FdTQF-1i7RdtIX
2025-03-26 20:43:56,213 INFO models.serialization :: Extracting Card 26 fdkSuB8zWEbjEq_vWMaI-
2025-03-26 20:43:56,217 INFO models.serialization :: Extracting Card 27 A5pNCrrWtf2bVka2vXVLx
2025-03-26 20:43:56,222 INFO models.serialization :: Extracting Card 28 g7G9X1p0na--gwNCUL75j
2025-03-26 20:43:56,226 INFO models.serialization :: Extracting Card 29 HSVx57QxslVTGbo1_XS4G
2025-03-26 20:43:56,232 INFO models.serialization :: Extracting Card 30 leO-OHTwIMltfpcLLOJxj
2025-03-26 20:43:56,236 INFO models.serialization :: Extracting Card 31 dzFHc6awtpZCSn9-wscNQ
2025-03-26 20:43:56,240 INFO models.serialization :: Extracting Card 32 c5m4bxKyi7GEa1sML-wpu
2025-03-26 20:43:56,263 INFO models.serialization :: Extracting Card 33 T9OjH7_py-tNsyPb4O8yC
2025-03-26 20:43:56,267 INFO models.serialization :: Extracting Card 34 IEp2LZKY_aJMpchBacdjP
2025-03-26 20:43:56,271 INFO models.serialization :: Extracting Card 35 8MovkFBA00WFOq2v5BzfB
2025-03-26 20:43:56,275 INFO models.serialization :: Extracting Card 36 yBoV-iHmFUrY9xqB0v9Pg
2025-03-26 20:43:56,280 INFO models.serialization :: Extracting Card 37 BQAQ6YNiUIMfmAPLpSKQW
2025-03-26 20:43:56,283 INFO models.serialization :: Extracting Card 156 lY4hbjNofxepxQGRhJa0s
2025-03-26 20:43:56,290 INFO models.serialization :: Extracting Card 161 oShRjudlgUvJRezvGTQTD
2025-03-26 20:43:56,294 INFO models.serialization :: Extracting Card 162 hjNoawcRfsDrC32g7LSOE
2025-03-26 20:43:56,298 INFO models.serialization :: Extracting Card 163 rqxxsDv8zhSBXgJmVjyWa
2025-03-26 20:43:56,309 INFO models.serialization :: Extracting Card 164 qj0jT7SXwEUezz1wSjtaZ
2025-03-26 20:43:56,322 INFO models.serialization :: Extracting Card 165 nhFZBIIZA_KnK6RuLp36z
2025-03-26 20:43:56,326 INFO models.serialization :: Extracting Card 166 1aVGgD6-onGIPUeWCLiMA
2025-03-26 20:43:56,333 INFO models.serialization :: Extracting Card 167 f9RqS8HspKvcsGEH24_Af
2025-03-26 20:43:56,337 INFO models.serialization :: Extracting Card 168 BP4o72CSvPOTLe5Nk6twf
2025-03-26 20:43:56,341 INFO models.serialization :: Extracting Card 169 hBnes5i3LGSYZeoGIYwvm
2025-03-26 20:43:56,345 INFO models.serialization :: Extracting Card 170 t1rQijQdCIZoQI6bhwBEG
2025-03-26 20:43:56,349 INFO models.serialization :: Extracting Card 171 avC199ZiYvp1aIWdejfFf
2025-03-26 20:43:56,354 INFO models.serialization :: Extracting Card 172 evd6f3MoDUtTNsoXHwu0T
2025-03-26 20:43:56,357 INFO models.serialization :: Extracting Card 173 Bkb4GEr5dH2_LbDOKhObR
2025-03-26 20:43:56,361 INFO models.serialization :: Extracting Card 174 NdqehUq98ebQ4H_-1d9v3
2025-03-26 20:43:56,372 INFO models.serialization :: Extracting Card 175 d3KPtMfbe0IIK0MDrHTNn
2025-03-26 20:43:56,376 INFO models.serialization :: Extracting Card 176 -mfPjg0QOoIKbqJS0SYne
2025-03-26 20:43:56,381 INFO models.serialization :: Extracting Card 177 P-shWkp5lozD2nuo5xusW
2025-03-26 20:43:56,384 INFO models.serialization :: Extracting Card 178 wd1PEi_Z217Gr-ceeZSNj
2025-03-26 20:43:56,388 INFO models.serialization :: Extracting Card 179 cO53DQ6k0DueW5Aglwp7Y
2025-03-26 20:43:56,393 INFO models.serialization :: Extracting Card 180 OouzOUPGIjf6zXJsSDe0f
2025-03-26 20:43:56,397 INFO models.serialization :: Extracting Card 181 DDT6zuq6O7bsnw1UEWtQQ
2025-03-26 20:43:56,401 INFO models.serialization :: Extracting Card 182 -BcEE22ptXyDOgUNRqyct
2025-03-26 20:43:56,406 INFO models.serialization :: Extracting Card 183 dsZMohGmK4P7eQRBdLFmb
2025-03-26 20:43:56,411 INFO models.serialization :: Extracting Card 184 fPYpb3KcV2TJZLRw-L841
2025-03-26 20:43:56,416 INFO models.serialization :: Extracting Card 185 KMq74J_Gh78vIimczx0LH
2025-03-26 20:43:56,420 INFO models.serialization :: Extracting Card 157 QEYx_MJGL2QfUVw4FHKom
2025-03-26 20:43:56,429 INFO models.serialization :: Extracting Card 158 1oOS0j-YDFAKdKpAI54U1
2025-03-26 20:43:56,433 INFO models.serialization :: Extracting Card 159 zdqbhcaieh1vn77knB85X
2025-03-26 20:43:56,438 INFO models.serialization :: Extracting Card 160 qYZmcKKFIOgWIC5ZBSdPV
2025-03-26 20:43:56,456 INFO models.serialization :: Extracting Card 186 7AF9sAISQbcm6zGpI7715
2025-03-26 20:43:56,465 INFO models.serialization :: Extracting Card 187 3DBFwapkntRZUyxxG_Gda
2025-03-26 20:43:56,470 INFO models.serialization :: Extracting Card 188 YYBS29loMwQwt7rSfbhtD
2025-03-26 20:43:56,474 INFO models.serialization :: Extracting Card 189 j-GruBVLLifkj3CTTjc24
2025-03-26 20:43:56,483 INFO models.serialization :: Extracting Card 190 cYjeBKceYu-GatKtQoLjw
2025-03-26 20:43:56,489 INFO models.serialization :: Extracting Card 191 eRcERn2tkbvTQDGvQbah2
2025-03-26 20:43:56,492 INFO models.serialization :: Extracting Card 192 8KojkFekI7MgGUoC_YVNT
2025-03-26 20:43:56,496 INFO models.serialization :: Extracting Card 193 I1vnPW8qcap-kt0MS9BRI
2025-03-26 20:43:56,501 INFO models.serialization :: Extracting Card 194 MZnrZb2Awy_NZ-cfdl4KI
2025-03-26 20:43:56,507 INFO models.serialization :: Extracting Card 195 pAbQlxzrz81lWMZhTI2yx
2025-03-26 20:43:56,515 INFO models.serialization :: Extracting Card 196 YsSba5spLpNinWBO8FU4v
2025-03-26 20:43:56,524 INFO models.serialization :: Extracting Card 197 jwY5i2xgVWtIfVwMmryJB
2025-03-26 20:43:56,532 INFO models.serialization :: Extracting NativeQuerySnippet 2 5w5_JWozQqewpqsyWL-H1
2025-03-26 20:43:56,539 INFO models.serialization :: Extracting Collection 2 HyB3nRtqb7pBPhFG26evI
2025-03-26 20:43:56,540 INFO models.serialization :: Extracting Collection 3 54O0IbgCzm290Nnxf1wRH
2025-03-26 20:43:56,540 INFO models.serialization :: Extracting Collection 7 rQ-sPivED6cgIo8oB6YRq
2025-03-26 20:43:56,540 INFO models.serialization :: Extracting Collection 8 uw5zZx8BdSWhEqw2SaaSP
2025-03-26 20:43:56,543 INFO models.serialization :: Extracting Collection 9 eUVIXSp_J3PFL5-hY4FrX
2025-03-26 20:43:56,543 INFO models.serialization :: Extracting Collection 17 53YGAg4EE6MC76nxx-f5f
2025-03-26 20:43:56,543 INFO models.serialization :: Extracting Collection 18 GLRl7Ny7CKz1Ic-HGaBMT
2025-03-26 20:43:56,543 INFO models.serialization :: Extracting Collection 19 L93SUJ6YnPirW1irQLPTE
2025-03-26 20:43:56,544 INFO v2.storage :: Storing Dashboard xBLdW9FsgRuB2HGhWiBa_
2025-03-26 20:43:56,554 INFO v2.storage :: Storing Dashboard DlK2jXoIHPXyVkEuo6Uy6
2025-03-26 20:43:56,567 INFO v2.storage :: Storing Dashboard eOytkPrbKeJQ4P5zN8dW4
2025-03-26 20:43:56,574 INFO v2.storage :: Storing Card _GiVL6zYmsnBb1oqLCp4u
2025-03-26 20:43:56,576 INFO v2.storage :: Storing Card jjO5LcBp8qNILJFiYZoVt
2025-03-26 20:43:56,577 INFO v2.storage :: Storing Card OJ-I03ZsQ7IBrzr29B_8o
2025-03-26 20:43:56,579 INFO v2.storage :: Storing Card WMub5k6vo0zGP24qXQFNu
2025-03-26 20:43:56,580 INFO v2.storage :: Storing Card Jxa0svP68DfXubV_wD3os
2025-03-26 20:43:56,582 INFO v2.storage :: Storing Card UUZZsw19IuPTqdhho99oc
2025-03-26 20:43:56,583 INFO v2.storage :: Storing Card RpKYsFwHfjcckbgj4oBKK
2025-03-26 20:43:56,584 INFO v2.storage :: Storing Card X8HNuB_i3j2uNFnsx3vQ0
2025-03-26 20:43:56,586 INFO v2.storage :: Storing Card skXR69-dlhJST5C7Rd9nR
2025-03-26 20:43:56,587 INFO v2.storage :: Storing Card km2d9-ZqHrlAM79yPh13G
2025-03-26 20:43:56,588 INFO v2.storage :: Storing Card 9VE9Z6tAkyzO3GeQVXtin
2025-03-26 20:43:56,589 INFO v2.storage :: Storing Card VFCGVYPVtLzCtt4teeoW4
2025-03-26 20:43:56,591 INFO v2.storage :: Storing Card -6yAP_G1UZ7xZc4E65Tvy
2025-03-26 20:43:56,593 INFO v2.storage :: Storing Card C8V7Dszig-vuqn9TP0igc
2025-03-26 20:43:56,594 INFO v2.storage :: Storing Card D4o8cCTOY-SnxoYDRVWcO
2025-03-26 20:43:56,595 INFO v2.storage :: Storing Card qQ3JGGOxVC8mrOLwxpcR6
2025-03-26 20:43:56,596 INFO v2.storage :: Storing Card Ey2qt4I-wcg1E0846iUQS
2025-03-26 20:43:56,596 INFO v2.storage :: Storing Card byM0vLfOiM1zBI_t1MUcO
2025-03-26 20:43:56,597 INFO v2.storage :: Storing Card 8EdazRgPwfxdiltp7NCjS
2025-03-26 20:43:56,598 INFO v2.storage :: Storing Card ShsD1PjGTlFIvzm5FM9qC
2025-03-26 20:43:56,599 INFO v2.storage :: Storing Card S-hEu1jZ2-822qvBQ1EiT
2025-03-26 20:43:56,601 INFO v2.storage :: Storing Card fKu0z-vEC1WwVv1Lu95jD
2025-03-26 20:43:56,602 INFO v2.storage :: Storing Card AXDOILGSNqoWoxV1NuvTt
2025-03-26 20:43:56,604 INFO v2.storage :: Storing Card kgAiQ87dLKJmTnOaTeVsc
2025-03-26 20:43:56,605 INFO v2.storage :: Storing Card ucI5e9_FdTQF-1i7RdtIX
2025-03-26 20:43:56,607 INFO v2.storage :: Storing Card fdkSuB8zWEbjEq_vWMaI-
2025-03-26 20:43:56,608 INFO v2.storage :: Storing Card A5pNCrrWtf2bVka2vXVLx
2025-03-26 20:43:56,609 INFO v2.storage :: Storing Card g7G9X1p0na--gwNCUL75j
2025-03-26 20:43:56,610 INFO v2.storage :: Storing Card HSVx57QxslVTGbo1_XS4G
2025-03-26 20:43:56,611 INFO v2.storage :: Storing Card leO-OHTwIMltfpcLLOJxj
2025-03-26 20:43:56,612 INFO v2.storage :: Storing Card dzFHc6awtpZCSn9-wscNQ
2025-03-26 20:43:56,613 INFO v2.storage :: Storing Card c5m4bxKyi7GEa1sML-wpu
2025-03-26 20:43:56,615 INFO v2.storage :: Storing Card T9OjH7_py-tNsyPb4O8yC
2025-03-26 20:43:56,616 INFO v2.storage :: Storing Card IEp2LZKY_aJMpchBacdjP
2025-03-26 20:43:56,617 INFO v2.storage :: Storing Card 8MovkFBA00WFOq2v5BzfB
2025-03-26 20:43:56,618 INFO v2.storage :: Storing Card yBoV-iHmFUrY9xqB0v9Pg
2025-03-26 20:43:56,619 INFO v2.storage :: Storing Card BQAQ6YNiUIMfmAPLpSKQW
2025-03-26 20:43:56,620 INFO v2.storage :: Storing Card lY4hbjNofxepxQGRhJa0s
2025-03-26 20:43:56,622 INFO v2.storage :: Storing Card oShRjudlgUvJRezvGTQTD
2025-03-26 20:43:56,623 INFO v2.storage :: Storing Card hjNoawcRfsDrC32g7LSOE
2025-03-26 20:43:56,625 INFO v2.storage :: Storing Card rqxxsDv8zhSBXgJmVjyWa
2025-03-26 20:43:56,626 INFO v2.storage :: Storing Card qj0jT7SXwEUezz1wSjtaZ
2025-03-26 20:43:56,626 INFO v2.storage :: Storing Card nhFZBIIZA_KnK6RuLp36z
2025-03-26 20:43:56,627 INFO v2.storage :: Storing Card 1aVGgD6-onGIPUeWCLiMA
2025-03-26 20:43:56,628 INFO v2.storage :: Storing Card f9RqS8HspKvcsGEH24_Af
2025-03-26 20:43:56,629 INFO v2.storage :: Storing Card BP4o72CSvPOTLe5Nk6twf
2025-03-26 20:43:56,630 INFO v2.storage :: Storing Card hBnes5i3LGSYZeoGIYwvm
2025-03-26 20:43:56,631 INFO v2.storage :: Storing Card t1rQijQdCIZoQI6bhwBEG
2025-03-26 20:43:56,632 INFO v2.storage :: Storing Card avC199ZiYvp1aIWdejfFf
2025-03-26 20:43:56,634 INFO v2.storage :: Storing Card evd6f3MoDUtTNsoXHwu0T
2025-03-26 20:43:56,635 INFO v2.storage :: Storing Card Bkb4GEr5dH2_LbDOKhObR
2025-03-26 20:43:56,635 INFO v2.storage :: Storing Card NdqehUq98ebQ4H_-1d9v3
2025-03-26 20:43:56,637 INFO v2.storage :: Storing Card d3KPtMfbe0IIK0MDrHTNn
2025-03-26 20:43:56,638 INFO v2.storage :: Storing Card -mfPjg0QOoIKbqJS0SYne
2025-03-26 20:43:56,639 INFO v2.storage :: Storing Card P-shWkp5lozD2nuo5xusW
2025-03-26 20:43:56,640 INFO v2.storage :: Storing Card wd1PEi_Z217Gr-ceeZSNj
2025-03-26 20:43:56,641 INFO v2.storage :: Storing Card cO53DQ6k0DueW5Aglwp7Y
2025-03-26 20:43:56,643 INFO v2.storage :: Storing Card OouzOUPGIjf6zXJsSDe0f
2025-03-26 20:43:56,644 INFO v2.storage :: Storing Card DDT6zuq6O7bsnw1UEWtQQ
2025-03-26 20:43:56,645 INFO v2.storage :: Storing Card -BcEE22ptXyDOgUNRqyct
2025-03-26 20:43:56,646 INFO v2.storage :: Storing Card dsZMohGmK4P7eQRBdLFmb
2025-03-26 20:43:56,647 INFO v2.storage :: Storing Card fPYpb3KcV2TJZLRw-L841
2025-03-26 20:43:56,648 INFO v2.storage :: Storing Card KMq74J_Gh78vIimczx0LH
2025-03-26 20:43:56,649 INFO v2.storage :: Storing Card QEYx_MJGL2QfUVw4FHKom
2025-03-26 20:43:56,650 INFO v2.storage :: Storing Card 1oOS0j-YDFAKdKpAI54U1
2025-03-26 20:43:56,651 INFO v2.storage :: Storing Card zdqbhcaieh1vn77knB85X
2025-03-26 20:43:56,651 INFO v2.storage :: Storing Card qYZmcKKFIOgWIC5ZBSdPV
2025-03-26 20:43:56,653 INFO v2.storage :: Storing Card 7AF9sAISQbcm6zGpI7715
2025-03-26 20:43:56,655 INFO v2.storage :: Storing Card 3DBFwapkntRZUyxxG_Gda
2025-03-26 20:43:56,657 INFO v2.storage :: Storing Card YYBS29loMwQwt7rSfbhtD
2025-03-26 20:43:56,659 INFO v2.storage :: Storing Card j-GruBVLLifkj3CTTjc24
2025-03-26 20:43:56,661 INFO v2.storage :: Storing Card cYjeBKceYu-GatKtQoLjw
2025-03-26 20:43:56,662 INFO v2.storage :: Storing Card eRcERn2tkbvTQDGvQbah2
2025-03-26 20:43:56,664 INFO v2.storage :: Storing Card 8KojkFekI7MgGUoC_YVNT
2025-03-26 20:43:56,666 INFO v2.storage :: Storing Card I1vnPW8qcap-kt0MS9BRI
2025-03-26 20:43:56,668 INFO v2.storage :: Storing Card MZnrZb2Awy_NZ-cfdl4KI
2025-03-26 20:43:56,669 INFO v2.storage :: Storing Card pAbQlxzrz81lWMZhTI2yx
2025-03-26 20:43:56,671 INFO v2.storage :: Storing Card YsSba5spLpNinWBO8FU4v
2025-03-26 20:43:56,673 INFO v2.storage :: Storing Card jwY5i2xgVWtIfVwMmryJB
2025-03-26 20:43:56,675 INFO v2.storage :: Storing NativeQuerySnippet 5w5_JWozQqewpqsyWL-H1
2025-03-26 20:43:56,675 INFO v2.storage :: Storing Collection HyB3nRtqb7pBPhFG26evI
2025-03-26 20:43:56,676 INFO v2.storage :: Storing Collection 54O0IbgCzm290Nnxf1wRH
2025-03-26 20:43:56,677 INFO v2.storage :: Storing Collection rQ-sPivED6cgIo8oB6YRq
2025-03-26 20:43:56,677 INFO v2.storage :: Storing Collection uw5zZx8BdSWhEqw2SaaSP
2025-03-26 20:43:56,677 INFO v2.storage :: Storing Collection eUVIXSp_J3PFL5-hY4FrX
2025-03-26 20:43:56,678 INFO v2.storage :: Storing Collection 53YGAg4EE6MC76nxx-f5f
2025-03-26 20:43:56,678 INFO v2.storage :: Storing Collection GLRl7Ny7CKz1Ic-HGaBMT
2025-03-26 20:43:56,679 INFO v2.storage :: Storing Collection L93SUJ6YnPirW1irQLPTE
