2025-03-27 13:48:17,146 INFO models.serialization :: Extracting Dashboard 1 xBLdW9FsgRuB2HGhWiBa_
2025-03-27 13:48:17,588 INFO models.serialization :: Extracting Dashboard 11 DlK2jXoIHPXyVkEuo6Uy6
2025-03-27 13:48:17,964 INFO models.serialization :: Extracting Dashboard 12 eOytkPrbKeJQ4P5zN8dW4
2025-03-27 13:48:18,232 INFO models.serialization :: Extracting Card 1 _GiVL6zYmsnBb1oqLCp4u
2025-03-27 13:48:18,263 INFO models.serialization :: Extracting Card 2 jjO5LcBp8qNILJFiYZoVt
2025-03-27 13:48:18,276 INFO models.serialization :: Extracting Card 3 OJ-I03ZsQ7IBrzr29B_8o
2025-03-27 13:48:18,285 INFO models.serialization :: Extracting Card 4 WMub5k6vo0zGP24qXQFNu
2025-03-27 13:48:18,291 INFO models.serialization :: Extracting Card 5 Jxa0svP68DfXubV_wD3os
2025-03-27 13:48:18,322 INFO models.serialization :: Extracting Card 6 UUZZsw19IuPTqdhho99oc
2025-03-27 13:48:18,340 INFO models.serialization :: Extracting Card 7 RpKYsFwHfjcckbgj4oBKK
2025-03-27 13:48:18,352 INFO models.serialization :: Extracting Card 8 X8HNuB_i3j2uNFnsx3vQ0
2025-03-27 13:48:18,384 INFO models.serialization :: Extracting Card 9 skXR69-dlhJST5C7Rd9nR
2025-03-27 13:48:18,390 INFO models.serialization :: Extracting Card 10 km2d9-ZqHrlAM79yPh13G
2025-03-27 13:48:18,417 INFO models.serialization :: Extracting Card 11 9VE9Z6tAkyzO3GeQVXtin
2025-03-27 13:48:18,425 INFO models.serialization :: Extracting Card 12 VFCGVYPVtLzCtt4teeoW4
2025-03-27 13:48:18,437 INFO models.serialization :: Extracting Card 13 -6yAP_G1UZ7xZc4E65Tvy
2025-03-27 13:48:18,441 INFO models.serialization :: Extracting Card 14 C8V7Dszig-vuqn9TP0igc
2025-03-27 13:48:18,449 INFO models.serialization :: Extracting Card 15 D4o8cCTOY-SnxoYDRVWcO
2025-03-27 13:48:18,454 INFO models.serialization :: Extracting Card 16 qQ3JGGOxVC8mrOLwxpcR6
2025-03-27 13:48:18,461 INFO models.serialization :: Extracting Card 17 Ey2qt4I-wcg1E0846iUQS
2025-03-27 13:48:18,465 INFO models.serialization :: Extracting Card 18 byM0vLfOiM1zBI_t1MUcO
2025-03-27 13:48:18,484 INFO models.serialization :: Extracting Card 19 8EdazRgPwfxdiltp7NCjS
2025-03-27 13:48:18,488 INFO models.serialization :: Extracting Card 20 ShsD1PjGTlFIvzm5FM9qC
2025-03-27 13:48:18,513 INFO models.serialization :: Extracting Card 21 S-hEu1jZ2-822qvBQ1EiT
2025-03-27 13:48:18,520 INFO models.serialization :: Extracting Card 22 fKu0z-vEC1WwVv1Lu95jD
2025-03-27 13:48:18,525 INFO models.serialization :: Extracting Card 23 AXDOILGSNqoWoxV1NuvTt
2025-03-27 13:48:18,551 INFO models.serialization :: Extracting Card 24 kgAiQ87dLKJmTnOaTeVsc
2025-03-27 13:48:18,557 INFO models.serialization :: Extracting Card 25 ucI5e9_FdTQF-1i7RdtIX
2025-03-27 13:48:18,562 INFO models.serialization :: Extracting Card 26 fdkSuB8zWEbjEq_vWMaI-
2025-03-27 13:48:18,567 INFO models.serialization :: Extracting Card 27 A5pNCrrWtf2bVka2vXVLx
2025-03-27 13:48:18,571 INFO models.serialization :: Extracting Card 28 g7G9X1p0na--gwNCUL75j
2025-03-27 13:48:18,575 INFO models.serialization :: Extracting Card 29 HSVx57QxslVTGbo1_XS4G
2025-03-27 13:48:18,580 INFO models.serialization :: Extracting Card 30 leO-OHTwIMltfpcLLOJxj
2025-03-27 13:48:18,587 INFO models.serialization :: Extracting Card 31 dzFHc6awtpZCSn9-wscNQ
2025-03-27 13:48:18,592 INFO models.serialization :: Extracting Card 32 c5m4bxKyi7GEa1sML-wpu
2025-03-27 13:48:18,621 INFO models.serialization :: Extracting Card 33 T9OjH7_py-tNsyPb4O8yC
2025-03-27 13:48:18,632 INFO models.serialization :: Extracting Card 34 IEp2LZKY_aJMpchBacdjP
2025-03-27 13:48:18,637 INFO models.serialization :: Extracting Card 35 8MovkFBA00WFOq2v5BzfB
2025-03-27 13:48:18,643 INFO models.serialization :: Extracting Card 36 yBoV-iHmFUrY9xqB0v9Pg
2025-03-27 13:48:18,656 INFO models.serialization :: Extracting Card 37 BQAQ6YNiUIMfmAPLpSKQW
2025-03-27 13:48:18,663 INFO models.serialization :: Extracting Card 156 lY4hbjNofxepxQGRhJa0s
2025-03-27 13:48:18,674 INFO models.serialization :: Extracting Card 161 oShRjudlgUvJRezvGTQTD
2025-03-27 13:48:18,682 INFO models.serialization :: Extracting Card 162 hjNoawcRfsDrC32g7LSOE
2025-03-27 13:48:18,696 INFO models.serialization :: Extracting Card 163 rqxxsDv8zhSBXgJmVjyWa
2025-03-27 13:48:18,716 INFO models.serialization :: Extracting Card 164 qj0jT7SXwEUezz1wSjtaZ
2025-03-27 13:48:18,730 INFO models.serialization :: Extracting Card 165 nhFZBIIZA_KnK6RuLp36z
2025-03-27 13:48:18,737 INFO models.serialization :: Extracting Card 166 1aVGgD6-onGIPUeWCLiMA
2025-03-27 13:48:18,744 INFO models.serialization :: Extracting Card 167 f9RqS8HspKvcsGEH24_Af
2025-03-27 13:48:18,749 INFO models.serialization :: Extracting Card 168 BP4o72CSvPOTLe5Nk6twf
2025-03-27 13:48:18,758 INFO models.serialization :: Extracting Card 169 hBnes5i3LGSYZeoGIYwvm
2025-03-27 13:48:18,764 INFO models.serialization :: Extracting Card 170 t1rQijQdCIZoQI6bhwBEG
2025-03-27 13:48:18,772 INFO models.serialization :: Extracting Card 171 avC199ZiYvp1aIWdejfFf
2025-03-27 13:48:18,783 INFO models.serialization :: Extracting Card 172 evd6f3MoDUtTNsoXHwu0T
2025-03-27 13:48:18,790 INFO models.serialization :: Extracting Card 173 Bkb4GEr5dH2_LbDOKhObR
2025-03-27 13:48:18,800 INFO models.serialization :: Extracting Card 174 NdqehUq98ebQ4H_-1d9v3
2025-03-27 13:48:18,807 INFO models.serialization :: Extracting Card 175 d3KPtMfbe0IIK0MDrHTNn
2025-03-27 13:48:18,816 INFO models.serialization :: Extracting Card 176 -mfPjg0QOoIKbqJS0SYne
2025-03-27 13:48:18,825 INFO models.serialization :: Extracting Card 177 P-shWkp5lozD2nuo5xusW
2025-03-27 13:48:18,836 INFO models.serialization :: Extracting Card 178 wd1PEi_Z217Gr-ceeZSNj
2025-03-27 13:48:18,845 INFO models.serialization :: Extracting Card 179 cO53DQ6k0DueW5Aglwp7Y
2025-03-27 13:48:18,857 INFO models.serialization :: Extracting Card 180 OouzOUPGIjf6zXJsSDe0f
2025-03-27 13:48:18,868 INFO models.serialization :: Extracting Card 181 DDT6zuq6O7bsnw1UEWtQQ
2025-03-27 13:48:18,878 INFO models.serialization :: Extracting Card 182 -BcEE22ptXyDOgUNRqyct
2025-03-27 13:48:18,884 INFO models.serialization :: Extracting Card 183 dsZMohGmK4P7eQRBdLFmb
2025-03-27 13:48:18,891 INFO models.serialization :: Extracting Card 184 fPYpb3KcV2TJZLRw-L841
2025-03-27 13:48:18,897 INFO models.serialization :: Extracting Card 185 KMq74J_Gh78vIimczx0LH
2025-03-27 13:48:18,902 INFO models.serialization :: Extracting Card 157 QEYx_MJGL2QfUVw4FHKom
2025-03-27 13:48:18,911 INFO models.serialization :: Extracting Card 158 1oOS0j-YDFAKdKpAI54U1
2025-03-27 13:48:18,915 INFO models.serialization :: Extracting Card 159 zdqbhcaieh1vn77knB85X
2025-03-27 13:48:18,919 INFO models.serialization :: Extracting Card 160 qYZmcKKFIOgWIC5ZBSdPV
2025-03-27 13:48:18,939 INFO models.serialization :: Extracting Card 186 7AF9sAISQbcm6zGpI7715
2025-03-27 13:48:18,953 INFO models.serialization :: Extracting Card 187 3DBFwapkntRZUyxxG_Gda
2025-03-27 13:48:18,959 INFO models.serialization :: Extracting Card 188 YYBS29loMwQwt7rSfbhtD
2025-03-27 13:48:18,966 INFO models.serialization :: Extracting Card 189 j-GruBVLLifkj3CTTjc24
2025-03-27 13:48:18,971 INFO models.serialization :: Extracting Card 190 cYjeBKceYu-GatKtQoLjw
2025-03-27 13:48:18,978 INFO models.serialization :: Extracting Card 191 eRcERn2tkbvTQDGvQbah2
2025-03-27 13:48:18,984 INFO models.serialization :: Extracting Card 192 8KojkFekI7MgGUoC_YVNT
2025-03-27 13:48:18,989 INFO models.serialization :: Extracting Card 193 I1vnPW8qcap-kt0MS9BRI
2025-03-27 13:48:18,995 INFO models.serialization :: Extracting Card 194 MZnrZb2Awy_NZ-cfdl4KI
2025-03-27 13:48:19,002 INFO models.serialization :: Extracting Card 195 pAbQlxzrz81lWMZhTI2yx
2025-03-27 13:48:19,011 INFO models.serialization :: Extracting Card 196 YsSba5spLpNinWBO8FU4v
2025-03-27 13:48:19,018 INFO models.serialization :: Extracting Card 197 jwY5i2xgVWtIfVwMmryJB
2025-03-27 13:48:19,028 INFO models.serialization :: Extracting NativeQuerySnippet 2 5w5_JWozQqewpqsyWL-H1
2025-03-27 13:48:19,033 INFO models.serialization :: Extracting Collection 2 HyB3nRtqb7pBPhFG26evI
2025-03-27 13:48:19,034 INFO models.serialization :: Extracting Collection 3 54O0IbgCzm290Nnxf1wRH
2025-03-27 13:48:19,034 INFO models.serialization :: Extracting Collection 7 rQ-sPivED6cgIo8oB6YRq
2025-03-27 13:48:19,034 INFO models.serialization :: Extracting Collection 8 uw5zZx8BdSWhEqw2SaaSP
2025-03-27 13:48:19,037 INFO models.serialization :: Extracting Collection 9 eUVIXSp_J3PFL5-hY4FrX
2025-03-27 13:48:19,037 INFO models.serialization :: Extracting Collection 17 53YGAg4EE6MC76nxx-f5f
2025-03-27 13:48:19,038 INFO models.serialization :: Extracting Collection 18 GLRl7Ny7CKz1Ic-HGaBMT
2025-03-27 13:48:19,038 INFO models.serialization :: Extracting Collection 19 L93SUJ6YnPirW1irQLPTE
2025-03-27 13:48:19,038 INFO v2.storage :: Storing Dashboard xBLdW9FsgRuB2HGhWiBa_
2025-03-27 13:48:19,049 INFO v2.storage :: Storing Dashboard DlK2jXoIHPXyVkEuo6Uy6
2025-03-27 13:48:19,064 INFO v2.storage :: Storing Dashboard eOytkPrbKeJQ4P5zN8dW4
2025-03-27 13:48:19,072 INFO v2.storage :: Storing Card _GiVL6zYmsnBb1oqLCp4u
2025-03-27 13:48:19,075 INFO v2.storage :: Storing Card jjO5LcBp8qNILJFiYZoVt
2025-03-27 13:48:19,077 INFO v2.storage :: Storing Card OJ-I03ZsQ7IBrzr29B_8o
2025-03-27 13:48:19,080 INFO v2.storage :: Storing Card WMub5k6vo0zGP24qXQFNu
2025-03-27 13:48:19,081 INFO v2.storage :: Storing Card Jxa0svP68DfXubV_wD3os
2025-03-27 13:48:19,084 INFO v2.storage :: Storing Card UUZZsw19IuPTqdhho99oc
2025-03-27 13:48:19,085 INFO v2.storage :: Storing Card RpKYsFwHfjcckbgj4oBKK
2025-03-27 13:48:19,087 INFO v2.storage :: Storing Card X8HNuB_i3j2uNFnsx3vQ0
2025-03-27 13:48:19,090 INFO v2.storage :: Storing Card skXR69-dlhJST5C7Rd9nR
2025-03-27 13:48:19,091 INFO v2.storage :: Storing Card km2d9-ZqHrlAM79yPh13G
2025-03-27 13:48:19,094 INFO v2.storage :: Storing Card 9VE9Z6tAkyzO3GeQVXtin
2025-03-27 13:48:19,102 INFO v2.storage :: Storing Card VFCGVYPVtLzCtt4teeoW4
2025-03-27 13:48:19,106 INFO v2.storage :: Storing Card -6yAP_G1UZ7xZc4E65Tvy
2025-03-27 13:48:19,110 INFO v2.storage :: Storing Card C8V7Dszig-vuqn9TP0igc
2025-03-27 13:48:19,112 INFO v2.storage :: Storing Card D4o8cCTOY-SnxoYDRVWcO
2025-03-27 13:48:19,115 INFO v2.storage :: Storing Card qQ3JGGOxVC8mrOLwxpcR6
2025-03-27 13:48:19,117 INFO v2.storage :: Storing Card Ey2qt4I-wcg1E0846iUQS
2025-03-27 13:48:19,119 INFO v2.storage :: Storing Card byM0vLfOiM1zBI_t1MUcO
2025-03-27 13:48:19,121 INFO v2.storage :: Storing Card 8EdazRgPwfxdiltp7NCjS
2025-03-27 13:48:19,124 INFO v2.storage :: Storing Card ShsD1PjGTlFIvzm5FM9qC
2025-03-27 13:48:19,126 INFO v2.storage :: Storing Card S-hEu1jZ2-822qvBQ1EiT
2025-03-27 13:48:19,130 INFO v2.storage :: Storing Card fKu0z-vEC1WwVv1Lu95jD
2025-03-27 13:48:19,133 INFO v2.storage :: Storing Card AXDOILGSNqoWoxV1NuvTt
2025-03-27 13:48:19,139 INFO v2.storage :: Storing Card kgAiQ87dLKJmTnOaTeVsc
2025-03-27 13:48:19,141 INFO v2.storage :: Storing Card ucI5e9_FdTQF-1i7RdtIX
2025-03-27 13:48:19,149 INFO v2.storage :: Storing Card fdkSuB8zWEbjEq_vWMaI-
2025-03-27 13:48:19,151 INFO v2.storage :: Storing Card A5pNCrrWtf2bVka2vXVLx
2025-03-27 13:48:19,154 INFO v2.storage :: Storing Card g7G9X1p0na--gwNCUL75j
2025-03-27 13:48:19,156 INFO v2.storage :: Storing Card HSVx57QxslVTGbo1_XS4G
2025-03-27 13:48:19,160 INFO v2.storage :: Storing Card leO-OHTwIMltfpcLLOJxj
2025-03-27 13:48:19,164 INFO v2.storage :: Storing Card dzFHc6awtpZCSn9-wscNQ
2025-03-27 13:48:19,171 INFO v2.storage :: Storing Card c5m4bxKyi7GEa1sML-wpu
2025-03-27 13:48:19,173 INFO v2.storage :: Storing Card T9OjH7_py-tNsyPb4O8yC
2025-03-27 13:48:19,175 INFO v2.storage :: Storing Card IEp2LZKY_aJMpchBacdjP
2025-03-27 13:48:19,177 INFO v2.storage :: Storing Card 8MovkFBA00WFOq2v5BzfB
2025-03-27 13:48:19,178 INFO v2.storage :: Storing Card yBoV-iHmFUrY9xqB0v9Pg
2025-03-27 13:48:19,180 INFO v2.storage :: Storing Card BQAQ6YNiUIMfmAPLpSKQW
2025-03-27 13:48:19,181 INFO v2.storage :: Storing Card lY4hbjNofxepxQGRhJa0s
2025-03-27 13:48:19,184 INFO v2.storage :: Storing Card oShRjudlgUvJRezvGTQTD
2025-03-27 13:48:19,186 INFO v2.storage :: Storing Card hjNoawcRfsDrC32g7LSOE
2025-03-27 13:48:19,188 INFO v2.storage :: Storing Card rqxxsDv8zhSBXgJmVjyWa
2025-03-27 13:48:19,190 INFO v2.storage :: Storing Card qj0jT7SXwEUezz1wSjtaZ
2025-03-27 13:48:19,191 INFO v2.storage :: Storing Card nhFZBIIZA_KnK6RuLp36z
2025-03-27 13:48:19,192 INFO v2.storage :: Storing Card 1aVGgD6-onGIPUeWCLiMA
2025-03-27 13:48:19,193 INFO v2.storage :: Storing Card f9RqS8HspKvcsGEH24_Af
2025-03-27 13:48:19,194 INFO v2.storage :: Storing Card BP4o72CSvPOTLe5Nk6twf
2025-03-27 13:48:19,196 INFO v2.storage :: Storing Card hBnes5i3LGSYZeoGIYwvm
2025-03-27 13:48:19,197 INFO v2.storage :: Storing Card t1rQijQdCIZoQI6bhwBEG
2025-03-27 13:48:19,199 INFO v2.storage :: Storing Card avC199ZiYvp1aIWdejfFf
2025-03-27 13:48:19,200 INFO v2.storage :: Storing Card evd6f3MoDUtTNsoXHwu0T
2025-03-27 13:48:19,202 INFO v2.storage :: Storing Card Bkb4GEr5dH2_LbDOKhObR
2025-03-27 13:48:19,203 INFO v2.storage :: Storing Card NdqehUq98ebQ4H_-1d9v3
2025-03-27 13:48:19,204 INFO v2.storage :: Storing Card d3KPtMfbe0IIK0MDrHTNn
2025-03-27 13:48:19,206 INFO v2.storage :: Storing Card -mfPjg0QOoIKbqJS0SYne
2025-03-27 13:48:19,207 INFO v2.storage :: Storing Card P-shWkp5lozD2nuo5xusW
2025-03-27 13:48:19,209 INFO v2.storage :: Storing Card wd1PEi_Z217Gr-ceeZSNj
2025-03-27 13:48:19,210 INFO v2.storage :: Storing Card cO53DQ6k0DueW5Aglwp7Y
2025-03-27 13:48:19,213 INFO v2.storage :: Storing Card OouzOUPGIjf6zXJsSDe0f
2025-03-27 13:48:19,214 INFO v2.storage :: Storing Card DDT6zuq6O7bsnw1UEWtQQ
2025-03-27 13:48:19,216 INFO v2.storage :: Storing Card -BcEE22ptXyDOgUNRqyct
2025-03-27 13:48:19,217 INFO v2.storage :: Storing Card dsZMohGmK4P7eQRBdLFmb
2025-03-27 13:48:19,218 INFO v2.storage :: Storing Card fPYpb3KcV2TJZLRw-L841
2025-03-27 13:48:19,219 INFO v2.storage :: Storing Card KMq74J_Gh78vIimczx0LH
2025-03-27 13:48:19,221 INFO v2.storage :: Storing Card QEYx_MJGL2QfUVw4FHKom
2025-03-27 13:48:19,221 INFO v2.storage :: Storing Card 1oOS0j-YDFAKdKpAI54U1
2025-03-27 13:48:19,222 INFO v2.storage :: Storing Card zdqbhcaieh1vn77knB85X
2025-03-27 13:48:19,223 INFO v2.storage :: Storing Card qYZmcKKFIOgWIC5ZBSdPV
2025-03-27 13:48:19,225 INFO v2.storage :: Storing Card 7AF9sAISQbcm6zGpI7715
2025-03-27 13:48:19,228 INFO v2.storage :: Storing Card 3DBFwapkntRZUyxxG_Gda
2025-03-27 13:48:19,231 INFO v2.storage :: Storing Card YYBS29loMwQwt7rSfbhtD
2025-03-27 13:48:19,233 INFO v2.storage :: Storing Card j-GruBVLLifkj3CTTjc24
2025-03-27 13:48:19,234 INFO v2.storage :: Storing Card cYjeBKceYu-GatKtQoLjw
2025-03-27 13:48:19,237 INFO v2.storage :: Storing Card eRcERn2tkbvTQDGvQbah2
2025-03-27 13:48:19,238 INFO v2.storage :: Storing Card 8KojkFekI7MgGUoC_YVNT
2025-03-27 13:48:19,240 INFO v2.storage :: Storing Card I1vnPW8qcap-kt0MS9BRI
2025-03-27 13:48:19,243 INFO v2.storage :: Storing Card MZnrZb2Awy_NZ-cfdl4KI
2025-03-27 13:48:19,245 INFO v2.storage :: Storing Card pAbQlxzrz81lWMZhTI2yx
2025-03-27 13:48:19,247 INFO v2.storage :: Storing Card YsSba5spLpNinWBO8FU4v
2025-03-27 13:48:19,249 INFO v2.storage :: Storing Card jwY5i2xgVWtIfVwMmryJB
2025-03-27 13:48:19,251 INFO v2.storage :: Storing NativeQuerySnippet 5w5_JWozQqewpqsyWL-H1
2025-03-27 13:48:19,252 INFO v2.storage :: Storing Collection HyB3nRtqb7pBPhFG26evI
2025-03-27 13:48:19,252 INFO v2.storage :: Storing Collection 54O0IbgCzm290Nnxf1wRH
2025-03-27 13:48:19,253 INFO v2.storage :: Storing Collection rQ-sPivED6cgIo8oB6YRq
2025-03-27 13:48:19,253 INFO v2.storage :: Storing Collection uw5zZx8BdSWhEqw2SaaSP
2025-03-27 13:48:19,254 INFO v2.storage :: Storing Collection eUVIXSp_J3PFL5-hY4FrX
2025-03-27 13:48:19,255 INFO v2.storage :: Storing Collection 53YGAg4EE6MC76nxx-f5f
2025-03-27 13:48:19,255 INFO v2.storage :: Storing Collection GLRl7Ny7CKz1Ic-HGaBMT
2025-03-27 13:48:19,256 INFO v2.storage :: Storing Collection L93SUJ6YnPirW1irQLPTE
