2025-03-24 20:13:27,153 INFO models.serialization :: Extracting Dashboard 10 eOytkPrbKeJQ4P5zN8dW4
2025-03-24 20:13:27,356 INFO models.serialization :: Extracting Card 110 eRcERn2tkbvTQDGvQbah2
2025-03-24 20:13:27,368 INFO models.serialization :: Extracting Card 111 pAbQlxzrz81lWMZhTI2yx
2025-03-24 20:13:27,374 INFO models.serialization :: Extracting Card 112 zdqbhcaieh1vn77knB85X
2025-03-24 20:13:27,378 INFO models.serialization :: Extracting Card 113 QEYx_MJGL2QfUVw4FHKom
2025-03-24 20:13:27,382 INFO models.serialization :: Extracting Card 114 j-GruBVLLifkj3CTTjc24
2025-03-24 20:13:27,395 INFO models.serialization :: Extracting Card 115 1oOS0j-YDFAKdKpAI54U1
2025-03-24 20:13:27,400 INFO models.serialization :: Extracting Card 116 YYBS29loMwQwt7rSfbhtD
2025-03-24 20:13:27,405 INFO models.serialization :: Extracting Card 117 YsSba5spLpNinWBO8FU4v
2025-03-24 20:13:27,411 INFO models.serialization :: Extracting Card 118 jwY5i2xgVWtIfVwMmryJB
2025-03-24 20:13:27,419 INFO models.serialization :: Extracting Card 119 7AF9sAISQbcm6zGpI7715
2025-03-24 20:13:27,423 INFO models.serialization :: Extracting Card 120 I1vnPW8qcap-kt0MS9BRI
2025-03-24 20:13:27,427 INFO models.serialization :: Extracting Card 121 8KojkFekI7MgGUoC_YVNT
2025-03-24 20:13:27,431 INFO models.serialization :: Extracting Card 122 3DBFwapkntRZUyxxG_Gda
2025-03-24 20:13:27,436 INFO models.serialization :: Extracting Card 123 qYZmcKKFIOgWIC5ZBSdPV
2025-03-24 20:13:27,440 INFO models.serialization :: Extracting Card 124 MZnrZb2Awy_NZ-cfdl4KI
2025-03-24 20:13:27,444 INFO models.serialization :: Extracting Card 125 cYjeBKceYu-GatKtQoLjw
2025-03-24 20:13:27,450 INFO models.serialization :: Extracting Collection 7 rQ-sPivED6cgIo8oB6YRq
2025-03-24 20:13:27,451 INFO models.serialization :: Extracting Collection 8 uw5zZx8BdSWhEqw2SaaSP
2025-03-24 20:13:27,452 INFO models.serialization :: Extracting Collection 9 GLRl7Ny7CKz1Ic-HGaBMT
2025-03-24 20:13:27,453 INFO models.serialization :: Extracting Collection 10 eUVIXSp_J3PFL5-hY4FrX
2025-03-24 20:13:27,453 INFO v2.storage :: Storing Dashboard eOytkPrbKeJQ4P5zN8dW4
2025-03-24 20:13:27,468 INFO v2.storage :: Storing Card eRcERn2tkbvTQDGvQbah2
2025-03-24 20:13:27,471 INFO v2.storage :: Storing Card pAbQlxzrz81lWMZhTI2yx
2025-03-24 20:13:27,474 INFO v2.storage :: Storing Card zdqbhcaieh1vn77knB85X
2025-03-24 20:13:27,475 INFO v2.storage :: Storing Card QEYx_MJGL2QfUVw4FHKom
2025-03-24 20:13:27,477 INFO v2.storage :: Storing Card j-GruBVLLifkj3CTTjc24
2025-03-24 20:13:27,480 INFO v2.storage :: Storing Card 1oOS0j-YDFAKdKpAI54U1
2025-03-24 20:13:27,482 INFO v2.storage :: Storing Card YYBS29loMwQwt7rSfbhtD
2025-03-24 20:13:27,486 INFO v2.storage :: Storing Card YsSba5spLpNinWBO8FU4v
2025-03-24 20:13:27,489 INFO v2.storage :: Storing Card jwY5i2xgVWtIfVwMmryJB
2025-03-24 20:13:27,492 INFO v2.storage :: Storing Card 7AF9sAISQbcm6zGpI7715
2025-03-24 20:13:27,495 INFO v2.storage :: Storing Card I1vnPW8qcap-kt0MS9BRI
2025-03-24 20:13:27,502 INFO v2.storage :: Storing Card 8KojkFekI7MgGUoC_YVNT
2025-03-24 20:13:27,512 INFO v2.storage :: Storing Card 3DBFwapkntRZUyxxG_Gda
2025-03-24 20:13:27,523 INFO v2.storage :: Storing Card qYZmcKKFIOgWIC5ZBSdPV
2025-03-24 20:13:27,528 INFO v2.storage :: Storing Card MZnrZb2Awy_NZ-cfdl4KI
2025-03-24 20:13:27,532 INFO v2.storage :: Storing Card cYjeBKceYu-GatKtQoLjw
2025-03-24 20:13:27,536 INFO v2.storage :: Storing Collection rQ-sPivED6cgIo8oB6YRq
2025-03-24 20:13:27,537 INFO v2.storage :: Storing Collection uw5zZx8BdSWhEqw2SaaSP
2025-03-24 20:13:27,538 INFO v2.storage :: Storing Collection GLRl7Ny7CKz1Ic-HGaBMT
2025-03-24 20:13:27,540 INFO v2.storage :: Storing Collection eUVIXSp_J3PFL5-hY4FrX
